[0.784s] DEBUG:colcon:Command line arguments: ['/usr/bin/colcon', 'build', '--packages-select', 'bt_plansys_turtlebot']
[0.784s] DEBUG:colcon:Parsed command line arguments: Namespace(log_base=None, log_level=None, verb_name='build', build_base='build', install_base='install', merge_install=False, symlink_install=False, test_result_base=None, continue_on_error=False, executor='parallel', parallel_workers=12, event_handlers=None, ignore_user_meta=False, metas=['./colcon.meta'], base_paths=['.'], packages_ignore=None, packages_ignore_regex=None, paths=None, packages_up_to=None, packages_up_to_regex=None, packages_above=None, packages_above_and_dependencies=None, packages_above_depth=None, packages_select_by_dep=None, packages_skip_by_dep=None, packages_skip_up_to=None, packages_select_build_failed=False, packages_skip_build_finished=False, packages_select_test_failures=False, packages_skip_test_passed=False, packages_select=['bt_plansys_turtlebot'], packages_skip=None, packages_select_regex=None, packages_skip_regex=None, packages_start=None, packages_end=None, allow_overriding=[], cmake_args=None, cmake_target=None, cmake_target_skip_unavailable=False, cmake_clean_cache=False, cmake_clean_first=False, cmake_force_configure=False, ament_cmake_args=None, catkin_cmake_args=None, catkin_skip_building_tests=False, verb_parser=<colcon_defaults.argument_parser.defaults.DefaultArgumentsDecorator object at 0x7fcd30ab9870>, verb_extension=<colcon_core.verb.build.BuildVerb object at 0x7fcd30abaad0>, main=<bound method BuildVerb.main of <colcon_core.verb.build.BuildVerb object at 0x7fcd30abaad0>>)
[0.818s] Level 1:colcon.colcon_core.package_discovery:discover_packages(colcon_meta) check parameters
[0.818s] Level 1:colcon.colcon_core.package_discovery:discover_packages(recursive) check parameters
[0.818s] Level 1:colcon.colcon_core.package_discovery:discover_packages(ignore) check parameters
[0.818s] Level 1:colcon.colcon_core.package_discovery:discover_packages(path) check parameters
[0.818s] Level 1:colcon.colcon_core.package_discovery:discover_packages(colcon_meta) discover
[0.818s] Level 1:colcon.colcon_core.package_discovery:discover_packages(recursive) discover
[0.818s] INFO:colcon.colcon_core.package_discovery:Crawling recursively for packages in '/home/stinky/Documents/semantic-robot/ros2_ws'
[0.818s] Level 1:colcon.colcon_core.package_identification:_identify(.) by extensions ['ignore', 'ignore_ament_install']
[0.818s] Level 1:colcon.colcon_core.package_identification:_identify(.) by extension 'ignore'
[0.818s] Level 1:colcon.colcon_core.package_identification:_identify(.) by extension 'ignore_ament_install'
[0.818s] Level 1:colcon.colcon_core.package_identification:_identify(.) by extensions ['colcon_pkg']
[0.818s] Level 1:colcon.colcon_core.package_identification:_identify(.) by extension 'colcon_pkg'
[0.818s] Level 1:colcon.colcon_core.package_identification:_identify(.) by extensions ['colcon_meta']
[0.818s] Level 1:colcon.colcon_core.package_identification:_identify(.) by extension 'colcon_meta'
[0.818s] Level 1:colcon.colcon_core.package_identification:_identify(.) by extensions ['ros']
[0.818s] Level 1:colcon.colcon_core.package_identification:_identify(.) by extension 'ros'
[0.825s] Level 1:colcon.colcon_core.package_identification:_identify(.) by extensions ['cmake', 'python']
[0.825s] Level 1:colcon.colcon_core.package_identification:_identify(.) by extension 'cmake'
[0.825s] Level 1:colcon.colcon_core.package_identification:_identify(.) by extension 'python'
[0.825s] Level 1:colcon.colcon_core.package_identification:_identify(.) by extensions ['python_setup_py']
[0.825s] Level 1:colcon.colcon_core.package_identification:_identify(.) by extension 'python_setup_py'
[0.825s] Level 1:colcon.colcon_core.package_identification:_identify(build) by extensions ['ignore', 'ignore_ament_install']
[0.825s] Level 1:colcon.colcon_core.package_identification:_identify(build) by extension 'ignore'
[0.825s] Level 1:colcon.colcon_core.package_identification:_identify(build) ignored
[0.825s] Level 1:colcon.colcon_core.package_identification:_identify(install) by extensions ['ignore', 'ignore_ament_install']
[0.826s] Level 1:colcon.colcon_core.package_identification:_identify(install) by extension 'ignore'
[0.826s] Level 1:colcon.colcon_core.package_identification:_identify(install) ignored
[0.826s] Level 1:colcon.colcon_core.package_identification:_identify(log) by extensions ['ignore', 'ignore_ament_install']
[0.826s] Level 1:colcon.colcon_core.package_identification:_identify(log) by extension 'ignore'
[0.826s] Level 1:colcon.colcon_core.package_identification:_identify(log) ignored
[0.826s] Level 1:colcon.colcon_core.package_identification:_identify(src) by extensions ['ignore', 'ignore_ament_install']
[0.826s] Level 1:colcon.colcon_core.package_identification:_identify(src) by extension 'ignore'
[0.826s] Level 1:colcon.colcon_core.package_identification:_identify(src) by extension 'ignore_ament_install'
[0.826s] Level 1:colcon.colcon_core.package_identification:_identify(src) by extensions ['colcon_pkg']
[0.826s] Level 1:colcon.colcon_core.package_identification:_identify(src) by extension 'colcon_pkg'
[0.826s] Level 1:colcon.colcon_core.package_identification:_identify(src) by extensions ['colcon_meta']
[0.826s] Level 1:colcon.colcon_core.package_identification:_identify(src) by extension 'colcon_meta'
[0.826s] Level 1:colcon.colcon_core.package_identification:_identify(src) by extensions ['ros']
[0.826s] Level 1:colcon.colcon_core.package_identification:_identify(src) by extension 'ros'
[0.826s] Level 1:colcon.colcon_core.package_identification:_identify(src) by extensions ['cmake', 'python']
[0.826s] Level 1:colcon.colcon_core.package_identification:_identify(src) by extension 'cmake'
[0.826s] Level 1:colcon.colcon_core.package_identification:_identify(src) by extension 'python'
[0.826s] Level 1:colcon.colcon_core.package_identification:_identify(src) by extensions ['python_setup_py']
[0.826s] Level 1:colcon.colcon_core.package_identification:_identify(src) by extension 'python_setup_py'
[0.826s] Level 1:colcon.colcon_core.package_identification:_identify(src/behaviortree_cpp) by extensions ['ignore', 'ignore_ament_install']
[0.826s] Level 1:colcon.colcon_core.package_identification:_identify(src/behaviortree_cpp) by extension 'ignore'
[0.826s] Level 1:colcon.colcon_core.package_identification:_identify(src/behaviortree_cpp) by extension 'ignore_ament_install'
[0.826s] Level 1:colcon.colcon_core.package_identification:_identify(src/behaviortree_cpp) by extensions ['colcon_pkg']
[0.826s] Level 1:colcon.colcon_core.package_identification:_identify(src/behaviortree_cpp) by extension 'colcon_pkg'
[0.826s] Level 1:colcon.colcon_core.package_identification:_identify(src/behaviortree_cpp) by extensions ['colcon_meta']
[0.826s] Level 1:colcon.colcon_core.package_identification:_identify(src/behaviortree_cpp) by extension 'colcon_meta'
[0.827s] Level 1:colcon.colcon_core.package_identification:_identify(src/behaviortree_cpp) by extensions ['ros']
[0.827s] Level 1:colcon.colcon_core.package_identification:_identify(src/behaviortree_cpp) by extension 'ros'
[0.831s] DEBUG:colcon.colcon_core.package_identification:Package 'src/behaviortree_cpp' with type 'ros.ament_cmake' and name 'behaviortree_cpp'
[0.831s] Level 1:colcon.colcon_core.package_identification:_identify(src/bt_plansys_turtlebot) by extensions ['ignore', 'ignore_ament_install']
[0.831s] Level 1:colcon.colcon_core.package_identification:_identify(src/bt_plansys_turtlebot) by extension 'ignore'
[0.831s] Level 1:colcon.colcon_core.package_identification:_identify(src/bt_plansys_turtlebot) by extension 'ignore_ament_install'
[0.831s] Level 1:colcon.colcon_core.package_identification:_identify(src/bt_plansys_turtlebot) by extensions ['colcon_pkg']
[0.831s] Level 1:colcon.colcon_core.package_identification:_identify(src/bt_plansys_turtlebot) by extension 'colcon_pkg'
[0.831s] Level 1:colcon.colcon_core.package_identification:_identify(src/bt_plansys_turtlebot) by extensions ['colcon_meta']
[0.831s] Level 1:colcon.colcon_core.package_identification:_identify(src/bt_plansys_turtlebot) by extension 'colcon_meta'
[0.831s] Level 1:colcon.colcon_core.package_identification:_identify(src/bt_plansys_turtlebot) by extensions ['ros']
[0.831s] Level 1:colcon.colcon_core.package_identification:_identify(src/bt_plansys_turtlebot) by extension 'ros'
[0.832s] DEBUG:colcon.colcon_core.package_identification:Package 'src/bt_plansys_turtlebot' with type 'ros.ament_cmake' and name 'bt_plansys_turtlebot'
[0.832s] Level 1:colcon.colcon_core.package_discovery:discover_packages(recursive) using defaults
[0.832s] Level 1:colcon.colcon_core.package_discovery:discover_packages(ignore) discover
[0.832s] Level 1:colcon.colcon_core.package_discovery:discover_packages(ignore) using defaults
[0.832s] Level 1:colcon.colcon_core.package_discovery:discover_packages(path) discover
[0.832s] Level 1:colcon.colcon_core.package_discovery:discover_packages(path) using defaults
[0.879s] INFO:colcon.colcon_core.package_selection:Skipping not selected package 'behaviortree_cpp' in 'src/behaviortree_cpp'
[0.902s] Level 1:colcon.colcon_core.package_discovery:discover_packages(prefix_path) check parameters
[0.902s] Level 1:colcon.colcon_core.package_discovery:discover_packages(prefix_path) discover
[0.932s] DEBUG:colcon.colcon_installed_package_information.package_discovery:Found 2 installed packages in /home/stinky/Documents/semantic-robot/ros2_ws/install
[0.944s] DEBUG:colcon.colcon_installed_package_information.package_discovery:Found 6 installed packages in /home/stinky/Documents/plansys2_ws/install
[0.955s] DEBUG:colcon.colcon_installed_package_information.package_discovery:Found 3 installed packages in /home/stinky/Documents/ros2_ws/install
[0.968s] DEBUG:colcon.colcon_installed_package_information.package_discovery:Found 422 installed packages in /opt/ros/humble
[0.969s] Level 1:colcon.colcon_core.package_discovery:discover_packages(prefix_path) using defaults
[1.046s] Level 5:colcon.colcon_core.verb:set package 'bt_plansys_turtlebot' build argument 'cmake_args' from command line to 'None'
[1.046s] Level 5:colcon.colcon_core.verb:set package 'bt_plansys_turtlebot' build argument 'cmake_target' from command line to 'None'
[1.046s] Level 5:colcon.colcon_core.verb:set package 'bt_plansys_turtlebot' build argument 'cmake_target_skip_unavailable' from command line to 'False'
[1.046s] Level 5:colcon.colcon_core.verb:set package 'bt_plansys_turtlebot' build argument 'cmake_clean_cache' from command line to 'False'
[1.046s] Level 5:colcon.colcon_core.verb:set package 'bt_plansys_turtlebot' build argument 'cmake_clean_first' from command line to 'False'
[1.046s] Level 5:colcon.colcon_core.verb:set package 'bt_plansys_turtlebot' build argument 'cmake_force_configure' from command line to 'False'
[1.046s] Level 5:colcon.colcon_core.verb:set package 'bt_plansys_turtlebot' build argument 'ament_cmake_args' from command line to 'None'
[1.046s] Level 5:colcon.colcon_core.verb:set package 'bt_plansys_turtlebot' build argument 'catkin_cmake_args' from command line to 'None'
[1.046s] Level 5:colcon.colcon_core.verb:set package 'bt_plansys_turtlebot' build argument 'catkin_skip_building_tests' from command line to 'False'
[1.046s] DEBUG:colcon.colcon_core.verb:Building package 'bt_plansys_turtlebot' with the following arguments: {'ament_cmake_args': None, 'build_base': '/home/stinky/Documents/semantic-robot/ros2_ws/build/bt_plansys_turtlebot', 'catkin_cmake_args': None, 'catkin_skip_building_tests': False, 'cmake_args': None, 'cmake_clean_cache': False, 'cmake_clean_first': False, 'cmake_force_configure': False, 'cmake_target': None, 'cmake_target_skip_unavailable': False, 'install_base': '/home/stinky/Documents/semantic-robot/ros2_ws/install/bt_plansys_turtlebot', 'merge_install': False, 'path': '/home/stinky/Documents/semantic-robot/ros2_ws/src/bt_plansys_turtlebot', 'symlink_install': False, 'test_result_base': None}
[1.058s] INFO:colcon.colcon_core.executor:Executing jobs using 'parallel' executor
[1.069s] DEBUG:colcon.colcon_parallel_executor.executor.parallel:run_until_complete
[1.070s] INFO:colcon.colcon_ros.task.ament_cmake.build:Building ROS package in '/home/stinky/Documents/semantic-robot/ros2_ws/src/bt_plansys_turtlebot' with build type 'ament_cmake'
[1.070s] INFO:colcon.colcon_cmake.task.cmake.build:Building CMake package in '/home/stinky/Documents/semantic-robot/ros2_ws/src/bt_plansys_turtlebot'
[1.083s] INFO:colcon.colcon_core.plugin_system:Skipping extension 'colcon_core.shell.bat': Not used on non-Windows systems
[1.083s] INFO:colcon.colcon_core.shell:Skip shell extension 'powershell' for command environment: Not usable outside of PowerShell
[1.083s] DEBUG:colcon.colcon_core.shell:Skip shell extension 'dsv' for command environment
[1.149s] DEBUG:colcon.colcon_core.event_handler.log_command:Invoking command in '/home/stinky/Documents/semantic-robot/ros2_ws/build/bt_plansys_turtlebot': CMAKE_PREFIX_PATH=${CMAKE_PREFIX_PATH}:/opt/ros/humble /usr/bin/cmake --build /home/stinky/Documents/semantic-robot/ros2_ws/build/bt_plansys_turtlebot -- -j12 -l12
[3.318s] DEBUG:colcon.colcon_core.event_handler.log_command:Invoked command in '/home/stinky/Documents/semantic-robot/ros2_ws/build/bt_plansys_turtlebot' returned '2': CMAKE_PREFIX_PATH=${CMAKE_PREFIX_PATH}:/opt/ros/humble /usr/bin/cmake --build /home/stinky/Documents/semantic-robot/ros2_ws/build/bt_plansys_turtlebot -- -j12 -l12
[3.369s] Level 1:colcon.colcon_core.environment:create_environment_scripts_only(bt_plansys_turtlebot)
[3.383s] Level 1:colcon.colcon_core.environment:checking '/home/stinky/Documents/semantic-robot/ros2_ws/install/bt_plansys_turtlebot' for CMake module files
[3.383s] Level 1:colcon.colcon_core.environment:checking '/home/stinky/Documents/semantic-robot/ros2_ws/install/bt_plansys_turtlebot' for CMake config files
[3.383s] Level 1:colcon.colcon_core.shell:create_environment_hook('bt_plansys_turtlebot', 'cmake_prefix_path')
[3.395s] INFO:colcon.colcon_core.shell:Creating environment hook '/home/stinky/Documents/semantic-robot/ros2_ws/install/bt_plansys_turtlebot/share/bt_plansys_turtlebot/hook/cmake_prefix_path.ps1'
[3.396s] INFO:colcon.colcon_core.shell:Creating environment descriptor '/home/stinky/Documents/semantic-robot/ros2_ws/install/bt_plansys_turtlebot/share/bt_plansys_turtlebot/hook/cmake_prefix_path.dsv'
[3.396s] INFO:colcon.colcon_core.shell:Creating environment hook '/home/stinky/Documents/semantic-robot/ros2_ws/install/bt_plansys_turtlebot/share/bt_plansys_turtlebot/hook/cmake_prefix_path.sh'
[3.396s] Level 1:colcon.colcon_core.environment:checking '/home/stinky/Documents/semantic-robot/ros2_ws/install/bt_plansys_turtlebot/lib'
[3.397s] Level 1:colcon.colcon_core.shell:create_environment_hook('bt_plansys_turtlebot', 'ld_library_path_lib')
[3.408s] INFO:colcon.colcon_core.shell:Creating environment hook '/home/stinky/Documents/semantic-robot/ros2_ws/install/bt_plansys_turtlebot/share/bt_plansys_turtlebot/hook/ld_library_path_lib.ps1'
[3.409s] INFO:colcon.colcon_core.shell:Creating environment descriptor '/home/stinky/Documents/semantic-robot/ros2_ws/install/bt_plansys_turtlebot/share/bt_plansys_turtlebot/hook/ld_library_path_lib.dsv'
[3.409s] INFO:colcon.colcon_core.shell:Creating environment hook '/home/stinky/Documents/semantic-robot/ros2_ws/install/bt_plansys_turtlebot/share/bt_plansys_turtlebot/hook/ld_library_path_lib.sh'
[3.409s] Level 1:colcon.colcon_core.environment:checking '/home/stinky/Documents/semantic-robot/ros2_ws/install/bt_plansys_turtlebot/bin'
[3.409s] Level 1:colcon.colcon_core.environment:checking '/home/stinky/Documents/semantic-robot/ros2_ws/install/bt_plansys_turtlebot/lib/pkgconfig/bt_plansys_turtlebot.pc'
[3.409s] Level 1:colcon.colcon_core.environment:checking '/home/stinky/Documents/semantic-robot/ros2_ws/install/bt_plansys_turtlebot/lib/python3.10/site-packages'
[3.410s] Level 1:colcon.colcon_core.environment:checking '/home/stinky/Documents/semantic-robot/ros2_ws/install/bt_plansys_turtlebot/bin'
[3.421s] INFO:colcon.colcon_core.shell:Creating package script '/home/stinky/Documents/semantic-robot/ros2_ws/install/bt_plansys_turtlebot/share/bt_plansys_turtlebot/package.ps1'
[3.422s] INFO:colcon.colcon_core.shell:Creating package descriptor '/home/stinky/Documents/semantic-robot/ros2_ws/install/bt_plansys_turtlebot/share/bt_plansys_turtlebot/package.dsv'
[3.422s] INFO:colcon.colcon_core.shell:Creating package script '/home/stinky/Documents/semantic-robot/ros2_ws/install/bt_plansys_turtlebot/share/bt_plansys_turtlebot/package.sh'
[3.423s] INFO:colcon.colcon_core.shell:Creating package script '/home/stinky/Documents/semantic-robot/ros2_ws/install/bt_plansys_turtlebot/share/bt_plansys_turtlebot/package.bash'
[3.423s] INFO:colcon.colcon_core.shell:Creating package script '/home/stinky/Documents/semantic-robot/ros2_ws/install/bt_plansys_turtlebot/share/bt_plansys_turtlebot/package.zsh'
[3.424s] Level 1:colcon.colcon_core.environment:create_file_with_runtime_dependencies(/home/stinky/Documents/semantic-robot/ros2_ws/install/bt_plansys_turtlebot/share/colcon-core/packages/bt_plansys_turtlebot)
[3.434s] DEBUG:colcon.colcon_parallel_executor.executor.parallel:closing loop
[3.434s] DEBUG:colcon.colcon_parallel_executor.executor.parallel:loop closed
[3.434s] DEBUG:colcon.colcon_parallel_executor.executor.parallel:run_until_complete finished with '2'
[3.434s] DEBUG:colcon.colcon_core.event_reactor:joining thread
[3.449s] INFO:colcon.colcon_core.plugin_system:Skipping extension 'colcon_notification.desktop_notification.terminal_notifier': Not used on non-Darwin systems
[3.449s] INFO:colcon.colcon_core.plugin_system:Skipping extension 'colcon_notification.desktop_notification.win32': Not used on non-Windows systems
[3.449s] INFO:colcon.colcon_notification.desktop_notification:Sending desktop notification using 'notify2'
[3.455s] DEBUG:colcon.colcon_core.event_reactor:joined thread
[3.468s] INFO:colcon.colcon_core.shell:Creating prefix script '/home/stinky/Documents/semantic-robot/ros2_ws/install/local_setup.ps1'
[3.468s] INFO:colcon.colcon_core.shell:Creating prefix util module '/home/stinky/Documents/semantic-robot/ros2_ws/install/_local_setup_util_ps1.py'
[3.469s] INFO:colcon.colcon_core.shell:Creating prefix chain script '/home/stinky/Documents/semantic-robot/ros2_ws/install/setup.ps1'
[3.481s] INFO:colcon.colcon_core.shell:Creating prefix script '/home/stinky/Documents/semantic-robot/ros2_ws/install/local_setup.sh'
[3.481s] INFO:colcon.colcon_core.shell:Creating prefix util module '/home/stinky/Documents/semantic-robot/ros2_ws/install/_local_setup_util_sh.py'
[3.482s] INFO:colcon.colcon_core.shell:Creating prefix chain script '/home/stinky/Documents/semantic-robot/ros2_ws/install/setup.sh'
[3.494s] INFO:colcon.colcon_core.shell:Creating prefix script '/home/stinky/Documents/semantic-robot/ros2_ws/install/local_setup.bash'
[3.494s] INFO:colcon.colcon_core.shell:Creating prefix chain script '/home/stinky/Documents/semantic-robot/ros2_ws/install/setup.bash'
[3.507s] INFO:colcon.colcon_core.shell:Creating prefix script '/home/stinky/Documents/semantic-robot/ros2_ws/install/local_setup.zsh'
[3.507s] INFO:colcon.colcon_core.shell:Creating prefix chain script '/home/stinky/Documents/semantic-robot/ros2_ws/install/setup.zsh'
