[0.076s] Invoking command in '/home/stinky/Documents/semantic-robot/ros2_ws/build/bt_plansys_turtlebot': CMAKE_PREFIX_PATH=${CMAKE_PREFIX_PATH}:/opt/ros/humble /usr/bin/cmake /home/stinky/Documents/semantic-robot/ros2_ws/src/bt_plansys_turtlebot -DAMENT_CMAKE_SYMLINK_INSTALL=1 -DCMAKE_INSTALL_PREFIX=/home/stinky/Documents/semantic-robot/ros2_ws/install/bt_plansys_turtlebot
[0.105s] -- Found ament_cmake: 1.3.7 (/opt/ros/humble/share/ament_cmake/cmake)
[0.222s] -- Override CMake install command with custom implementation using symlinks instead of copying resources
[0.233s] -- Found ament_index_cpp: 1.4.0 (/opt/ros/humble/share/ament_index_cpp/cmake)
[0.235s] -- Found rclcpp: 16.0.8 (/opt/ros/humble/share/rclcpp/cmake)
[0.273s] -- Found rosidl_generator_c: 3.1.5 (/opt/ros/humble/share/rosidl_generator_c/cmake)
[0.275s] -- Found rosidl_adapter: 3.1.5 (/opt/ros/humble/share/rosidl_adapter/cmake)
[0.281s] -- Found rosidl_generator_cpp: 3.1.5 (/opt/ros/humble/share/rosidl_generator_cpp/cmake)
[0.291s] -- Using all available rosidl_typesupport_c: rosidl_typesupport_fastrtps_c;rosidl_typesupport_introspection_c
[0.305s] -- Using all available rosidl_typesupport_cpp: rosidl_typesupport_fastrtps_cpp;rosidl_typesupport_introspection_cpp
[0.354s] -- Found rmw_implementation_cmake: 6.1.1 (/opt/ros/humble/share/rmw_implementation_cmake/cmake)
[0.355s] -- Found rmw_cyclonedds_cpp: 1.3.4 (/opt/ros/humble/share/rmw_cyclonedds_cpp/cmake)
[0.381s] -- Using RMW implementation 'rmw_cyclonedds_cpp' as default
[0.528s] -- Found rclcpp_action: 16.0.8 (/opt/ros/humble/share/rclcpp_action/cmake)
[0.616s] -- Found geometry_msgs: 4.2.3 (/opt/ros/humble/share/geometry_msgs/cmake)
[0.651s] -- Found tf2_geometry_msgs: 0.25.5 (/opt/ros/humble/share/tf2_geometry_msgs/cmake)
[0.657s] -- Found eigen3_cmake_module: 0.1.1 (/opt/ros/humble/share/eigen3_cmake_module/cmake)
[0.658s] -- Ensuring Eigen3 include directory is part of orocos-kdl CMake target
[0.898s] -- Found nav2_msgs: 1.1.12 (/opt/ros/humble/share/nav2_msgs/cmake)
[1.101s] -- Found plansys2_msgs: 2.0.9 (/opt/ros/humble/share/plansys2_msgs/cmake)
[1.172s] -- Found plansys2_executor: 2.0.9 (/opt/ros/humble/share/plansys2_executor/cmake)
[3.141s] -- Found plansys2_bt_actions: 2.0.9 (/opt/ros/humble/share/plansys2_bt_actions/cmake)
[34.151s] -- Found ament_lint_auto: 0.12.10 (/opt/ros/humble/share/ament_lint_auto/cmake)
[34.209s] -- Added test 'cppcheck' to perform static code analysis on C / C++ code
[34.210s] -- Configured cppcheck include dirs: /home/stinky/Documents/semantic-robot/ros2_ws/src/bt_plansys_turtlebot/include
[34.210s] -- Configured cppcheck exclude dirs and/or files: 
[34.210s] -- Added test 'flake8' to check Python code syntax and style conventions
[34.211s] -- Added test 'lint_cmake' to check CMake code style
[34.211s] -- Added test 'pep257' to check Python code against some of the docstring style conventions in PEP 257
[34.212s] -- Added test 'uncrustify' to check C / C++ code style
[34.212s] -- Configured uncrustify additional arguments: 
[34.213s] -- Added test 'xmllint' to check XML markup files
[34.214s] -- Configuring done
[34.311s] -- Generating done
[34.313s] -- Build files have been written to: /home/stinky/Documents/semantic-robot/ros2_ws/build/bt_plansys_turtlebot
[34.321s] Invoked command in '/home/stinky/Documents/semantic-robot/ros2_ws/build/bt_plansys_turtlebot' returned '0': CMAKE_PREFIX_PATH=${CMAKE_PREFIX_PATH}:/opt/ros/humble /usr/bin/cmake /home/stinky/Documents/semantic-robot/ros2_ws/src/bt_plansys_turtlebot -DAMENT_CMAKE_SYMLINK_INSTALL=1 -DCMAKE_INSTALL_PREFIX=/home/stinky/Documents/semantic-robot/ros2_ws/install/bt_plansys_turtlebot
[34.322s] Invoking command in '/home/stinky/Documents/semantic-robot/ros2_ws/build/bt_plansys_turtlebot': CMAKE_PREFIX_PATH=${CMAKE_PREFIX_PATH}:/opt/ros/humble /usr/bin/cmake --build /home/stinky/Documents/semantic-robot/ros2_ws/build/bt_plansys_turtlebot -- -j4 -l4
[34.355s] [35m[1mConsolidate compiler generated dependencies of target lift_fork_bt_node[0m
[34.355s] [35m[1mConsolidate compiler generated dependencies of target approach_pallet_bt_node[0m
[34.356s] [35m[1mConsolidate compiler generated dependencies of target navigate_bt_node[0m
[34.359s] [35m[1mConsolidate compiler generated dependencies of target recharge_bt_node[0m
[34.371s] [  8%] [32m[1mLinking CXX shared library liblift_fork_bt_node.so[0m
[34.374s] [ 16%] [32m[1mLinking CXX shared library libapproach_pallet_bt_node.so[0m
[34.381s] [ 25%] [32mBuilding CXX object CMakeFiles/navigate_bt_node.dir/src/bt_nodes/Navigate.cpp.o[0m
[34.384s] [ 33%] [32m[1mLinking CXX shared library librecharge_bt_node.so[0m
[34.764s] [ 41%] Built target approach_pallet_bt_node
[34.767s] [ 50%] Built target lift_fork_bt_node
[34.777s] [ 58%] Built target recharge_bt_node
[34.780s] [35m[1mConsolidate compiler generated dependencies of target lower_fork_bt_node[0m
[34.808s] [35m[1mConsolidate compiler generated dependencies of target task_controller_node[0m
[34.808s] [ 66%] [32m[1mLinking CXX shared library liblower_fork_bt_node.so[0m
[34.866s] [ 75%] [32mBuilding CXX object CMakeFiles/task_controller_node.dir/src/task_controller_node.cpp.o[0m
[35.022s] [ 83%] Built target lower_fork_bt_node
[37.905s] In file included from [01m[K/home/stinky/Documents/semantic-robot/ros2_ws/src/bt_plansys_turtlebot/include/bt_plansys_turtlebot/bt_nodes/Navigate.hpp:9[m[K,
[37.905s]                  from [01m[K/home/stinky/Documents/semantic-robot/ros2_ws/src/bt_plansys_turtlebot/src/bt_nodes/Navigate.cpp:4[m[K:
[37.905s] /opt/ros/humble/include/plansys2_bt_actions/BTActionNode.hpp: In instantiation of ‘[01m[Kvoid plansys2::BtActionNode<ActionT, NodeT>::on_feedback(std::shared_ptr<const typename ActionT::Feedback>) [with ActionT = nav2_msgs::action::NavigateToPose; NodeT = rclcpp_lifecycle::LifecycleNode; typename ActionT::Feedback = nav2_msgs::action::NavigateToPose_Feedback_<std::allocator<void> >][m[K’:
[37.905s] [01m[K/opt/ros/humble/include/plansys2_bt_actions/BTActionNode.hpp:120:16:[m[K   required from here
[37.905s] [01m[K/opt/ros/humble/include/plansys2_bt_actions/BTActionNode.hpp:121:61:[m[K [01;35m[Kwarning: [m[Kunused parameter ‘[01m[Kfeedback[m[K’ [[01;35m[K]8;;https://gcc.gnu.org/onlinedocs/gcc/Warning-Options.html#index-Wunused-parameter-Wunused-parameter]8;;[m[K]
[37.905s]   121 |     [01;35m[Kconst std::shared_ptr<const typename ActionT::Feedback> feedback[m[K)
[37.905s]       |     [01;35m[K~~~~~~~~~~~~~~~~~~~~~~~~~~~~~~~~~~~~~~~~~~~~~~~~~~~~~~~~^~~~~~~~[m[K
[39.489s] [ 91%] [32m[1mLinking CXX executable task_controller_node[0m
[39.698s] [100%] [32m[1mLinking CXX shared library libnavigate_bt_node.so[0m
[39.849s] [100%] Built target task_controller_node
[40.002s] [100%] Built target navigate_bt_node
[40.015s] Invoked command in '/home/stinky/Documents/semantic-robot/ros2_ws/build/bt_plansys_turtlebot' returned '0': CMAKE_PREFIX_PATH=${CMAKE_PREFIX_PATH}:/opt/ros/humble /usr/bin/cmake --build /home/stinky/Documents/semantic-robot/ros2_ws/build/bt_plansys_turtlebot -- -j4 -l4
[40.054s] Invoking command in '/home/stinky/Documents/semantic-robot/ros2_ws/build/bt_plansys_turtlebot': CMAKE_PREFIX_PATH=${CMAKE_PREFIX_PATH}:/opt/ros/humble /usr/bin/cmake --install /home/stinky/Documents/semantic-robot/ros2_ws/build/bt_plansys_turtlebot
[40.061s] -- Install configuration: ""
[40.061s] -- Execute custom install script
[40.062s] -- Symlinking: /home/stinky/Documents/semantic-robot/ros2_ws/install/bt_plansys_turtlebot/share/bt_plansys_turtlebot/bt_xml/navigate.xml
[40.070s] -- Symlinking: /home/stinky/Documents/semantic-robot/ros2_ws/install/bt_plansys_turtlebot/share/bt_plansys_turtlebot/bt_xml/recharge.xml
[40.079s] -- Symlinking: /home/stinky/Documents/semantic-robot/ros2_ws/install/bt_plansys_turtlebot/share/bt_plansys_turtlebot/bt_xml/transport_advanced.xml
[40.087s] -- Symlinking: /home/stinky/Documents/semantic-robot/ros2_ws/install/bt_plansys_turtlebot/share/bt_plansys_turtlebot/bt_xml/transport_simple.xml
[40.094s] -- Symlinking: /home/stinky/Documents/semantic-robot/ros2_ws/install/bt_plansys_turtlebot/share/bt_plansys_turtlebot/config/params.yaml
[40.101s] -- Symlinking: /home/stinky/Documents/semantic-robot/ros2_ws/install/bt_plansys_turtlebot/share/bt_plansys_turtlebot/launch/bt_plansys_turtlebot.launch.py
[40.109s] -- Symlinking: /home/stinky/Documents/semantic-robot/ros2_ws/install/bt_plansys_turtlebot/share/bt_plansys_turtlebot/pddl/domain.pddl
[40.118s] -- Symlinking: /home/stinky/Documents/semantic-robot/ros2_ws/install/bt_plansys_turtlebot/lib/bt_plansys_turtlebot/task_controller_node
[40.124s] -- Symlinking: /home/stinky/Documents/semantic-robot/ros2_ws/install/bt_plansys_turtlebot/lib/libnavigate_bt_node.so
[40.131s] -- Symlinking: /home/stinky/Documents/semantic-robot/ros2_ws/install/bt_plansys_turtlebot/lib/libapproach_pallet_bt_node.so
[40.138s] -- Symlinking: /home/stinky/Documents/semantic-robot/ros2_ws/install/bt_plansys_turtlebot/lib/librecharge_bt_node.so
[40.145s] -- Symlinking: /home/stinky/Documents/semantic-robot/ros2_ws/install/bt_plansys_turtlebot/lib/liblift_fork_bt_node.so
[40.152s] -- Symlinking: /home/stinky/Documents/semantic-robot/ros2_ws/install/bt_plansys_turtlebot/lib/liblower_fork_bt_node.so
[40.158s] -- Symlinking: /home/stinky/Documents/semantic-robot/ros2_ws/install/bt_plansys_turtlebot/share/ament_index/resource_index/package_run_dependencies/bt_plansys_turtlebot
[40.165s] -- Symlinking: /home/stinky/Documents/semantic-robot/ros2_ws/install/bt_plansys_turtlebot/share/ament_index/resource_index/parent_prefix_path/bt_plansys_turtlebot
[40.172s] -- Symlinking: /home/stinky/Documents/semantic-robot/ros2_ws/install/bt_plansys_turtlebot/share/bt_plansys_turtlebot/environment/ament_prefix_path.sh
[40.179s] -- Symlinking: /home/stinky/Documents/semantic-robot/ros2_ws/install/bt_plansys_turtlebot/share/bt_plansys_turtlebot/environment/ament_prefix_path.dsv
[40.185s] -- Symlinking: /home/stinky/Documents/semantic-robot/ros2_ws/install/bt_plansys_turtlebot/share/bt_plansys_turtlebot/environment/path.sh
[40.192s] -- Symlinking: /home/stinky/Documents/semantic-robot/ros2_ws/install/bt_plansys_turtlebot/share/bt_plansys_turtlebot/environment/path.dsv
[40.199s] -- Symlinking: /home/stinky/Documents/semantic-robot/ros2_ws/install/bt_plansys_turtlebot/share/bt_plansys_turtlebot/local_setup.bash
[40.205s] -- Symlinking: /home/stinky/Documents/semantic-robot/ros2_ws/install/bt_plansys_turtlebot/share/bt_plansys_turtlebot/local_setup.sh
[40.212s] -- Symlinking: /home/stinky/Documents/semantic-robot/ros2_ws/install/bt_plansys_turtlebot/share/bt_plansys_turtlebot/local_setup.zsh
[40.219s] -- Symlinking: /home/stinky/Documents/semantic-robot/ros2_ws/install/bt_plansys_turtlebot/share/bt_plansys_turtlebot/local_setup.dsv
[40.226s] -- Symlinking: /home/stinky/Documents/semantic-robot/ros2_ws/install/bt_plansys_turtlebot/share/bt_plansys_turtlebot/package.dsv
[40.232s] -- Symlinking: /home/stinky/Documents/semantic-robot/ros2_ws/install/bt_plansys_turtlebot/share/ament_index/resource_index/packages/bt_plansys_turtlebot
[40.239s] -- Symlinking: /home/stinky/Documents/semantic-robot/ros2_ws/install/bt_plansys_turtlebot/share/bt_plansys_turtlebot/cmake/ament_cmake_export_dependencies-extras.cmake
[40.247s] -- Symlinking: /home/stinky/Documents/semantic-robot/ros2_ws/install/bt_plansys_turtlebot/share/bt_plansys_turtlebot/cmake/bt_plansys_turtlebotConfig.cmake
[40.254s] -- Symlinking: /home/stinky/Documents/semantic-robot/ros2_ws/install/bt_plansys_turtlebot/share/bt_plansys_turtlebot/cmake/bt_plansys_turtlebotConfig-version.cmake
[40.262s] -- Symlinking: /home/stinky/Documents/semantic-robot/ros2_ws/install/bt_plansys_turtlebot/share/bt_plansys_turtlebot/package.xml
[40.271s] Invoked command in '/home/stinky/Documents/semantic-robot/ros2_ws/build/bt_plansys_turtlebot' returned '0': CMAKE_PREFIX_PATH=${CMAKE_PREFIX_PATH}:/opt/ros/humble /usr/bin/cmake --install /home/stinky/Documents/semantic-robot/ros2_ws/build/bt_plansys_turtlebot
