[0.209s] Invoking command in '/home/stinky/Documents/semantic-robot/ros2_ws/build/nav_2d_msgs': CMAKE_PREFIX_PATH=/opt/ros/humble /usr/bin/cmake --build /home/stinky/Documents/semantic-robot/ros2_ws/build/nav_2d_msgs -- -j4 -l4
[0.264s] [35m[1mConsolidate compiler generated dependencies of target nav_2d_msgs__rosidl_generator_c[0m
[0.280s] [  1%] Built target nav_2d_msgs__cpp
[0.287s] [  1%] Built target ament_cmake_python_symlink_nav_2d_msgs
[0.295s] [35m[1mConsolidate compiler generated dependencies of target nav_2d_msgs__rosidl_typesupport_cpp[0m
[0.333s] [35m[1mConsolidate compiler generated dependencies of target nav_2d_msgs__rosidl_typesupport_introspection_cpp[0m
[0.334s] [ 12%] Built target nav_2d_msgs__rosidl_generator_c
[0.334s] [35m[1mConsolidate compiler generated dependencies of target nav_2d_msgs__rosidl_typesupport_fastrtps_cpp[0m
[0.334s] [ 23%] Built target nav_2d_msgs__rosidl_typesupport_cpp
[0.386s] [ 25%] [32mBuilding CXX object CMakeFiles/nav_2d_msgs__rosidl_typesupport_introspection_cpp.dir/rosidl_typesupport_introspection_cpp/nav_2d_msgs/msg/detail/twist2_d_stamped__type_support.cpp.o[0m
[0.386s] [ 26%] [32mBuilding CXX object CMakeFiles/nav_2d_msgs__rosidl_typesupport_fastrtps_cpp.dir/rosidl_typesupport_fastrtps_cpp/nav_2d_msgs/msg/detail/dds_fastrtps/twist2_d_stamped__type_support.cpp.o[0m
[0.394s] [35m[1mConsolidate compiler generated dependencies of target nav_2d_msgs__rosidl_typesupport_fastrtps_c[0m
[0.454s] [ 28%] [32mBuilding CXX object CMakeFiles/nav_2d_msgs__rosidl_typesupport_fastrtps_c.dir/rosidl_typesupport_fastrtps_c/nav_2d_msgs/msg/detail/twist2_d__type_support_c.cpp.o[0m
[1.175s] [ 29%] [32mBuilding CXX object CMakeFiles/nav_2d_msgs__rosidl_typesupport_fastrtps_c.dir/rosidl_typesupport_fastrtps_c/nav_2d_msgs/msg/detail/twist2_d32__type_support_c.cpp.o[0m
[1.590s] running egg_info
[1.592s] writing nav_2d_msgs.egg-info/PKG-INFO
[1.592s] writing dependency_links to nav_2d_msgs.egg-info/dependency_links.txt
[1.592s] writing top-level names to nav_2d_msgs.egg-info/top_level.txt
[1.605s] reading manifest file 'nav_2d_msgs.egg-info/SOURCES.txt'
[1.606s] writing manifest file 'nav_2d_msgs.egg-info/SOURCES.txt'
[1.631s] [ 30%] [32m[1mLinking CXX shared library libnav_2d_msgs__rosidl_typesupport_introspection_cpp.so[0m
[1.691s] [ 32%] [32m[1mLinking CXX shared library libnav_2d_msgs__rosidl_typesupport_fastrtps_cpp.so[0m
[1.738s] [ 32%] Built target ament_cmake_python_build_nav_2d_msgs_egg
[1.826s] [ 33%] [34m[1mGenerating C introspection for ROS interfaces[0m
[1.926s] [ 42%] Built target nav_2d_msgs__rosidl_typesupport_introspection_cpp
[1.986s] [ 43%] [34m[1mGenerating C type support dispatch for ROS interfaces[0m
[1.990s] [ 52%] Built target nav_2d_msgs__rosidl_typesupport_fastrtps_cpp
[2.095s] [ 53%] [32mBuilding CXX object CMakeFiles/nav_2d_msgs__rosidl_typesupport_fastrtps_c.dir/rosidl_typesupport_fastrtps_c/nav_2d_msgs/msg/detail/twist2_d_stamped__type_support_c.cpp.o[0m
[2.752s] [ 54%] [32m[1mLinking CXX shared library libnav_2d_msgs__rosidl_typesupport_fastrtps_c.so[0m
[3.170s] [ 60%] Built target nav_2d_msgs__rosidl_typesupport_fastrtps_c
[3.544s] [ 61%] [32mBuilding CXX object CMakeFiles/nav_2d_msgs__rosidl_typesupport_c.dir/rosidl_typesupport_c/nav_2d_msgs/msg/path2_d__type_support.cpp.o[0m
[3.545s] [ 63%] [32mBuilding CXX object CMakeFiles/nav_2d_msgs__rosidl_typesupport_c.dir/rosidl_typesupport_c/nav_2d_msgs/msg/pose2_d32__type_support.cpp.o[0m
[3.659s] [ 64%] [32mBuilding CXX object CMakeFiles/nav_2d_msgs__rosidl_typesupport_c.dir/rosidl_typesupport_c/nav_2d_msgs/msg/pose2_d_stamped__type_support.cpp.o[0m
[3.722s] [ 66%] [32mBuilding CXX object CMakeFiles/nav_2d_msgs__rosidl_typesupport_c.dir/rosidl_typesupport_c/nav_2d_msgs/msg/twist2_d__type_support.cpp.o[0m
[3.726s] [ 67%] [32mBuilding C object CMakeFiles/nav_2d_msgs__rosidl_typesupport_introspection_c.dir/rosidl_typesupport_introspection_c/nav_2d_msgs/msg/detail/path2_d__type_support.c.o[0m
[3.762s] [ 69%] [32mBuilding CXX object CMakeFiles/nav_2d_msgs__rosidl_typesupport_c.dir/rosidl_typesupport_c/nav_2d_msgs/msg/twist2_d32__type_support.cpp.o[0m
[3.791s] [ 70%] [32mBuilding CXX object CMakeFiles/nav_2d_msgs__rosidl_typesupport_c.dir/rosidl_typesupport_c/nav_2d_msgs/msg/twist2_d_stamped__type_support.cpp.o[0m
[3.890s] [ 71%] [32mBuilding C object CMakeFiles/nav_2d_msgs__rosidl_typesupport_introspection_c.dir/rosidl_typesupport_introspection_c/nav_2d_msgs/msg/detail/pose2_d32__type_support.c.o[0m
[3.891s] [ 73%] [32mBuilding C object CMakeFiles/nav_2d_msgs__rosidl_typesupport_introspection_c.dir/rosidl_typesupport_introspection_c/nav_2d_msgs/msg/detail/pose2_d_stamped__type_support.c.o[0m
[3.919s] [ 74%] [32mBuilding C object CMakeFiles/nav_2d_msgs__rosidl_typesupport_introspection_c.dir/rosidl_typesupport_introspection_c/nav_2d_msgs/msg/detail/twist2_d__type_support.c.o[0m
[3.942s] [ 76%] [32m[1mLinking CXX shared library libnav_2d_msgs__rosidl_typesupport_c.so[0m
[4.006s] [ 77%] [32mBuilding C object CMakeFiles/nav_2d_msgs__rosidl_typesupport_introspection_c.dir/rosidl_typesupport_introspection_c/nav_2d_msgs/msg/detail/twist2_d32__type_support.c.o[0m
[4.062s] [ 78%] [32mBuilding C object CMakeFiles/nav_2d_msgs__rosidl_typesupport_introspection_c.dir/rosidl_typesupport_introspection_c/nav_2d_msgs/msg/detail/twist2_d_stamped__type_support.c.o[0m
[4.131s] [ 78%] Built target nav_2d_msgs__rosidl_typesupport_c
[4.206s] [ 80%] [32m[1mLinking C shared library libnav_2d_msgs__rosidl_typesupport_introspection_c.so[0m
[4.362s] [ 80%] Built target nav_2d_msgs__rosidl_typesupport_introspection_c
[4.485s] [ 80%] Built target nav_2d_msgs
[4.636s] [ 81%] [34m[1mGenerating Python code for ROS interfaces[0m
[6.961s] [ 81%] Built target nav_2d_msgs__py
[7.090s] [ 83%] [32mBuilding C object CMakeFiles/nav_2d_msgs__rosidl_generator_py.dir/rosidl_generator_py/nav_2d_msgs/msg/_path2_d_s.c.o[0m
[7.090s] [ 85%] [32mBuilding C object CMakeFiles/nav_2d_msgs__rosidl_generator_py.dir/rosidl_generator_py/nav_2d_msgs/msg/_pose2_d_stamped_s.c.o[0m
[7.090s] [ 85%] [32mBuilding C object CMakeFiles/nav_2d_msgs__rosidl_generator_py.dir/rosidl_generator_py/nav_2d_msgs/msg/_pose2_d32_s.c.o[0m
[7.122s] [ 87%] [32mBuilding C object CMakeFiles/nav_2d_msgs__rosidl_generator_py.dir/rosidl_generator_py/nav_2d_msgs/msg/_twist2_d_s.c.o[0m
[7.528s] [ 88%] [32mBuilding C object CMakeFiles/nav_2d_msgs__rosidl_generator_py.dir/rosidl_generator_py/nav_2d_msgs/msg/_twist2_d32_s.c.o[0m
[7.536s] [ 90%] [32mBuilding C object CMakeFiles/nav_2d_msgs__rosidl_generator_py.dir/rosidl_generator_py/nav_2d_msgs/msg/_twist2_d_stamped_s.c.o[0m
[7.790s] [ 91%] [32m[1mLinking C shared library rosidl_generator_py/nav_2d_msgs/libnav_2d_msgs__rosidl_generator_py.so[0m
[7.999s] [ 91%] Built target nav_2d_msgs__rosidl_generator_py
[8.102s] [ 92%] [32mBuilding C object CMakeFiles/nav_2d_msgs__rosidl_typesupport_introspection_c__pyext.dir/rosidl_generator_py/nav_2d_msgs/_nav_2d_msgs_s.ep.rosidl_typesupport_introspection_c.c.o[0m
[8.102s] [ 94%] [32mBuilding C object CMakeFiles/nav_2d_msgs__rosidl_typesupport_c__pyext.dir/rosidl_generator_py/nav_2d_msgs/_nav_2d_msgs_s.ep.rosidl_typesupport_c.c.o[0m
[8.106s] [ 95%] [32mBuilding C object CMakeFiles/nav_2d_msgs__rosidl_typesupport_fastrtps_c__pyext.dir/rosidl_generator_py/nav_2d_msgs/_nav_2d_msgs_s.ep.rosidl_typesupport_fastrtps_c.c.o[0m
[8.519s] [ 97%] [32m[1mLinking C shared library rosidl_generator_py/nav_2d_msgs/nav_2d_msgs_s__rosidl_typesupport_c.cpython-310-x86_64-linux-gnu.so[0m
[8.530s] [ 98%] [32m[1mLinking C shared library rosidl_generator_py/nav_2d_msgs/nav_2d_msgs_s__rosidl_typesupport_fastrtps_c.cpython-310-x86_64-linux-gnu.so[0m
[8.548s] [100%] [32m[1mLinking C shared library rosidl_generator_py/nav_2d_msgs/nav_2d_msgs_s__rosidl_typesupport_introspection_c.cpython-310-x86_64-linux-gnu.so[0m
[8.656s] [100%] Built target nav_2d_msgs__rosidl_typesupport_c__pyext
[8.682s] [100%] Built target nav_2d_msgs__rosidl_typesupport_introspection_c__pyext
[8.706s] [100%] Built target nav_2d_msgs__rosidl_typesupport_fastrtps_c__pyext
