[0.092s] Invoking command in '/home/stinky/Documents/semantic-robot/ros2_ws/build/bt_plansys_turtlebot': CMAKE_PREFIX_PATH=${CMAKE_PREFIX_PATH}:/opt/ros/humble CONDA_PROMPT_MODIFIER=(base) /usr/bin/cmake --build /home/stinky/Documents/semantic-robot/ros2_ws/build/bt_plansys_turtlebot -- -j12 -l12
[0.117s] -- Found ament_cmake: 1.3.7 (/opt/ros/humble/share/ament_cmake/cmake)
[0.264s] -- Override CMake install command with custom implementation using symlinks instead of copying resources
[0.276s] -- Found ament_index_cpp: 1.4.0 (/opt/ros/humble/share/ament_index_cpp/cmake)
[0.277s] -- Found rclcpp: 16.0.8 (/opt/ros/humble/share/rclcpp/cmake)
[0.312s] -- Found rosidl_generator_c: 3.1.5 (/opt/ros/humble/share/rosidl_generator_c/cmake)
[0.315s] -- Found rosidl_adapter: 3.1.5 (/opt/ros/humble/share/rosidl_adapter/cmake)
[0.321s] -- Found rosidl_generator_cpp: 3.1.5 (/opt/ros/humble/share/rosidl_generator_cpp/cmake)
[0.331s] -- Using all available rosidl_typesupport_c: rosidl_typesupport_fastrtps_c;rosidl_typesupport_introspection_c
[0.344s] -- Using all available rosidl_typesupport_cpp: rosidl_typesupport_fastrtps_cpp;rosidl_typesupport_introspection_cpp
[0.392s] -- Found rmw_implementation_cmake: 6.1.1 (/opt/ros/humble/share/rmw_implementation_cmake/cmake)
[0.394s] -- Found rmw_cyclonedds_cpp: 1.3.4 (/opt/ros/humble/share/rmw_cyclonedds_cpp/cmake)
[0.421s] -- Using RMW implementation 'rmw_cyclonedds_cpp' as default
[0.545s] -- Found rclcpp_action: 16.0.8 (/opt/ros/humble/share/rclcpp_action/cmake)
[0.613s] -- Found geometry_msgs: 4.2.3 (/opt/ros/humble/share/geometry_msgs/cmake)
[0.645s] -- Found tf2_geometry_msgs: 0.25.5 (/opt/ros/humble/share/tf2_geometry_msgs/cmake)
[0.650s] -- Found eigen3_cmake_module: 0.1.1 (/opt/ros/humble/share/eigen3_cmake_module/cmake)
[0.651s] -- Ensuring Eigen3 include directory is part of orocos-kdl CMake target
[0.849s] -- Found nav2_msgs: 1.1.12 (/opt/ros/humble/share/nav2_msgs/cmake)
[1.032s] -- Found plansys2_msgs: 2.0.9 (/opt/ros/humble/share/plansys2_msgs/cmake)
[1.097s] -- Found plansys2_executor: 2.0.9 (/opt/ros/humble/share/plansys2_executor/cmake)
[2.949s] -- Found plansys2_bt_actions: 2.0.9 (/opt/ros/humble/share/plansys2_bt_actions/cmake)
[33.443s] -- Found ament_lint_auto: 0.12.10 (/opt/ros/humble/share/ament_lint_auto/cmake)
[33.496s] -- Added test 'cppcheck' to perform static code analysis on C / C++ code
[33.496s] -- Configured cppcheck include dirs: /home/stinky/Documents/semantic-robot/ros2_ws/src/bt_plansys_turtlebot/include
[33.496s] -- Configured cppcheck exclude dirs and/or files: 
[33.497s] -- Added test 'lint_cmake' to check CMake code style
[33.499s] -- Added test 'uncrustify' to check C / C++ code style
[33.499s] -- Configured uncrustify additional arguments: 
[33.500s] -- Added test 'xmllint' to check XML markup files
[33.501s] -- Configuring done
[33.597s] -- Generating done
[33.600s] -- Build files have been written to: /home/stinky/Documents/semantic-robot/ros2_ws/build/bt_plansys_turtlebot
[33.624s] [35m[1mConsolidate compiler generated dependencies of target recharge_bt_node[0m
[33.624s] [35m[1mConsolidate compiler generated dependencies of target approach_pallet_bt_node[0m
[33.624s] [35m[1mConsolidate compiler generated dependencies of target lift_fork_bt_node[0m
[33.624s] [35m[1mConsolidate compiler generated dependencies of target lower_fork_bt_node[0m
[33.624s] [35m[1mConsolidate compiler generated dependencies of target hello_world_node[0m
[33.632s] [  8%] [32mBuilding CXX object CMakeFiles/navigate_bt_node.dir/src/bt_nodes/Navigate.cpp.o[0m
[33.636s] [ 25%] Built target lift_fork_bt_node
[33.637s] [ 41%] Built target lower_fork_bt_node
[33.637s] [ 58%] Built target approach_pallet_bt_node
[33.638s] [ 75%] Built target recharge_bt_node
[33.644s] [ 91%] Built target hello_world_node
[35.941s] In file included from [01m[K/home/stinky/Documents/semantic-robot/ros2_ws/src/bt_plansys_turtlebot/include/bt_plansys_turtlebot/bt_nodes/Navigate.hpp:9[m[K,
[35.942s]                  from [01m[K/home/stinky/Documents/semantic-robot/ros2_ws/src/bt_plansys_turtlebot/src/bt_nodes/Navigate.cpp:5[m[K:
[35.942s] /opt/ros/humble/include/plansys2_bt_actions/BTActionNode.hpp: In instantiation of ‘[01m[Kvoid plansys2::BtActionNode<ActionT, NodeT>::on_feedback(std::shared_ptr<const typename ActionT::Feedback>) [with ActionT = nav2_msgs::action::NavigateToPose; NodeT = rclcpp::Node; typename ActionT::Feedback = nav2_msgs::action::NavigateToPose_Feedback_<std::allocator<void> >][m[K’:
[35.942s] [01m[K/opt/ros/humble/include/plansys2_bt_actions/BTActionNode.hpp:120:16:[m[K   required from here
[35.942s] [01m[K/opt/ros/humble/include/plansys2_bt_actions/BTActionNode.hpp:121:61:[m[K [01;35m[Kwarning: [m[Kunused parameter ‘[01m[Kfeedback[m[K’ [[01;35m[K]8;;https://gcc.gnu.org/onlinedocs/gcc/Warning-Options.html#index-Wunused-parameter-Wunused-parameter]8;;[m[K]
[35.942s]   121 |     [01;35m[Kconst std::shared_ptr<const typename ActionT::Feedback> feedback[m[K)
[35.942s]       |     [01;35m[K~~~~~~~~~~~~~~~~~~~~~~~~~~~~~~~~~~~~~~~~~~~~~~~~~~~~~~~~^~~~~~~~[m[K
[37.403s] [100%] [32m[1mLinking CXX shared library libnavigate_bt_node.so[0m
[37.616s] [100%] Built target navigate_bt_node
[37.626s] Invoked command in '/home/stinky/Documents/semantic-robot/ros2_ws/build/bt_plansys_turtlebot' returned '0': CMAKE_PREFIX_PATH=${CMAKE_PREFIX_PATH}:/opt/ros/humble CONDA_PROMPT_MODIFIER=(base) /usr/bin/cmake --build /home/stinky/Documents/semantic-robot/ros2_ws/build/bt_plansys_turtlebot -- -j12 -l12
[37.662s] Invoking command in '/home/stinky/Documents/semantic-robot/ros2_ws/build/bt_plansys_turtlebot': CMAKE_PREFIX_PATH=${CMAKE_PREFIX_PATH}:/opt/ros/humble CONDA_PROMPT_MODIFIER=(base) /usr/bin/cmake --install /home/stinky/Documents/semantic-robot/ros2_ws/build/bt_plansys_turtlebot
[37.668s] -- Install configuration: ""
[37.668s] -- Execute custom install script
[37.668s] -- Symlinking: /home/stinky/Documents/semantic-robot/ros2_ws/install/bt_plansys_turtlebot/share/bt_plansys_turtlebot/bt_xml/navigate.xml
[37.676s] -- Up-to-date symlink: /home/stinky/Documents/semantic-robot/ros2_ws/install/bt_plansys_turtlebot/lib/bt_plansys_turtlebot/hello_world_node
[37.676s] -- Symlinking: /home/stinky/Documents/semantic-robot/ros2_ws/install/bt_plansys_turtlebot/lib/libnavigate_bt_node.so
[37.683s] -- Up-to-date symlink: /home/stinky/Documents/semantic-robot/ros2_ws/install/bt_plansys_turtlebot/lib/libapproach_pallet_bt_node.so
[37.683s] -- Up-to-date symlink: /home/stinky/Documents/semantic-robot/ros2_ws/install/bt_plansys_turtlebot/lib/librecharge_bt_node.so
[37.683s] -- Up-to-date symlink: /home/stinky/Documents/semantic-robot/ros2_ws/install/bt_plansys_turtlebot/lib/liblift_fork_bt_node.so
[37.683s] -- Up-to-date symlink: /home/stinky/Documents/semantic-robot/ros2_ws/install/bt_plansys_turtlebot/lib/liblower_fork_bt_node.so
[37.683s] -- Up-to-date symlink: /home/stinky/Documents/semantic-robot/ros2_ws/install/bt_plansys_turtlebot/share/ament_index/resource_index/package_run_dependencies/bt_plansys_turtlebot
[37.683s] -- Up-to-date symlink: /home/stinky/Documents/semantic-robot/ros2_ws/install/bt_plansys_turtlebot/share/ament_index/resource_index/parent_prefix_path/bt_plansys_turtlebot
[37.684s] -- Up-to-date symlink: /home/stinky/Documents/semantic-robot/ros2_ws/install/bt_plansys_turtlebot/share/bt_plansys_turtlebot/environment/ament_prefix_path.sh
[37.684s] -- Up-to-date symlink: /home/stinky/Documents/semantic-robot/ros2_ws/install/bt_plansys_turtlebot/share/bt_plansys_turtlebot/environment/ament_prefix_path.dsv
[37.684s] -- Up-to-date symlink: /home/stinky/Documents/semantic-robot/ros2_ws/install/bt_plansys_turtlebot/share/bt_plansys_turtlebot/environment/path.sh
[37.684s] -- Up-to-date symlink: /home/stinky/Documents/semantic-robot/ros2_ws/install/bt_plansys_turtlebot/share/bt_plansys_turtlebot/environment/path.dsv
[37.684s] -- Up-to-date symlink: /home/stinky/Documents/semantic-robot/ros2_ws/install/bt_plansys_turtlebot/share/bt_plansys_turtlebot/local_setup.bash
[37.684s] -- Up-to-date symlink: /home/stinky/Documents/semantic-robot/ros2_ws/install/bt_plansys_turtlebot/share/bt_plansys_turtlebot/local_setup.sh
[37.684s] -- Up-to-date symlink: /home/stinky/Documents/semantic-robot/ros2_ws/install/bt_plansys_turtlebot/share/bt_plansys_turtlebot/local_setup.zsh
[37.684s] -- Up-to-date symlink: /home/stinky/Documents/semantic-robot/ros2_ws/install/bt_plansys_turtlebot/share/bt_plansys_turtlebot/local_setup.dsv
[37.684s] -- Symlinking: /home/stinky/Documents/semantic-robot/ros2_ws/install/bt_plansys_turtlebot/share/bt_plansys_turtlebot/package.dsv
[37.692s] -- Up-to-date symlink: /home/stinky/Documents/semantic-robot/ros2_ws/install/bt_plansys_turtlebot/share/ament_index/resource_index/packages/bt_plansys_turtlebot
[37.692s] -- Up-to-date symlink: /home/stinky/Documents/semantic-robot/ros2_ws/install/bt_plansys_turtlebot/share/bt_plansys_turtlebot/cmake/ament_cmake_export_dependencies-extras.cmake
[37.692s] -- Up-to-date symlink: /home/stinky/Documents/semantic-robot/ros2_ws/install/bt_plansys_turtlebot/share/bt_plansys_turtlebot/cmake/bt_plansys_turtlebotConfig.cmake
[37.692s] -- Up-to-date symlink: /home/stinky/Documents/semantic-robot/ros2_ws/install/bt_plansys_turtlebot/share/bt_plansys_turtlebot/cmake/bt_plansys_turtlebotConfig-version.cmake
[37.692s] -- Up-to-date symlink: /home/stinky/Documents/semantic-robot/ros2_ws/install/bt_plansys_turtlebot/share/bt_plansys_turtlebot/package.xml
[37.694s] Invoked command in '/home/stinky/Documents/semantic-robot/ros2_ws/build/bt_plansys_turtlebot' returned '0': CMAKE_PREFIX_PATH=${CMAKE_PREFIX_PATH}:/opt/ros/humble CONDA_PROMPT_MODIFIER=(base) /usr/bin/cmake --install /home/stinky/Documents/semantic-robot/ros2_ws/build/bt_plansys_turtlebot
