[0.163s] Invoking command in '/home/stinky/Documents/semantic-robot/ros2_ws/build/behaviortree_cpp': CMAKE_PREFIX_PATH=${CMAKE_PREFIX_PATH}:/opt/ros/humble CONDA_PROMPT_MODIFIER=(base) /usr/bin/cmake --build /home/stinky/Documents/semantic-robot/ros2_ws/build/behaviortree_cpp -- -j12 -l12
[0.207s] [  2%] Built target lexy_file
[0.207s] [  4%] Built target gtest_main
[0.209s] [  5%] Built target gtest
[0.245s] [ 37%] Built target behaviortree_cpp
[0.267s] [ 39%] Built target t01_first_tree_dynamic
[0.267s] [ 40%] Built target movebase_node_dyn
[0.268s] [ 42%] Built target dummy_nodes_dyn
[0.268s] [ 43%] Built target bt4_log_cat
[0.268s] [ 44%] Built target bt4_plugin_manifest
[0.269s] [ 47%] Built target bt_sample_nodes
[0.270s] [ 49%] Built target crossdoor_nodes_dyn
[0.270s] [ 51%] Built target t13_plugin_action
[0.297s] [ 52%] Built target t01_first_tree_static
[0.297s] [ 54%] Built target t02_basic_ports
[0.299s] [ 57%] Built target t03_generic_ports
[0.299s] [ 57%] Built target t04_reactive_sequence
[0.302s] [ 58%] Built target t10_observer
[0.304s] [ 59%] Built target t08_additional_node_args
[0.304s] [ 60%] Built target t05_crossdoor
[0.304s] [ 62%] Built target t07_load_multiple_xml
[0.308s] [ 64%] Built target t11_replace_rules
[0.308s] [ 66%] Built target t09_scripting
[0.310s] [ 68%] Built target t06_subtree_port_remapping
[0.321s] [ 87%] Built target behaviortree_cpp_test
[0.324s] [ 89%] Built target generate_log
[0.326s] [ 90%] Built target t12_groot_howto
[0.326s] [ 92%] Built target ex01_wrap_legacy
[0.326s] [ 94%] Built target ex02_runtime_ports
[0.328s] [ 95%] Built target ex06_access_by_ptr
[0.331s] [ 96%] Built target ex04_waypoints
[0.331s] [ 98%] Built target ex05_subtree_model
[0.331s] [100%] Built target t13_plugin_executor
