[  2%] Built target gtest_main
[  4%] Built target lexy_file
[  5%] Built target gtest
[ 37%] Built target behaviortree_cpp
[ 39%] Built target bt4_plugin_manifest
[ 40%] Built target crossdoor_nodes_dyn
[ 42%] Built target movebase_node_dyn
[ 43%] Built target bt4_log_cat
[ 45%] Built target t01_first_tree_dynamic
[ 47%] Built target t13_plugin_action
[ 48%] Built target dummy_nodes_dyn
[ 51%] Built target bt_sample_nodes
[ 53%] Built target t06_subtree_port_remapping
[ 56%] Built target t02_basic_ports
[ 57%] Built target t07_load_multiple_xml
[ 58%] Built target t03_generic_ports
[ 60%] Built target t08_additional_node_args
[ 60%] Built target t05_crossdoor
[ 61%] Built target t01_first_tree_static
[ 63%] Built target t11_replace_rules
[ 65%] Built target t04_reactive_sequence
[ 67%] Built target t09_scripting
[ 68%] Built target t10_observer
[ 87%] Built target behaviortree_cpp_test
[ 89%] Built target ex01_wrap_legacy
[ 91%] Built target generate_log
[ 92%] Built target t12_groot_howto
[ 94%] Built target ex05_subtree_model
[ 96%] Built target ex02_runtime_ports
[ 97%] Built target ex04_waypoints
[ 99%] Built target t13_plugin_executor
[100%] Built target ex06_access_by_ptr
