[0.161s] Invoking command in '/home/stinky/Documents/semantic-robot/ros2_ws/build/behaviortree_cpp': CMAKE_PREFIX_PATH=${CMAKE_PREFIX_PATH}:/opt/ros/humble /usr/bin/cmake --build /home/stinky/Documents/semantic-robot/ros2_ws/build/behaviortree_cpp -- -j12 -l12
[0.203s] [  2%] Built target gtest_main
[0.205s] [  4%] Built target lexy_file
[0.208s] [  5%] Built target gtest
[0.239s] [ 37%] Built target behaviortree_cpp
[0.262s] [ 39%] Built target bt4_plugin_manifest
[0.262s] [ 40%] Built target crossdoor_nodes_dyn
[0.263s] [ 42%] Built target movebase_node_dyn
[0.263s] [ 43%] Built target bt4_log_cat
[0.263s] [ 45%] Built target t01_first_tree_dynamic
[0.264s] [ 47%] Built target t13_plugin_action
[0.264s] [ 48%] Built target dummy_nodes_dyn
[0.264s] [ 51%] Built target bt_sample_nodes
[0.293s] [ 53%] Built target t06_subtree_port_remapping
[0.295s] [ 56%] Built target t02_basic_ports
[0.296s] [ 57%] Built target t07_load_multiple_xml
[0.296s] [ 58%] Built target t03_generic_ports
[0.296s] [ 60%] Built target t08_additional_node_args
[0.296s] [ 60%] Built target t05_crossdoor
[0.296s] [ 61%] Built target t01_first_tree_static
[0.300s] [ 63%] Built target t11_replace_rules
[0.303s] [ 65%] Built target t04_reactive_sequence
[0.304s] [ 67%] Built target t09_scripting
[0.304s] [ 68%] Built target t10_observer
[0.315s] [ 87%] Built target behaviortree_cpp_test
[0.322s] [ 89%] Built target ex01_wrap_legacy
[0.322s] [ 91%] Built target generate_log
[0.324s] [ 92%] Built target t12_groot_howto
[0.324s] [ 94%] Built target ex05_subtree_model
[0.327s] [ 96%] Built target ex02_runtime_ports
[0.327s] [ 97%] Built target ex04_waypoints
[0.328s] [ 99%] Built target t13_plugin_executor
[0.329s] [100%] Built target ex06_access_by_ptr
