-- Found ament_cmake: 1.3.8 (/opt/ros/humble/share/ament_cmake/cmake)
-- Override CMake install command with custom implementation using symlinks instead of copying resources
-- Found nav2_common: 1.2.0 (/home/stinky/Documents/semantic-robot/ros2_ws/install/nav2_common/share/nav2_common/cmake)
-- Found builtin_interfaces: 1.2.1 (/opt/ros/humble/share/builtin_interfaces/cmake)
-- Found rosidl_generator_c: 3.1.5 (/opt/ros/humble/share/rosidl_generator_c/cmake)
-- Found rosidl_adapter: 3.1.5 (/opt/ros/humble/share/rosidl_adapter/cmake)
-- Found rosidl_generator_cpp: 3.1.5 (/opt/ros/humble/share/rosidl_generator_cpp/cmake)
-- Using all available rosidl_typesupport_c: rosidl_typesupport_fastrtps_c;rosidl_typesupport_introspection_c
-- Using all available rosidl_typesupport_cpp: rosidl_typesupport_fastrtps_cpp;rosidl_typesupport_introspection_cpp
-- Found nav_msgs: 4.2.3 (/opt/ros/humble/share/nav_msgs/cmake)
-- Found rosidl_default_generators: 1.2.0 (/opt/ros/humble/share/rosidl_default_generators/cmake)
[33mCMake Warning at CMakeLists.txt:11 (find_package):
  By not providing "Findgeographic_msgs.cmake" in CMAKE_MODULE_PATH this
  project has asked CMake to find a package configuration file provided by
  "geographic_msgs", but CMake did not find one.

  Could not find a package configuration file provided by "geographic_msgs"
  with any of the following names:

    geographic_msgsConfig.cmake
    geographic_msgs-config.cmake

  Add the installation prefix of "geographic_msgs" to CMAKE_PREFIX_PATH or
  set "geographic_msgs_DIR" to a directory containing one of the above files.
  If "geographic_msgs" provides a separate development package or SDK, be
  sure it has been installed.

[0m
-- Found action_msgs: 1.2.1 (/opt/ros/humble/share/action_msgs/cmake)
[31mCMake Error at /opt/ros/humble/share/rosidl_cmake/cmake/rosidl_generate_interfaces.cmake:162 (message):
  rosidl_generate_interfaces() the passed dependency 'geographic_msgs' has
  not been found before using find_package()
Call Stack (most recent call first):
  CMakeLists.txt:19 (rosidl_generate_interfaces)

[0m
-- Configuring incomplete, errors occurred!
See also "/home/stinky/Documents/semantic-robot/ros2_ws/build/nav2_msgs/CMakeFiles/CMakeOutput.log".
