[0.503s] Invoking command in '/home/stinky/Documents/semantic-robot/ros2_ws/build/nav2_msgs': AMENT_PREFIX_PATH=/home/stinky/Documents/semantic-robot/ros2_ws/install/nav2_common:${AMENT_PREFIX_PATH} CMAKE_PREFIX_PATH=/home/stinky/Documents/semantic-robot/ros2_ws/install/nav2_common:/opt/ros/humble PYTHONPATH=/home/stinky/Documents/semantic-robot/ros2_ws/install/nav2_common/local/lib/python3.10/dist-packages:${PYTHONPATH} /usr/bin/cmake /home/stinky/Documents/semantic-robot/ros2_ws/src/navigation2/nav2_msgs -DAMENT_CMAKE_SYMLINK_INSTALL=1 -DCMAKE_INSTALL_PREFIX=/home/stinky/Documents/semantic-robot/ros2_ws/install/nav2_msgs
[0.524s] -- Found ament_cmake: 1.3.8 (/opt/ros/humble/share/ament_cmake/cmake)
[1.048s] -- Override CMake install command with custom implementation using symlinks instead of copying resources
[1.055s] -- Found nav2_common: 1.2.0 (/home/stinky/Documents/semantic-robot/ros2_ws/install/nav2_common/share/nav2_common/cmake)
[1.056s] -- Found builtin_interfaces: 1.2.1 (/opt/ros/humble/share/builtin_interfaces/cmake)
[1.164s] -- Found rosidl_generator_c: 3.1.5 (/opt/ros/humble/share/rosidl_generator_c/cmake)
[1.191s] -- Found rosidl_adapter: 3.1.5 (/opt/ros/humble/share/rosidl_adapter/cmake)
[1.203s] -- Found rosidl_generator_cpp: 3.1.5 (/opt/ros/humble/share/rosidl_generator_cpp/cmake)
[1.248s] -- Using all available rosidl_typesupport_c: rosidl_typesupport_fastrtps_c;rosidl_typesupport_introspection_c
[1.339s] -- Using all available rosidl_typesupport_cpp: rosidl_typesupport_fastrtps_cpp;rosidl_typesupport_introspection_cpp
[1.400s] -- Found nav_msgs: 4.2.3 (/opt/ros/humble/share/nav_msgs/cmake)
[2.094s] -- Found rosidl_default_generators: 1.2.0 (/opt/ros/humble/share/rosidl_default_generators/cmake)
[2.179s] [33mCMake Warning at CMakeLists.txt:11 (find_package):
[2.179s]   By not providing "Findgeographic_msgs.cmake" in CMAKE_MODULE_PATH this
[2.179s]   project has asked CMake to find a package configuration file provided by
[2.179s]   "geographic_msgs", but CMake did not find one.
[2.179s] 
[2.179s]   Could not find a package configuration file provided by "geographic_msgs"
[2.180s]   with any of the following names:
[2.180s] 
[2.180s]     geographic_msgsConfig.cmake
[2.180s]     geographic_msgs-config.cmake
[2.180s] 
[2.180s]   Add the installation prefix of "geographic_msgs" to CMAKE_PREFIX_PATH or
[2.180s]   set "geographic_msgs_DIR" to a directory containing one of the above files.
[2.180s]   If "geographic_msgs" provides a separate development package or SDK, be
[2.180s]   sure it has been installed.
[2.180s] 
[2.180s] [0m
[2.180s] -- Found action_msgs: 1.2.1 (/opt/ros/humble/share/action_msgs/cmake)
[4.398s] [31mCMake Error at /opt/ros/humble/share/rosidl_cmake/cmake/rosidl_generate_interfaces.cmake:162 (message):
[4.398s]   rosidl_generate_interfaces() the passed dependency 'geographic_msgs' has
[4.398s]   not been found before using find_package()
[4.398s] Call Stack (most recent call first):
[4.398s]   CMakeLists.txt:19 (rosidl_generate_interfaces)
[4.398s] 
[4.398s] [0m
[4.398s] -- Configuring incomplete, errors occurred!
[4.398s] See also "/home/stinky/Documents/semantic-robot/ros2_ws/build/nav2_msgs/CMakeFiles/CMakeOutput.log".
[4.424s] Invoked command in '/home/stinky/Documents/semantic-robot/ros2_ws/build/nav2_msgs' returned '1': AMENT_PREFIX_PATH=/home/stinky/Documents/semantic-robot/ros2_ws/install/nav2_common:${AMENT_PREFIX_PATH} CMAKE_PREFIX_PATH=/home/stinky/Documents/semantic-robot/ros2_ws/install/nav2_common:/opt/ros/humble PYTHONPATH=/home/stinky/Documents/semantic-robot/ros2_ws/install/nav2_common/local/lib/python3.10/dist-packages:${PYTHONPATH} /usr/bin/cmake /home/stinky/Documents/semantic-robot/ros2_ws/src/navigation2/nav2_msgs -DAMENT_CMAKE_SYMLINK_INSTALL=1 -DCMAKE_INSTALL_PREFIX=/home/stinky/Documents/semantic-robot/ros2_ws/install/nav2_msgs
