[0.821s] DEBUG:colcon:Command line arguments: ['/usr/bin/colcon', 'build', '--symlink-install']
[0.821s] DEBUG:colcon:Parsed command line arguments: Namespace(log_base=None, log_level=None, verb_name='build', build_base='build', install_base='install', merge_install=False, symlink_install=True, test_result_base=None, continue_on_error=False, executor='parallel', parallel_workers=12, event_handlers=None, ignore_user_meta=False, metas=['./colcon.meta'], base_paths=['.'], packages_ignore=None, packages_ignore_regex=None, paths=None, packages_up_to=None, packages_up_to_regex=None, packages_above=None, packages_above_and_dependencies=None, packages_above_depth=None, packages_select_by_dep=None, packages_skip_by_dep=None, packages_skip_up_to=None, packages_select_build_failed=False, packages_skip_build_finished=False, packages_select_test_failures=False, packages_skip_test_passed=False, packages_select=None, packages_skip=None, packages_select_regex=None, packages_skip_regex=None, packages_start=None, packages_end=None, cmake_args=None, cmake_target=None, cmake_target_skip_unavailable=False, cmake_clean_cache=False, cmake_clean_first=False, cmake_force_configure=False, ament_cmake_args=None, catkin_cmake_args=None, catkin_skip_building_tests=False, mixin_files=None, mixin=None, verb_parser=<colcon_mixin.mixin.mixin_argument.MixinArgumentDecorator object at 0x7f8ead01cd00>, verb_extension=<colcon_core.verb.build.BuildVerb object at 0x7f8eacfce8f0>, main=<bound method BuildVerb.main of <colcon_core.verb.build.BuildVerb object at 0x7f8eacfce8f0>>, mixin_verb=('build',))
[0.853s] Level 1:colcon.colcon_core.package_discovery:discover_packages(colcon_meta) check parameters
[0.854s] INFO:colcon.colcon_metadata.package_discovery.colcon_meta:Using configuration from '/root/.colcon/metadata/default/Gazebo.meta'
[0.854s] INFO:colcon.colcon_metadata.package_discovery.colcon_meta:Using configuration from '/root/.colcon/metadata/default/fastrtps.meta'
[0.854s] Level 1:colcon.colcon_core.package_discovery:discover_packages(recursive) check parameters
[0.854s] Level 1:colcon.colcon_core.package_discovery:discover_packages(ignore) check parameters
[0.854s] Level 1:colcon.colcon_core.package_discovery:discover_packages(path) check parameters
[0.854s] Level 1:colcon.colcon_core.package_discovery:discover_packages(colcon_meta) discover
[0.854s] Level 1:colcon.colcon_core.package_discovery:discover_packages(recursive) discover
[0.854s] INFO:colcon.colcon_core.package_discovery:Crawling recursively for packages in '/home/ros/semantic_ws/ros2_ws'
[0.854s] Level 1:colcon.colcon_core.package_identification:_identify(.) by extensions ['ignore', 'ignore_ament_install']
[0.854s] Level 1:colcon.colcon_core.package_identification:_identify(.) by extension 'ignore'
[0.854s] Level 1:colcon.colcon_core.package_identification:_identify(.) by extension 'ignore_ament_install'
[0.854s] Level 1:colcon.colcon_core.package_identification:_identify(.) by extensions ['colcon_pkg']
[0.855s] Level 1:colcon.colcon_core.package_identification:_identify(.) by extension 'colcon_pkg'
[0.855s] Level 1:colcon.colcon_core.package_identification:_identify(.) by extensions ['colcon_meta']
[0.855s] Level 1:colcon.colcon_core.package_identification:_identify(.) by extension 'colcon_meta'
[0.855s] Level 1:colcon.colcon_core.package_identification:_identify(.) by extensions ['ros']
[0.855s] Level 1:colcon.colcon_core.package_identification:_identify(.) by extension 'ros'
[0.862s] Level 1:colcon.colcon_core.package_identification:_identify(.) by extensions ['cmake', 'python']
[0.862s] Level 1:colcon.colcon_core.package_identification:_identify(.) by extension 'cmake'
[0.862s] Level 1:colcon.colcon_core.package_identification:_identify(.) by extension 'python'
[0.862s] Level 1:colcon.colcon_core.package_identification:_identify(.) by extensions ['python_setup_py']
[0.862s] Level 1:colcon.colcon_core.package_identification:_identify(.) by extension 'python_setup_py'
[0.862s] Level 1:colcon.colcon_core.package_identification:_identify(build) by extensions ['ignore', 'ignore_ament_install']
[0.862s] Level 1:colcon.colcon_core.package_identification:_identify(build) by extension 'ignore'
[0.862s] Level 1:colcon.colcon_core.package_identification:_identify(build) ignored
[0.862s] Level 1:colcon.colcon_core.package_identification:_identify(install) by extensions ['ignore', 'ignore_ament_install']
[0.862s] Level 1:colcon.colcon_core.package_identification:_identify(install) by extension 'ignore'
[0.862s] Level 1:colcon.colcon_core.package_identification:_identify(install) ignored
[0.863s] Level 1:colcon.colcon_core.package_identification:_identify(log) by extensions ['ignore', 'ignore_ament_install']
[0.863s] Level 1:colcon.colcon_core.package_identification:_identify(log) by extension 'ignore'
[0.863s] Level 1:colcon.colcon_core.package_identification:_identify(log) ignored
[0.863s] Level 1:colcon.colcon_core.package_identification:_identify(src) by extensions ['ignore', 'ignore_ament_install']
[0.863s] Level 1:colcon.colcon_core.package_identification:_identify(src) by extension 'ignore'
[0.863s] Level 1:colcon.colcon_core.package_identification:_identify(src) by extension 'ignore_ament_install'
[0.863s] Level 1:colcon.colcon_core.package_identification:_identify(src) by extensions ['colcon_pkg']
[0.863s] Level 1:colcon.colcon_core.package_identification:_identify(src) by extension 'colcon_pkg'
[0.863s] Level 1:colcon.colcon_core.package_identification:_identify(src) by extensions ['colcon_meta']
[0.863s] Level 1:colcon.colcon_core.package_identification:_identify(src) by extension 'colcon_meta'
[0.863s] Level 1:colcon.colcon_core.package_identification:_identify(src) by extensions ['ros']
[0.863s] Level 1:colcon.colcon_core.package_identification:_identify(src) by extension 'ros'
[0.863s] Level 1:colcon.colcon_core.package_identification:_identify(src) by extensions ['cmake', 'python']
[0.863s] Level 1:colcon.colcon_core.package_identification:_identify(src) by extension 'cmake'
[0.863s] Level 1:colcon.colcon_core.package_identification:_identify(src) by extension 'python'
[0.863s] Level 1:colcon.colcon_core.package_identification:_identify(src) by extensions ['python_setup_py']
[0.863s] Level 1:colcon.colcon_core.package_identification:_identify(src) by extension 'python_setup_py'
[0.863s] Level 1:colcon.colcon_core.package_identification:_identify(src/bt_plansys_turtlebot) by extensions ['ignore', 'ignore_ament_install']
[0.863s] Level 1:colcon.colcon_core.package_identification:_identify(src/bt_plansys_turtlebot) by extension 'ignore'
[0.863s] Level 1:colcon.colcon_core.package_identification:_identify(src/bt_plansys_turtlebot) by extension 'ignore_ament_install'
[0.863s] Level 1:colcon.colcon_core.package_identification:_identify(src/bt_plansys_turtlebot) by extensions ['colcon_pkg']
[0.863s] Level 1:colcon.colcon_core.package_identification:_identify(src/bt_plansys_turtlebot) by extension 'colcon_pkg'
[0.863s] Level 1:colcon.colcon_core.package_identification:_identify(src/bt_plansys_turtlebot) by extensions ['colcon_meta']
[0.863s] Level 1:colcon.colcon_core.package_identification:_identify(src/bt_plansys_turtlebot) by extension 'colcon_meta'
[0.863s] Level 1:colcon.colcon_core.package_identification:_identify(src/bt_plansys_turtlebot) by extensions ['ros']
[0.863s] Level 1:colcon.colcon_core.package_identification:_identify(src/bt_plansys_turtlebot) by extension 'ros'
[0.865s] DEBUG:colcon.colcon_core.package_identification:Package 'src/bt_plansys_turtlebot' with type 'ros.ament_cmake' and name 'bt_plansys_turtlebot'
[0.865s] Level 1:colcon.colcon_core.package_discovery:discover_packages(recursive) using defaults
[0.865s] Level 1:colcon.colcon_core.package_discovery:discover_packages(ignore) discover
[0.865s] Level 1:colcon.colcon_core.package_discovery:discover_packages(ignore) using defaults
[0.865s] Level 1:colcon.colcon_core.package_discovery:discover_packages(path) discover
[0.866s] Level 1:colcon.colcon_core.package_discovery:discover_packages(path) using defaults
[0.923s] Level 5:colcon.colcon_core.verb:set package 'bt_plansys_turtlebot' build argument 'cmake_args' from command line to 'None'
[0.923s] Level 5:colcon.colcon_core.verb:set package 'bt_plansys_turtlebot' build argument 'cmake_target' from command line to 'None'
[0.923s] Level 5:colcon.colcon_core.verb:set package 'bt_plansys_turtlebot' build argument 'cmake_target_skip_unavailable' from command line to 'False'
[0.923s] Level 5:colcon.colcon_core.verb:set package 'bt_plansys_turtlebot' build argument 'cmake_clean_cache' from command line to 'False'
[0.923s] Level 5:colcon.colcon_core.verb:set package 'bt_plansys_turtlebot' build argument 'cmake_clean_first' from command line to 'False'
[0.923s] Level 5:colcon.colcon_core.verb:set package 'bt_plansys_turtlebot' build argument 'cmake_force_configure' from command line to 'False'
[0.923s] Level 5:colcon.colcon_core.verb:set package 'bt_plansys_turtlebot' build argument 'ament_cmake_args' from command line to 'None'
[0.923s] Level 5:colcon.colcon_core.verb:set package 'bt_plansys_turtlebot' build argument 'catkin_cmake_args' from command line to 'None'
[0.923s] Level 5:colcon.colcon_core.verb:set package 'bt_plansys_turtlebot' build argument 'catkin_skip_building_tests' from command line to 'False'
[0.923s] DEBUG:colcon.colcon_core.verb:Building package 'bt_plansys_turtlebot' with the following arguments: {'ament_cmake_args': None, 'build_base': '/home/ros/semantic_ws/ros2_ws/build/bt_plansys_turtlebot', 'catkin_cmake_args': None, 'catkin_skip_building_tests': False, 'cmake_args': None, 'cmake_clean_cache': False, 'cmake_clean_first': False, 'cmake_force_configure': False, 'cmake_target': None, 'cmake_target_skip_unavailable': False, 'install_base': '/home/ros/semantic_ws/ros2_ws/install/bt_plansys_turtlebot', 'merge_install': False, 'path': '/home/ros/semantic_ws/ros2_ws/src/bt_plansys_turtlebot', 'symlink_install': True, 'test_result_base': None}
[0.933s] INFO:colcon.colcon_core.executor:Executing jobs using 'parallel' executor
[0.943s] DEBUG:colcon.colcon_parallel_executor.executor.parallel:run_until_complete
[0.943s] INFO:colcon.colcon_ros.task.ament_cmake.build:Building ROS package in '/home/ros/semantic_ws/ros2_ws/src/bt_plansys_turtlebot' with build type 'ament_cmake'
[0.943s] INFO:colcon.colcon_cmake.task.cmake.build:Building CMake package in '/home/ros/semantic_ws/ros2_ws/src/bt_plansys_turtlebot'
[0.955s] INFO:colcon.colcon_core.plugin_system:Skipping extension 'colcon_core.shell.bat': Not used on non-Windows systems
[0.955s] INFO:colcon.colcon_core.shell:Skip shell extension 'powershell' for command environment: Not usable outside of PowerShell
[0.955s] DEBUG:colcon.colcon_core.shell:Skip shell extension 'dsv' for command environment
[1.000s] DEBUG:colcon.colcon_core.event_handler.log_command:Invoking command in '/home/ros/semantic_ws/ros2_ws/build/bt_plansys_turtlebot': CMAKE_PREFIX_PATH=${CMAKE_PREFIX_PATH}:/root/plansys2_ws/install/turtlebot3_teleop:/root/plansys2_ws/install/turtlebot3_example:/root/plansys2_ws/install/nav2_simple_commander:/opt/ros/rolling /usr/bin/cmake /home/ros/semantic_ws/ros2_ws/src/bt_plansys_turtlebot -DAMENT_CMAKE_SYMLINK_INSTALL=1 -DCMAKE_INSTALL_PREFIX=/home/ros/semantic_ws/ros2_ws/install/bt_plansys_turtlebot
[14.058s] DEBUG:colcon.colcon_core.event_handler.log_command:Invoked command in '/home/ros/semantic_ws/ros2_ws/build/bt_plansys_turtlebot' returned '0': CMAKE_PREFIX_PATH=${CMAKE_PREFIX_PATH}:/root/plansys2_ws/install/turtlebot3_teleop:/root/plansys2_ws/install/turtlebot3_example:/root/plansys2_ws/install/nav2_simple_commander:/opt/ros/rolling /usr/bin/cmake /home/ros/semantic_ws/ros2_ws/src/bt_plansys_turtlebot -DAMENT_CMAKE_SYMLINK_INSTALL=1 -DCMAKE_INSTALL_PREFIX=/home/ros/semantic_ws/ros2_ws/install/bt_plansys_turtlebot
[14.059s] DEBUG:colcon.colcon_core.event_handler.log_command:Invoking command in '/home/ros/semantic_ws/ros2_ws/build/bt_plansys_turtlebot': CMAKE_PREFIX_PATH=${CMAKE_PREFIX_PATH}:/root/plansys2_ws/install/turtlebot3_teleop:/root/plansys2_ws/install/turtlebot3_example:/root/plansys2_ws/install/nav2_simple_commander:/opt/ros/rolling /usr/bin/cmake --build /home/ros/semantic_ws/ros2_ws/build/bt_plansys_turtlebot -- -j12 -l12
[18.938s] DEBUG:colcon.colcon_core.event_handler.log_command:Invoked command in '/home/ros/semantic_ws/ros2_ws/build/bt_plansys_turtlebot' returned '0': CMAKE_PREFIX_PATH=${CMAKE_PREFIX_PATH}:/root/plansys2_ws/install/turtlebot3_teleop:/root/plansys2_ws/install/turtlebot3_example:/root/plansys2_ws/install/nav2_simple_commander:/opt/ros/rolling /usr/bin/cmake --build /home/ros/semantic_ws/ros2_ws/build/bt_plansys_turtlebot -- -j12 -l12
[19.011s] DEBUG:colcon.colcon_core.event_handler.log_command:Invoking command in '/home/ros/semantic_ws/ros2_ws/build/bt_plansys_turtlebot': CMAKE_PREFIX_PATH=${CMAKE_PREFIX_PATH}:/root/plansys2_ws/install/turtlebot3_teleop:/root/plansys2_ws/install/turtlebot3_example:/root/plansys2_ws/install/nav2_simple_commander:/opt/ros/rolling /usr/bin/cmake --install /home/ros/semantic_ws/ros2_ws/build/bt_plansys_turtlebot
[19.294s] Level 1:colcon.colcon_core.environment:create_environment_scripts_only(bt_plansys_turtlebot)
[19.295s] DEBUG:colcon.colcon_core.event_handler.log_command:Invoked command in '/home/ros/semantic_ws/ros2_ws/build/bt_plansys_turtlebot' returned '0': CMAKE_PREFIX_PATH=${CMAKE_PREFIX_PATH}:/root/plansys2_ws/install/turtlebot3_teleop:/root/plansys2_ws/install/turtlebot3_example:/root/plansys2_ws/install/nav2_simple_commander:/opt/ros/rolling /usr/bin/cmake --install /home/ros/semantic_ws/ros2_ws/build/bt_plansys_turtlebot
[19.309s] Level 1:colcon.colcon_core.environment:checking '/home/ros/semantic_ws/ros2_ws/install/bt_plansys_turtlebot' for CMake module files
[19.310s] Level 1:colcon.colcon_core.environment:checking '/home/ros/semantic_ws/ros2_ws/install/bt_plansys_turtlebot' for CMake config files
[19.310s] Level 1:colcon.colcon_core.shell:create_environment_hook('bt_plansys_turtlebot', 'cmake_prefix_path')
[19.324s] INFO:colcon.colcon_core.shell:Creating environment hook '/home/ros/semantic_ws/ros2_ws/install/bt_plansys_turtlebot/share/bt_plansys_turtlebot/hook/cmake_prefix_path.ps1'
[19.325s] INFO:colcon.colcon_core.shell:Creating environment descriptor '/home/ros/semantic_ws/ros2_ws/install/bt_plansys_turtlebot/share/bt_plansys_turtlebot/hook/cmake_prefix_path.dsv'
[19.325s] INFO:colcon.colcon_core.shell:Creating environment hook '/home/ros/semantic_ws/ros2_ws/install/bt_plansys_turtlebot/share/bt_plansys_turtlebot/hook/cmake_prefix_path.sh'
[19.326s] Level 1:colcon.colcon_core.environment:checking '/home/ros/semantic_ws/ros2_ws/install/bt_plansys_turtlebot/lib'
[19.326s] Level 1:colcon.colcon_core.shell:create_environment_hook('bt_plansys_turtlebot', 'ld_library_path_lib')
[19.340s] INFO:colcon.colcon_core.shell:Creating environment hook '/home/ros/semantic_ws/ros2_ws/install/bt_plansys_turtlebot/share/bt_plansys_turtlebot/hook/ld_library_path_lib.ps1'
[19.340s] INFO:colcon.colcon_core.shell:Creating environment descriptor '/home/ros/semantic_ws/ros2_ws/install/bt_plansys_turtlebot/share/bt_plansys_turtlebot/hook/ld_library_path_lib.dsv'
[19.340s] INFO:colcon.colcon_core.shell:Creating environment hook '/home/ros/semantic_ws/ros2_ws/install/bt_plansys_turtlebot/share/bt_plansys_turtlebot/hook/ld_library_path_lib.sh'
[19.340s] Level 1:colcon.colcon_core.environment:checking '/home/ros/semantic_ws/ros2_ws/install/bt_plansys_turtlebot/bin'
[19.340s] Level 1:colcon.colcon_core.environment:checking '/home/ros/semantic_ws/ros2_ws/install/bt_plansys_turtlebot/lib/pkgconfig/bt_plansys_turtlebot.pc'
[19.342s] Level 1:colcon.colcon_core.environment:checking '/home/ros/semantic_ws/ros2_ws/install/bt_plansys_turtlebot/lib/python3.10/site-packages'
[19.342s] Level 1:colcon.colcon_core.environment:checking '/home/ros/semantic_ws/ros2_ws/install/bt_plansys_turtlebot/bin'
[19.351s] INFO:colcon.colcon_core.shell:Creating package script '/home/ros/semantic_ws/ros2_ws/install/bt_plansys_turtlebot/share/bt_plansys_turtlebot/package.ps1'
[19.352s] INFO:colcon.colcon_core.shell:Creating package descriptor '/home/ros/semantic_ws/ros2_ws/install/bt_plansys_turtlebot/share/bt_plansys_turtlebot/package.dsv'
[19.352s] INFO:colcon.colcon_core.shell:Creating package script '/home/ros/semantic_ws/ros2_ws/install/bt_plansys_turtlebot/share/bt_plansys_turtlebot/package.sh'
[19.353s] INFO:colcon.colcon_core.shell:Creating package script '/home/ros/semantic_ws/ros2_ws/install/bt_plansys_turtlebot/share/bt_plansys_turtlebot/package.bash'
[19.353s] INFO:colcon.colcon_core.shell:Creating package script '/home/ros/semantic_ws/ros2_ws/install/bt_plansys_turtlebot/share/bt_plansys_turtlebot/package.zsh'
[19.353s] Level 1:colcon.colcon_core.environment:create_file_with_runtime_dependencies(/home/ros/semantic_ws/ros2_ws/install/bt_plansys_turtlebot/share/colcon-core/packages/bt_plansys_turtlebot)
[19.422s] Level 1:colcon.colcon_core.environment:create_environment_scripts_only(bt_plansys_turtlebot)
[19.431s] Level 1:colcon.colcon_core.environment:checking '/home/ros/semantic_ws/ros2_ws/install/bt_plansys_turtlebot' for CMake module files
[19.431s] Level 1:colcon.colcon_core.environment:checking '/home/ros/semantic_ws/ros2_ws/install/bt_plansys_turtlebot' for CMake config files
[19.432s] Level 1:colcon.colcon_core.shell:create_environment_hook('bt_plansys_turtlebot', 'cmake_prefix_path')
[19.441s] INFO:colcon.colcon_core.shell:Creating environment hook '/home/ros/semantic_ws/ros2_ws/install/bt_plansys_turtlebot/share/bt_plansys_turtlebot/hook/cmake_prefix_path.ps1'
[19.442s] INFO:colcon.colcon_core.shell:Creating environment descriptor '/home/ros/semantic_ws/ros2_ws/install/bt_plansys_turtlebot/share/bt_plansys_turtlebot/hook/cmake_prefix_path.dsv'
[19.442s] INFO:colcon.colcon_core.shell:Creating environment hook '/home/ros/semantic_ws/ros2_ws/install/bt_plansys_turtlebot/share/bt_plansys_turtlebot/hook/cmake_prefix_path.sh'
[19.442s] Level 1:colcon.colcon_core.environment:checking '/home/ros/semantic_ws/ros2_ws/install/bt_plansys_turtlebot/lib'
[19.442s] Level 1:colcon.colcon_core.shell:create_environment_hook('bt_plansys_turtlebot', 'ld_library_path_lib')
[19.452s] INFO:colcon.colcon_core.shell:Creating environment hook '/home/ros/semantic_ws/ros2_ws/install/bt_plansys_turtlebot/share/bt_plansys_turtlebot/hook/ld_library_path_lib.ps1'
[19.452s] INFO:colcon.colcon_core.shell:Creating environment descriptor '/home/ros/semantic_ws/ros2_ws/install/bt_plansys_turtlebot/share/bt_plansys_turtlebot/hook/ld_library_path_lib.dsv'
[19.452s] INFO:colcon.colcon_core.shell:Creating environment hook '/home/ros/semantic_ws/ros2_ws/install/bt_plansys_turtlebot/share/bt_plansys_turtlebot/hook/ld_library_path_lib.sh'
[19.453s] Level 1:colcon.colcon_core.environment:checking '/home/ros/semantic_ws/ros2_ws/install/bt_plansys_turtlebot/bin'
[19.453s] Level 1:colcon.colcon_core.environment:checking '/home/ros/semantic_ws/ros2_ws/install/bt_plansys_turtlebot/lib/pkgconfig/bt_plansys_turtlebot.pc'
[19.453s] Level 1:colcon.colcon_core.environment:checking '/home/ros/semantic_ws/ros2_ws/install/bt_plansys_turtlebot/lib/python3.10/site-packages'
[19.453s] Level 1:colcon.colcon_core.environment:checking '/home/ros/semantic_ws/ros2_ws/install/bt_plansys_turtlebot/bin'
[19.463s] INFO:colcon.colcon_core.shell:Creating package script '/home/ros/semantic_ws/ros2_ws/install/bt_plansys_turtlebot/share/bt_plansys_turtlebot/package.ps1'
[19.463s] INFO:colcon.colcon_core.shell:Creating package descriptor '/home/ros/semantic_ws/ros2_ws/install/bt_plansys_turtlebot/share/bt_plansys_turtlebot/package.dsv'
[19.463s] INFO:colcon.colcon_core.shell:Creating package script '/home/ros/semantic_ws/ros2_ws/install/bt_plansys_turtlebot/share/bt_plansys_turtlebot/package.sh'
[19.464s] INFO:colcon.colcon_core.shell:Creating package script '/home/ros/semantic_ws/ros2_ws/install/bt_plansys_turtlebot/share/bt_plansys_turtlebot/package.bash'
[19.464s] INFO:colcon.colcon_core.shell:Creating package script '/home/ros/semantic_ws/ros2_ws/install/bt_plansys_turtlebot/share/bt_plansys_turtlebot/package.zsh'
[19.464s] Level 1:colcon.colcon_core.environment:create_file_with_runtime_dependencies(/home/ros/semantic_ws/ros2_ws/install/bt_plansys_turtlebot/share/colcon-core/packages/bt_plansys_turtlebot)
[19.464s] DEBUG:colcon.colcon_parallel_executor.executor.parallel:closing loop
[19.465s] DEBUG:colcon.colcon_parallel_executor.executor.parallel:loop closed
[19.465s] DEBUG:colcon.colcon_parallel_executor.executor.parallel:run_until_complete finished with '0'
[19.465s] DEBUG:colcon.colcon_core.event_reactor:joining thread
[19.479s] INFO:colcon.colcon_core.plugin_system:Skipping extension 'colcon_notification.desktop_notification.notify_send': Could not find 'notify-send'
[19.479s] INFO:colcon.colcon_core.plugin_system:Skipping extension 'colcon_notification.desktop_notification.terminal_notifier': Not used on non-Darwin systems
[19.479s] INFO:colcon.colcon_core.plugin_system:Skipping extension 'colcon_notification.desktop_notification.win32': Not used on non-Windows systems
[19.480s] INFO:colcon.colcon_notification.desktop_notification:Sending desktop notification using 'notify2'
[19.482s] DEBUG:colcon.colcon_notification.desktop_notification.notify2:Failed to initialize notify2: org.freedesktop.DBus.Error.Spawn.ExecFailed: /usr/bin/dbus-launch terminated abnormally without any error message
[19.482s] DEBUG:colcon.colcon_core.event_reactor:joined thread
[19.492s] INFO:colcon.colcon_core.shell:Creating prefix script '/home/ros/semantic_ws/ros2_ws/install/local_setup.ps1'
[19.493s] INFO:colcon.colcon_core.shell:Creating prefix util module '/home/ros/semantic_ws/ros2_ws/install/_local_setup_util_ps1.py'
[19.494s] INFO:colcon.colcon_core.shell:Creating prefix chain script '/home/ros/semantic_ws/ros2_ws/install/setup.ps1'
[19.507s] INFO:colcon.colcon_core.shell:Creating prefix script '/home/ros/semantic_ws/ros2_ws/install/local_setup.sh'
[19.507s] INFO:colcon.colcon_core.shell:Creating prefix util module '/home/ros/semantic_ws/ros2_ws/install/_local_setup_util_sh.py'
[19.507s] INFO:colcon.colcon_core.shell:Creating prefix chain script '/home/ros/semantic_ws/ros2_ws/install/setup.sh'
[19.521s] INFO:colcon.colcon_core.shell:Creating prefix script '/home/ros/semantic_ws/ros2_ws/install/local_setup.bash'
[19.521s] INFO:colcon.colcon_core.shell:Creating prefix chain script '/home/ros/semantic_ws/ros2_ws/install/setup.bash'
[19.534s] INFO:colcon.colcon_core.shell:Creating prefix script '/home/ros/semantic_ws/ros2_ws/install/local_setup.zsh'
[19.534s] INFO:colcon.colcon_core.shell:Creating prefix chain script '/home/ros/semantic_ws/ros2_ws/install/setup.zsh'
