[0.862s] DEBUG:colcon:Command line arguments: ['/usr/bin/colcon', 'build']
[0.862s] DEBUG:colcon:Parsed command line arguments: Namespace(log_base=None, log_level=None, verb_name='build', build_base='build', install_base='install', merge_install=False, symlink_install=False, test_result_base=None, continue_on_error=False, executor='parallel', parallel_workers=12, event_handlers=None, ignore_user_meta=False, metas=['./colcon.meta'], base_paths=['.'], packages_ignore=None, packages_ignore_regex=None, paths=None, packages_up_to=None, packages_up_to_regex=None, packages_above=None, packages_above_and_dependencies=None, packages_above_depth=None, packages_select_by_dep=None, packages_skip_by_dep=None, packages_skip_up_to=None, packages_select_build_failed=False, packages_skip_build_finished=False, packages_select_test_failures=False, packages_skip_test_passed=False, packages_select=None, packages_skip=None, packages_select_regex=None, packages_skip_regex=None, packages_start=None, packages_end=None, allow_overriding=[], cmake_args=None, cmake_target=None, cmake_target_skip_unavailable=False, cmake_clean_cache=False, cmake_clean_first=False, cmake_force_configure=False, ament_cmake_args=None, catkin_cmake_args=None, catkin_skip_building_tests=False, verb_parser=<colcon_defaults.argument_parser.defaults.DefaultArgumentsDecorator object at 0x7f04aa3ffa60>, verb_extension=<colcon_core.verb.build.BuildVerb object at 0x7f04aa587d60>, main=<bound method BuildVerb.main of <colcon_core.verb.build.BuildVerb object at 0x7f04aa587d60>>)
[0.899s] Level 1:colcon.colcon_core.package_discovery:discover_packages(colcon_meta) check parameters
[0.899s] Level 1:colcon.colcon_core.package_discovery:discover_packages(recursive) check parameters
[0.899s] Level 1:colcon.colcon_core.package_discovery:discover_packages(ignore) check parameters
[0.899s] Level 1:colcon.colcon_core.package_discovery:discover_packages(path) check parameters
[0.899s] Level 1:colcon.colcon_core.package_discovery:discover_packages(colcon_meta) discover
[0.900s] Level 1:colcon.colcon_core.package_discovery:discover_packages(recursive) discover
[0.900s] INFO:colcon.colcon_core.package_discovery:Crawling recursively for packages in '/home/stinky/Documents/semantic-robot/ros2_ws'
[0.900s] Level 1:colcon.colcon_core.package_identification:_identify(.) by extensions ['ignore', 'ignore_ament_install']
[0.900s] Level 1:colcon.colcon_core.package_identification:_identify(.) by extension 'ignore'
[0.900s] Level 1:colcon.colcon_core.package_identification:_identify(.) by extension 'ignore_ament_install'
[0.900s] Level 1:colcon.colcon_core.package_identification:_identify(.) by extensions ['colcon_pkg']
[0.900s] Level 1:colcon.colcon_core.package_identification:_identify(.) by extension 'colcon_pkg'
[0.900s] Level 1:colcon.colcon_core.package_identification:_identify(.) by extensions ['colcon_meta']
[0.900s] Level 1:colcon.colcon_core.package_identification:_identify(.) by extension 'colcon_meta'
[0.900s] Level 1:colcon.colcon_core.package_identification:_identify(.) by extensions ['ros']
[0.900s] Level 1:colcon.colcon_core.package_identification:_identify(.) by extension 'ros'
[0.908s] Level 1:colcon.colcon_core.package_identification:_identify(.) by extensions ['cmake', 'python']
[0.908s] Level 1:colcon.colcon_core.package_identification:_identify(.) by extension 'cmake'
[0.908s] Level 1:colcon.colcon_core.package_identification:_identify(.) by extension 'python'
[0.908s] Level 1:colcon.colcon_core.package_identification:_identify(.) by extensions ['python_setup_py']
[0.908s] Level 1:colcon.colcon_core.package_identification:_identify(.) by extension 'python_setup_py'
[0.908s] Level 1:colcon.colcon_core.package_identification:_identify(build) by extensions ['ignore', 'ignore_ament_install']
[0.908s] Level 1:colcon.colcon_core.package_identification:_identify(build) by extension 'ignore'
[0.908s] Level 1:colcon.colcon_core.package_identification:_identify(build) ignored
[0.908s] Level 1:colcon.colcon_core.package_identification:_identify(install) by extensions ['ignore', 'ignore_ament_install']
[0.908s] Level 1:colcon.colcon_core.package_identification:_identify(install) by extension 'ignore'
[0.908s] Level 1:colcon.colcon_core.package_identification:_identify(install) ignored
[0.908s] Level 1:colcon.colcon_core.package_identification:_identify(log) by extensions ['ignore', 'ignore_ament_install']
[0.908s] Level 1:colcon.colcon_core.package_identification:_identify(log) by extension 'ignore'
[0.908s] Level 1:colcon.colcon_core.package_identification:_identify(log) ignored
[0.908s] Level 1:colcon.colcon_core.package_identification:_identify(src) by extensions ['ignore', 'ignore_ament_install']
[0.908s] Level 1:colcon.colcon_core.package_identification:_identify(src) by extension 'ignore'
[0.908s] Level 1:colcon.colcon_core.package_identification:_identify(src) by extension 'ignore_ament_install'
[0.908s] Level 1:colcon.colcon_core.package_identification:_identify(src) by extensions ['colcon_pkg']
[0.908s] Level 1:colcon.colcon_core.package_identification:_identify(src) by extension 'colcon_pkg'
[0.909s] Level 1:colcon.colcon_core.package_identification:_identify(src) by extensions ['colcon_meta']
[0.909s] Level 1:colcon.colcon_core.package_identification:_identify(src) by extension 'colcon_meta'
[0.909s] Level 1:colcon.colcon_core.package_identification:_identify(src) by extensions ['ros']
[0.909s] Level 1:colcon.colcon_core.package_identification:_identify(src) by extension 'ros'
[0.909s] Level 1:colcon.colcon_core.package_identification:_identify(src) by extensions ['cmake', 'python']
[0.909s] Level 1:colcon.colcon_core.package_identification:_identify(src) by extension 'cmake'
[0.909s] Level 1:colcon.colcon_core.package_identification:_identify(src) by extension 'python'
[0.909s] Level 1:colcon.colcon_core.package_identification:_identify(src) by extensions ['python_setup_py']
[0.909s] Level 1:colcon.colcon_core.package_identification:_identify(src) by extension 'python_setup_py'
[0.909s] Level 1:colcon.colcon_core.package_identification:_identify(src/behaviortree_cpp) by extensions ['ignore', 'ignore_ament_install']
[0.909s] Level 1:colcon.colcon_core.package_identification:_identify(src/behaviortree_cpp) by extension 'ignore'
[0.909s] Level 1:colcon.colcon_core.package_identification:_identify(src/behaviortree_cpp) by extension 'ignore_ament_install'
[0.909s] Level 1:colcon.colcon_core.package_identification:_identify(src/behaviortree_cpp) by extensions ['colcon_pkg']
[0.909s] Level 1:colcon.colcon_core.package_identification:_identify(src/behaviortree_cpp) by extension 'colcon_pkg'
[0.909s] Level 1:colcon.colcon_core.package_identification:_identify(src/behaviortree_cpp) by extensions ['colcon_meta']
[0.909s] Level 1:colcon.colcon_core.package_identification:_identify(src/behaviortree_cpp) by extension 'colcon_meta'
[0.909s] Level 1:colcon.colcon_core.package_identification:_identify(src/behaviortree_cpp) by extensions ['ros']
[0.909s] Level 1:colcon.colcon_core.package_identification:_identify(src/behaviortree_cpp) by extension 'ros'
[0.914s] DEBUG:colcon.colcon_core.package_identification:Package 'src/behaviortree_cpp' with type 'ros.ament_cmake' and name 'behaviortree_cpp'
[0.914s] Level 1:colcon.colcon_core.package_identification:_identify(src/bt_plansys_turtlebot) by extensions ['ignore', 'ignore_ament_install']
[0.914s] Level 1:colcon.colcon_core.package_identification:_identify(src/bt_plansys_turtlebot) by extension 'ignore'
[0.914s] Level 1:colcon.colcon_core.package_identification:_identify(src/bt_plansys_turtlebot) by extension 'ignore_ament_install'
[0.914s] Level 1:colcon.colcon_core.package_identification:_identify(src/bt_plansys_turtlebot) by extensions ['colcon_pkg']
[0.914s] Level 1:colcon.colcon_core.package_identification:_identify(src/bt_plansys_turtlebot) by extension 'colcon_pkg'
[0.914s] Level 1:colcon.colcon_core.package_identification:_identify(src/bt_plansys_turtlebot) by extensions ['colcon_meta']
[0.914s] Level 1:colcon.colcon_core.package_identification:_identify(src/bt_plansys_turtlebot) by extension 'colcon_meta'
[0.914s] Level 1:colcon.colcon_core.package_identification:_identify(src/bt_plansys_turtlebot) by extensions ['ros']
[0.914s] Level 1:colcon.colcon_core.package_identification:_identify(src/bt_plansys_turtlebot) by extension 'ros'
[0.915s] DEBUG:colcon.colcon_core.package_identification:Package 'src/bt_plansys_turtlebot' with type 'ros.ament_cmake' and name 'bt_plansys_turtlebot'
[0.915s] Level 1:colcon.colcon_core.package_discovery:discover_packages(recursive) using defaults
[0.915s] Level 1:colcon.colcon_core.package_discovery:discover_packages(ignore) discover
[0.915s] Level 1:colcon.colcon_core.package_discovery:discover_packages(ignore) using defaults
[0.915s] Level 1:colcon.colcon_core.package_discovery:discover_packages(path) discover
[0.915s] Level 1:colcon.colcon_core.package_discovery:discover_packages(path) using defaults
[0.992s] Level 1:colcon.colcon_core.package_discovery:discover_packages(prefix_path) check parameters
[0.992s] Level 1:colcon.colcon_core.package_discovery:discover_packages(prefix_path) discover
[1.026s] DEBUG:colcon.colcon_installed_package_information.package_discovery:Found 2 installed packages in /home/stinky/Documents/semantic-robot/ros2_ws/install
[1.039s] DEBUG:colcon.colcon_installed_package_information.package_discovery:Found 6 installed packages in /home/stinky/Documents/plansys2_ws/install
[1.052s] DEBUG:colcon.colcon_installed_package_information.package_discovery:Found 3 installed packages in /home/stinky/Documents/ros2_ws/install
[1.066s] DEBUG:colcon.colcon_installed_package_information.package_discovery:Found 422 installed packages in /opt/ros/humble
[1.067s] Level 1:colcon.colcon_core.package_discovery:discover_packages(prefix_path) using defaults
[1.151s] Level 5:colcon.colcon_core.verb:set package 'behaviortree_cpp' build argument 'cmake_args' from command line to 'None'
[1.151s] Level 5:colcon.colcon_core.verb:set package 'behaviortree_cpp' build argument 'cmake_target' from command line to 'None'
[1.151s] Level 5:colcon.colcon_core.verb:set package 'behaviortree_cpp' build argument 'cmake_target_skip_unavailable' from command line to 'False'
[1.151s] Level 5:colcon.colcon_core.verb:set package 'behaviortree_cpp' build argument 'cmake_clean_cache' from command line to 'False'
[1.151s] Level 5:colcon.colcon_core.verb:set package 'behaviortree_cpp' build argument 'cmake_clean_first' from command line to 'False'
[1.152s] Level 5:colcon.colcon_core.verb:set package 'behaviortree_cpp' build argument 'cmake_force_configure' from command line to 'False'
[1.152s] Level 5:colcon.colcon_core.verb:set package 'behaviortree_cpp' build argument 'ament_cmake_args' from command line to 'None'
[1.152s] Level 5:colcon.colcon_core.verb:set package 'behaviortree_cpp' build argument 'catkin_cmake_args' from command line to 'None'
[1.152s] Level 5:colcon.colcon_core.verb:set package 'behaviortree_cpp' build argument 'catkin_skip_building_tests' from command line to 'False'
[1.152s] DEBUG:colcon.colcon_core.verb:Building package 'behaviortree_cpp' with the following arguments: {'ament_cmake_args': None, 'build_base': '/home/stinky/Documents/semantic-robot/ros2_ws/build/behaviortree_cpp', 'catkin_cmake_args': None, 'catkin_skip_building_tests': False, 'cmake_args': None, 'cmake_clean_cache': False, 'cmake_clean_first': False, 'cmake_force_configure': False, 'cmake_target': None, 'cmake_target_skip_unavailable': False, 'install_base': '/home/stinky/Documents/semantic-robot/ros2_ws/install/behaviortree_cpp', 'merge_install': False, 'path': '/home/stinky/Documents/semantic-robot/ros2_ws/src/behaviortree_cpp', 'symlink_install': False, 'test_result_base': None}
[1.164s] Level 5:colcon.colcon_core.verb:set package 'bt_plansys_turtlebot' build argument 'cmake_args' from command line to 'None'
[1.164s] Level 5:colcon.colcon_core.verb:set package 'bt_plansys_turtlebot' build argument 'cmake_target' from command line to 'None'
[1.164s] Level 5:colcon.colcon_core.verb:set package 'bt_plansys_turtlebot' build argument 'cmake_target_skip_unavailable' from command line to 'False'
[1.164s] Level 5:colcon.colcon_core.verb:set package 'bt_plansys_turtlebot' build argument 'cmake_clean_cache' from command line to 'False'
[1.164s] Level 5:colcon.colcon_core.verb:set package 'bt_plansys_turtlebot' build argument 'cmake_clean_first' from command line to 'False'
[1.164s] Level 5:colcon.colcon_core.verb:set package 'bt_plansys_turtlebot' build argument 'cmake_force_configure' from command line to 'False'
[1.165s] Level 5:colcon.colcon_core.verb:set package 'bt_plansys_turtlebot' build argument 'ament_cmake_args' from command line to 'None'
[1.165s] Level 5:colcon.colcon_core.verb:set package 'bt_plansys_turtlebot' build argument 'catkin_cmake_args' from command line to 'None'
[1.165s] Level 5:colcon.colcon_core.verb:set package 'bt_plansys_turtlebot' build argument 'catkin_skip_building_tests' from command line to 'False'
[1.165s] DEBUG:colcon.colcon_core.verb:Building package 'bt_plansys_turtlebot' with the following arguments: {'ament_cmake_args': None, 'build_base': '/home/stinky/Documents/semantic-robot/ros2_ws/build/bt_plansys_turtlebot', 'catkin_cmake_args': None, 'catkin_skip_building_tests': False, 'cmake_args': None, 'cmake_clean_cache': False, 'cmake_clean_first': False, 'cmake_force_configure': False, 'cmake_target': None, 'cmake_target_skip_unavailable': False, 'install_base': '/home/stinky/Documents/semantic-robot/ros2_ws/install/bt_plansys_turtlebot', 'merge_install': False, 'path': '/home/stinky/Documents/semantic-robot/ros2_ws/src/bt_plansys_turtlebot', 'symlink_install': False, 'test_result_base': None}
[1.177s] INFO:colcon.colcon_core.executor:Executing jobs using 'parallel' executor
[1.190s] DEBUG:colcon.colcon_parallel_executor.executor.parallel:run_until_complete
[1.191s] INFO:colcon.colcon_ros.task.ament_cmake.build:Building ROS package in '/home/stinky/Documents/semantic-robot/ros2_ws/src/behaviortree_cpp' with build type 'ament_cmake'
[1.191s] INFO:colcon.colcon_cmake.task.cmake.build:Building CMake package in '/home/stinky/Documents/semantic-robot/ros2_ws/src/behaviortree_cpp'
[1.205s] INFO:colcon.colcon_core.plugin_system:Skipping extension 'colcon_core.shell.bat': Not used on non-Windows systems
[1.205s] INFO:colcon.colcon_core.shell:Skip shell extension 'powershell' for command environment: Not usable outside of PowerShell
[1.205s] DEBUG:colcon.colcon_core.shell:Skip shell extension 'dsv' for command environment
[1.272s] INFO:colcon.colcon_ros.task.ament_cmake.build:Building ROS package in '/home/stinky/Documents/semantic-robot/ros2_ws/src/bt_plansys_turtlebot' with build type 'ament_cmake'
[1.273s] INFO:colcon.colcon_cmake.task.cmake.build:Building CMake package in '/home/stinky/Documents/semantic-robot/ros2_ws/src/bt_plansys_turtlebot'
[1.286s] INFO:colcon.colcon_core.shell:Skip shell extension 'powershell' for command environment: Not usable outside of PowerShell
[1.286s] DEBUG:colcon.colcon_core.shell:Skip shell extension 'dsv' for command environment
[1.356s] DEBUG:colcon.colcon_core.event_handler.log_command:Invoking command in '/home/stinky/Documents/semantic-robot/ros2_ws/build/behaviortree_cpp': CMAKE_PREFIX_PATH=${CMAKE_PREFIX_PATH}:/opt/ros/humble /usr/bin/cmake /home/stinky/Documents/semantic-robot/ros2_ws/src/behaviortree_cpp -DCMAKE_INSTALL_PREFIX=/home/stinky/Documents/semantic-robot/ros2_ws/install/behaviortree_cpp
[1.358s] DEBUG:colcon.colcon_core.event_handler.log_command:Invoking command in '/home/stinky/Documents/semantic-robot/ros2_ws/build/bt_plansys_turtlebot': CMAKE_PREFIX_PATH=${CMAKE_PREFIX_PATH}:/opt/ros/humble /usr/bin/cmake /home/stinky/Documents/semantic-robot/ros2_ws/src/bt_plansys_turtlebot -DCMAKE_INSTALL_PREFIX=/home/stinky/Documents/semantic-robot/ros2_ws/install/bt_plansys_turtlebot
[1.589s] DEBUG:colcon.colcon_core.event_handler.log_command:Invoked command in '/home/stinky/Documents/semantic-robot/ros2_ws/build/behaviortree_cpp' returned '0': CMAKE_PREFIX_PATH=${CMAKE_PREFIX_PATH}:/opt/ros/humble /usr/bin/cmake /home/stinky/Documents/semantic-robot/ros2_ws/src/behaviortree_cpp -DCMAKE_INSTALL_PREFIX=/home/stinky/Documents/semantic-robot/ros2_ws/install/behaviortree_cpp
[1.591s] DEBUG:colcon.colcon_core.event_handler.log_command:Invoking command in '/home/stinky/Documents/semantic-robot/ros2_ws/build/behaviortree_cpp': CMAKE_PREFIX_PATH=${CMAKE_PREFIX_PATH}:/opt/ros/humble /usr/bin/cmake --build /home/stinky/Documents/semantic-robot/ros2_ws/build/behaviortree_cpp -- -j12 -l12
[1.911s] DEBUG:colcon.colcon_core.event_handler.log_command:Invoked command in '/home/stinky/Documents/semantic-robot/ros2_ws/build/behaviortree_cpp' returned '0': CMAKE_PREFIX_PATH=${CMAKE_PREFIX_PATH}:/opt/ros/humble /usr/bin/cmake --build /home/stinky/Documents/semantic-robot/ros2_ws/build/behaviortree_cpp -- -j12 -l12
[2.052s] DEBUG:colcon.colcon_core.event_handler.log_command:Invoking command in '/home/stinky/Documents/semantic-robot/ros2_ws/build/behaviortree_cpp': CMAKE_PREFIX_PATH=${CMAKE_PREFIX_PATH}:/opt/ros/humble /usr/bin/cmake --install /home/stinky/Documents/semantic-robot/ros2_ws/build/behaviortree_cpp
[2.073s] Level 1:colcon.colcon_core.environment:create_environment_scripts_only(behaviortree_cpp)
[2.082s] DEBUG:colcon.colcon_core.event_handler.log_command:Invoked command in '/home/stinky/Documents/semantic-robot/ros2_ws/build/behaviortree_cpp' returned '0': CMAKE_PREFIX_PATH=${CMAKE_PREFIX_PATH}:/opt/ros/humble /usr/bin/cmake --install /home/stinky/Documents/semantic-robot/ros2_ws/build/behaviortree_cpp
[2.101s] Level 1:colcon.colcon_core.environment:checking '/home/stinky/Documents/semantic-robot/ros2_ws/install/behaviortree_cpp' for CMake module files
[2.102s] Level 1:colcon.colcon_core.environment:checking '/home/stinky/Documents/semantic-robot/ros2_ws/install/behaviortree_cpp' for CMake config files
[2.103s] Level 1:colcon.colcon_core.shell:create_environment_hook('behaviortree_cpp', 'cmake_prefix_path')
[2.123s] INFO:colcon.colcon_core.shell:Creating environment hook '/home/stinky/Documents/semantic-robot/ros2_ws/install/behaviortree_cpp/share/behaviortree_cpp/hook/cmake_prefix_path.ps1'
[2.124s] INFO:colcon.colcon_core.shell:Creating environment descriptor '/home/stinky/Documents/semantic-robot/ros2_ws/install/behaviortree_cpp/share/behaviortree_cpp/hook/cmake_prefix_path.dsv'
[2.124s] INFO:colcon.colcon_core.shell:Creating environment hook '/home/stinky/Documents/semantic-robot/ros2_ws/install/behaviortree_cpp/share/behaviortree_cpp/hook/cmake_prefix_path.sh'
[2.125s] Level 1:colcon.colcon_core.environment:checking '/home/stinky/Documents/semantic-robot/ros2_ws/install/behaviortree_cpp/lib'
[2.125s] Level 1:colcon.colcon_core.shell:create_environment_hook('behaviortree_cpp', 'ld_library_path_lib')
[2.145s] INFO:colcon.colcon_core.shell:Creating environment hook '/home/stinky/Documents/semantic-robot/ros2_ws/install/behaviortree_cpp/share/behaviortree_cpp/hook/ld_library_path_lib.ps1'
[2.146s] INFO:colcon.colcon_core.shell:Creating environment descriptor '/home/stinky/Documents/semantic-robot/ros2_ws/install/behaviortree_cpp/share/behaviortree_cpp/hook/ld_library_path_lib.dsv'
[2.146s] INFO:colcon.colcon_core.shell:Creating environment hook '/home/stinky/Documents/semantic-robot/ros2_ws/install/behaviortree_cpp/share/behaviortree_cpp/hook/ld_library_path_lib.sh'
[2.146s] Level 1:colcon.colcon_core.environment:checking '/home/stinky/Documents/semantic-robot/ros2_ws/install/behaviortree_cpp/bin'
[2.146s] Level 1:colcon.colcon_core.shell:create_environment_hook('behaviortree_cpp', 'path')
[2.166s] INFO:colcon.colcon_core.shell:Creating environment hook '/home/stinky/Documents/semantic-robot/ros2_ws/install/behaviortree_cpp/share/behaviortree_cpp/hook/path.ps1'
[2.166s] INFO:colcon.colcon_core.shell:Creating environment descriptor '/home/stinky/Documents/semantic-robot/ros2_ws/install/behaviortree_cpp/share/behaviortree_cpp/hook/path.dsv'
[2.167s] INFO:colcon.colcon_core.shell:Creating environment hook '/home/stinky/Documents/semantic-robot/ros2_ws/install/behaviortree_cpp/share/behaviortree_cpp/hook/path.sh'
[2.167s] Level 1:colcon.colcon_core.environment:checking '/home/stinky/Documents/semantic-robot/ros2_ws/install/behaviortree_cpp/lib/pkgconfig/behaviortree_cpp.pc'
[2.167s] Level 1:colcon.colcon_core.environment:checking '/home/stinky/Documents/semantic-robot/ros2_ws/install/behaviortree_cpp/lib/python3.10/site-packages'
[2.167s] Level 1:colcon.colcon_core.environment:checking '/home/stinky/Documents/semantic-robot/ros2_ws/install/behaviortree_cpp/bin'
[2.168s] Level 1:colcon.colcon_core.shell:create_environment_hook('behaviortree_cpp', 'pythonscriptspath')
[2.187s] INFO:colcon.colcon_core.shell:Creating environment hook '/home/stinky/Documents/semantic-robot/ros2_ws/install/behaviortree_cpp/share/behaviortree_cpp/hook/pythonscriptspath.ps1'
[2.188s] INFO:colcon.colcon_core.shell:Creating environment descriptor '/home/stinky/Documents/semantic-robot/ros2_ws/install/behaviortree_cpp/share/behaviortree_cpp/hook/pythonscriptspath.dsv'
[2.188s] INFO:colcon.colcon_core.shell:Creating environment hook '/home/stinky/Documents/semantic-robot/ros2_ws/install/behaviortree_cpp/share/behaviortree_cpp/hook/pythonscriptspath.sh'
[2.208s] INFO:colcon.colcon_core.shell:Creating package script '/home/stinky/Documents/semantic-robot/ros2_ws/install/behaviortree_cpp/share/behaviortree_cpp/package.ps1'
[2.209s] INFO:colcon.colcon_core.shell:Creating package descriptor '/home/stinky/Documents/semantic-robot/ros2_ws/install/behaviortree_cpp/share/behaviortree_cpp/package.dsv'
[2.210s] INFO:colcon.colcon_core.shell:Creating package script '/home/stinky/Documents/semantic-robot/ros2_ws/install/behaviortree_cpp/share/behaviortree_cpp/package.sh'
[2.211s] INFO:colcon.colcon_core.shell:Creating package script '/home/stinky/Documents/semantic-robot/ros2_ws/install/behaviortree_cpp/share/behaviortree_cpp/package.bash'
[2.211s] INFO:colcon.colcon_core.shell:Creating package script '/home/stinky/Documents/semantic-robot/ros2_ws/install/behaviortree_cpp/share/behaviortree_cpp/package.zsh'
[2.212s] Level 1:colcon.colcon_core.environment:create_file_with_runtime_dependencies(/home/stinky/Documents/semantic-robot/ros2_ws/install/behaviortree_cpp/share/colcon-core/packages/behaviortree_cpp)
[2.394s] Level 1:colcon.colcon_core.environment:create_environment_scripts_only(behaviortree_cpp)
[2.414s] Level 1:colcon.colcon_core.environment:checking '/home/stinky/Documents/semantic-robot/ros2_ws/install/behaviortree_cpp' for CMake module files
[2.415s] Level 1:colcon.colcon_core.environment:checking '/home/stinky/Documents/semantic-robot/ros2_ws/install/behaviortree_cpp' for CMake config files
[2.415s] Level 1:colcon.colcon_core.shell:create_environment_hook('behaviortree_cpp', 'cmake_prefix_path')
[2.434s] INFO:colcon.colcon_core.shell:Creating environment hook '/home/stinky/Documents/semantic-robot/ros2_ws/install/behaviortree_cpp/share/behaviortree_cpp/hook/cmake_prefix_path.ps1'
[2.435s] INFO:colcon.colcon_core.shell:Creating environment descriptor '/home/stinky/Documents/semantic-robot/ros2_ws/install/behaviortree_cpp/share/behaviortree_cpp/hook/cmake_prefix_path.dsv'
[2.435s] INFO:colcon.colcon_core.shell:Creating environment hook '/home/stinky/Documents/semantic-robot/ros2_ws/install/behaviortree_cpp/share/behaviortree_cpp/hook/cmake_prefix_path.sh'
[2.436s] Level 1:colcon.colcon_core.environment:checking '/home/stinky/Documents/semantic-robot/ros2_ws/install/behaviortree_cpp/lib'
[2.436s] Level 1:colcon.colcon_core.shell:create_environment_hook('behaviortree_cpp', 'ld_library_path_lib')
[2.455s] INFO:colcon.colcon_core.shell:Creating environment hook '/home/stinky/Documents/semantic-robot/ros2_ws/install/behaviortree_cpp/share/behaviortree_cpp/hook/ld_library_path_lib.ps1'
[2.456s] INFO:colcon.colcon_core.shell:Creating environment descriptor '/home/stinky/Documents/semantic-robot/ros2_ws/install/behaviortree_cpp/share/behaviortree_cpp/hook/ld_library_path_lib.dsv'
[2.456s] INFO:colcon.colcon_core.shell:Creating environment hook '/home/stinky/Documents/semantic-robot/ros2_ws/install/behaviortree_cpp/share/behaviortree_cpp/hook/ld_library_path_lib.sh'
[2.456s] Level 1:colcon.colcon_core.environment:checking '/home/stinky/Documents/semantic-robot/ros2_ws/install/behaviortree_cpp/bin'
[2.456s] Level 1:colcon.colcon_core.shell:create_environment_hook('behaviortree_cpp', 'path')
[2.475s] INFO:colcon.colcon_core.shell:Creating environment hook '/home/stinky/Documents/semantic-robot/ros2_ws/install/behaviortree_cpp/share/behaviortree_cpp/hook/path.ps1'
[2.476s] INFO:colcon.colcon_core.shell:Creating environment descriptor '/home/stinky/Documents/semantic-robot/ros2_ws/install/behaviortree_cpp/share/behaviortree_cpp/hook/path.dsv'
[2.476s] INFO:colcon.colcon_core.shell:Creating environment hook '/home/stinky/Documents/semantic-robot/ros2_ws/install/behaviortree_cpp/share/behaviortree_cpp/hook/path.sh'
[2.476s] Level 1:colcon.colcon_core.environment:checking '/home/stinky/Documents/semantic-robot/ros2_ws/install/behaviortree_cpp/lib/pkgconfig/behaviortree_cpp.pc'
[2.477s] Level 1:colcon.colcon_core.environment:checking '/home/stinky/Documents/semantic-robot/ros2_ws/install/behaviortree_cpp/lib/python3.10/site-packages'
[2.477s] Level 1:colcon.colcon_core.environment:checking '/home/stinky/Documents/semantic-robot/ros2_ws/install/behaviortree_cpp/bin'
[2.477s] Level 1:colcon.colcon_core.shell:create_environment_hook('behaviortree_cpp', 'pythonscriptspath')
[2.496s] INFO:colcon.colcon_core.shell:Creating environment hook '/home/stinky/Documents/semantic-robot/ros2_ws/install/behaviortree_cpp/share/behaviortree_cpp/hook/pythonscriptspath.ps1'
[2.497s] INFO:colcon.colcon_core.shell:Creating environment descriptor '/home/stinky/Documents/semantic-robot/ros2_ws/install/behaviortree_cpp/share/behaviortree_cpp/hook/pythonscriptspath.dsv'
[2.497s] INFO:colcon.colcon_core.shell:Creating environment hook '/home/stinky/Documents/semantic-robot/ros2_ws/install/behaviortree_cpp/share/behaviortree_cpp/hook/pythonscriptspath.sh'
[2.517s] INFO:colcon.colcon_core.shell:Creating package script '/home/stinky/Documents/semantic-robot/ros2_ws/install/behaviortree_cpp/share/behaviortree_cpp/package.ps1'
[2.517s] INFO:colcon.colcon_core.shell:Creating package descriptor '/home/stinky/Documents/semantic-robot/ros2_ws/install/behaviortree_cpp/share/behaviortree_cpp/package.dsv'
[2.518s] INFO:colcon.colcon_core.shell:Creating package script '/home/stinky/Documents/semantic-robot/ros2_ws/install/behaviortree_cpp/share/behaviortree_cpp/package.sh'
[2.518s] INFO:colcon.colcon_core.shell:Creating package script '/home/stinky/Documents/semantic-robot/ros2_ws/install/behaviortree_cpp/share/behaviortree_cpp/package.bash'
[2.519s] INFO:colcon.colcon_core.shell:Creating package script '/home/stinky/Documents/semantic-robot/ros2_ws/install/behaviortree_cpp/share/behaviortree_cpp/package.zsh'
[2.519s] Level 1:colcon.colcon_core.environment:create_file_with_runtime_dependencies(/home/stinky/Documents/semantic-robot/ros2_ws/install/behaviortree_cpp/share/colcon-core/packages/behaviortree_cpp)
[41.441s] DEBUG:colcon.colcon_core.event_handler.log_command:Invoked command in '/home/stinky/Documents/semantic-robot/ros2_ws/build/bt_plansys_turtlebot' returned '0': CMAKE_PREFIX_PATH=${CMAKE_PREFIX_PATH}:/opt/ros/humble /usr/bin/cmake /home/stinky/Documents/semantic-robot/ros2_ws/src/bt_plansys_turtlebot -DCMAKE_INSTALL_PREFIX=/home/stinky/Documents/semantic-robot/ros2_ws/install/bt_plansys_turtlebot
[41.442s] DEBUG:colcon.colcon_core.event_handler.log_command:Invoking command in '/home/stinky/Documents/semantic-robot/ros2_ws/build/bt_plansys_turtlebot': CMAKE_PREFIX_PATH=${CMAKE_PREFIX_PATH}:/opt/ros/humble /usr/bin/cmake --build /home/stinky/Documents/semantic-robot/ros2_ws/build/bt_plansys_turtlebot -- -j12 -l12
[41.521s] DEBUG:colcon.colcon_core.event_handler.log_command:Invoked command in '/home/stinky/Documents/semantic-robot/ros2_ws/build/bt_plansys_turtlebot' returned '0': CMAKE_PREFIX_PATH=${CMAKE_PREFIX_PATH}:/opt/ros/humble /usr/bin/cmake --build /home/stinky/Documents/semantic-robot/ros2_ws/build/bt_plansys_turtlebot -- -j12 -l12
[41.559s] DEBUG:colcon.colcon_core.event_handler.log_command:Invoking command in '/home/stinky/Documents/semantic-robot/ros2_ws/build/bt_plansys_turtlebot': CMAKE_PREFIX_PATH=${CMAKE_PREFIX_PATH}:/opt/ros/humble /usr/bin/cmake --install /home/stinky/Documents/semantic-robot/ros2_ws/build/bt_plansys_turtlebot
[41.578s] Level 1:colcon.colcon_core.environment:create_environment_scripts_only(bt_plansys_turtlebot)
[41.578s] DEBUG:colcon.colcon_core.event_handler.log_command:Invoked command in '/home/stinky/Documents/semantic-robot/ros2_ws/build/bt_plansys_turtlebot' returned '0': CMAKE_PREFIX_PATH=${CMAKE_PREFIX_PATH}:/opt/ros/humble /usr/bin/cmake --install /home/stinky/Documents/semantic-robot/ros2_ws/build/bt_plansys_turtlebot
[41.592s] Level 1:colcon.colcon_core.environment:checking '/home/stinky/Documents/semantic-robot/ros2_ws/install/bt_plansys_turtlebot' for CMake module files
[41.592s] Level 1:colcon.colcon_core.environment:checking '/home/stinky/Documents/semantic-robot/ros2_ws/install/bt_plansys_turtlebot' for CMake config files
[41.593s] Level 1:colcon.colcon_core.shell:create_environment_hook('bt_plansys_turtlebot', 'cmake_prefix_path')
[41.607s] INFO:colcon.colcon_core.shell:Creating environment hook '/home/stinky/Documents/semantic-robot/ros2_ws/install/bt_plansys_turtlebot/share/bt_plansys_turtlebot/hook/cmake_prefix_path.ps1'
[41.607s] INFO:colcon.colcon_core.shell:Creating environment descriptor '/home/stinky/Documents/semantic-robot/ros2_ws/install/bt_plansys_turtlebot/share/bt_plansys_turtlebot/hook/cmake_prefix_path.dsv'
[41.607s] INFO:colcon.colcon_core.shell:Creating environment hook '/home/stinky/Documents/semantic-robot/ros2_ws/install/bt_plansys_turtlebot/share/bt_plansys_turtlebot/hook/cmake_prefix_path.sh'
[41.608s] Level 1:colcon.colcon_core.environment:checking '/home/stinky/Documents/semantic-robot/ros2_ws/install/bt_plansys_turtlebot/lib'
[41.608s] Level 1:colcon.colcon_core.shell:create_environment_hook('bt_plansys_turtlebot', 'ld_library_path_lib')
[41.621s] INFO:colcon.colcon_core.shell:Creating environment hook '/home/stinky/Documents/semantic-robot/ros2_ws/install/bt_plansys_turtlebot/share/bt_plansys_turtlebot/hook/ld_library_path_lib.ps1'
[41.622s] INFO:colcon.colcon_core.shell:Creating environment descriptor '/home/stinky/Documents/semantic-robot/ros2_ws/install/bt_plansys_turtlebot/share/bt_plansys_turtlebot/hook/ld_library_path_lib.dsv'
[41.622s] INFO:colcon.colcon_core.shell:Creating environment hook '/home/stinky/Documents/semantic-robot/ros2_ws/install/bt_plansys_turtlebot/share/bt_plansys_turtlebot/hook/ld_library_path_lib.sh'
[41.622s] Level 1:colcon.colcon_core.environment:checking '/home/stinky/Documents/semantic-robot/ros2_ws/install/bt_plansys_turtlebot/bin'
[41.622s] Level 1:colcon.colcon_core.environment:checking '/home/stinky/Documents/semantic-robot/ros2_ws/install/bt_plansys_turtlebot/lib/pkgconfig/bt_plansys_turtlebot.pc'
[41.622s] Level 1:colcon.colcon_core.environment:checking '/home/stinky/Documents/semantic-robot/ros2_ws/install/bt_plansys_turtlebot/lib/python3.10/site-packages'
[41.623s] Level 1:colcon.colcon_core.environment:checking '/home/stinky/Documents/semantic-robot/ros2_ws/install/bt_plansys_turtlebot/bin'
[41.636s] INFO:colcon.colcon_core.shell:Creating package script '/home/stinky/Documents/semantic-robot/ros2_ws/install/bt_plansys_turtlebot/share/bt_plansys_turtlebot/package.ps1'
[41.636s] INFO:colcon.colcon_core.shell:Creating package descriptor '/home/stinky/Documents/semantic-robot/ros2_ws/install/bt_plansys_turtlebot/share/bt_plansys_turtlebot/package.dsv'
[41.636s] INFO:colcon.colcon_core.shell:Creating package script '/home/stinky/Documents/semantic-robot/ros2_ws/install/bt_plansys_turtlebot/share/bt_plansys_turtlebot/package.sh'
[41.637s] INFO:colcon.colcon_core.shell:Creating package script '/home/stinky/Documents/semantic-robot/ros2_ws/install/bt_plansys_turtlebot/share/bt_plansys_turtlebot/package.bash'
[41.637s] INFO:colcon.colcon_core.shell:Creating package script '/home/stinky/Documents/semantic-robot/ros2_ws/install/bt_plansys_turtlebot/share/bt_plansys_turtlebot/package.zsh'
[41.637s] Level 1:colcon.colcon_core.environment:create_file_with_runtime_dependencies(/home/stinky/Documents/semantic-robot/ros2_ws/install/bt_plansys_turtlebot/share/colcon-core/packages/bt_plansys_turtlebot)
[41.691s] Level 1:colcon.colcon_core.environment:create_environment_scripts_only(bt_plansys_turtlebot)
[41.704s] Level 1:colcon.colcon_core.environment:checking '/home/stinky/Documents/semantic-robot/ros2_ws/install/bt_plansys_turtlebot' for CMake module files
[41.705s] Level 1:colcon.colcon_core.environment:checking '/home/stinky/Documents/semantic-robot/ros2_ws/install/bt_plansys_turtlebot' for CMake config files
[41.705s] Level 1:colcon.colcon_core.shell:create_environment_hook('bt_plansys_turtlebot', 'cmake_prefix_path')
[41.718s] INFO:colcon.colcon_core.shell:Creating environment hook '/home/stinky/Documents/semantic-robot/ros2_ws/install/bt_plansys_turtlebot/share/bt_plansys_turtlebot/hook/cmake_prefix_path.ps1'
[41.718s] INFO:colcon.colcon_core.shell:Creating environment descriptor '/home/stinky/Documents/semantic-robot/ros2_ws/install/bt_plansys_turtlebot/share/bt_plansys_turtlebot/hook/cmake_prefix_path.dsv'
[41.719s] INFO:colcon.colcon_core.shell:Creating environment hook '/home/stinky/Documents/semantic-robot/ros2_ws/install/bt_plansys_turtlebot/share/bt_plansys_turtlebot/hook/cmake_prefix_path.sh'
[41.719s] Level 1:colcon.colcon_core.environment:checking '/home/stinky/Documents/semantic-robot/ros2_ws/install/bt_plansys_turtlebot/lib'
[41.719s] Level 1:colcon.colcon_core.shell:create_environment_hook('bt_plansys_turtlebot', 'ld_library_path_lib')
[41.732s] INFO:colcon.colcon_core.shell:Creating environment hook '/home/stinky/Documents/semantic-robot/ros2_ws/install/bt_plansys_turtlebot/share/bt_plansys_turtlebot/hook/ld_library_path_lib.ps1'
[41.732s] INFO:colcon.colcon_core.shell:Creating environment descriptor '/home/stinky/Documents/semantic-robot/ros2_ws/install/bt_plansys_turtlebot/share/bt_plansys_turtlebot/hook/ld_library_path_lib.dsv'
[41.732s] INFO:colcon.colcon_core.shell:Creating environment hook '/home/stinky/Documents/semantic-robot/ros2_ws/install/bt_plansys_turtlebot/share/bt_plansys_turtlebot/hook/ld_library_path_lib.sh'
[41.733s] Level 1:colcon.colcon_core.environment:checking '/home/stinky/Documents/semantic-robot/ros2_ws/install/bt_plansys_turtlebot/bin'
[41.733s] Level 1:colcon.colcon_core.environment:checking '/home/stinky/Documents/semantic-robot/ros2_ws/install/bt_plansys_turtlebot/lib/pkgconfig/bt_plansys_turtlebot.pc'
[41.733s] Level 1:colcon.colcon_core.environment:checking '/home/stinky/Documents/semantic-robot/ros2_ws/install/bt_plansys_turtlebot/lib/python3.10/site-packages'
[41.733s] Level 1:colcon.colcon_core.environment:checking '/home/stinky/Documents/semantic-robot/ros2_ws/install/bt_plansys_turtlebot/bin'
[41.746s] INFO:colcon.colcon_core.shell:Creating package script '/home/stinky/Documents/semantic-robot/ros2_ws/install/bt_plansys_turtlebot/share/bt_plansys_turtlebot/package.ps1'
[41.746s] INFO:colcon.colcon_core.shell:Creating package descriptor '/home/stinky/Documents/semantic-robot/ros2_ws/install/bt_plansys_turtlebot/share/bt_plansys_turtlebot/package.dsv'
[41.747s] INFO:colcon.colcon_core.shell:Creating package script '/home/stinky/Documents/semantic-robot/ros2_ws/install/bt_plansys_turtlebot/share/bt_plansys_turtlebot/package.sh'
[41.747s] INFO:colcon.colcon_core.shell:Creating package script '/home/stinky/Documents/semantic-robot/ros2_ws/install/bt_plansys_turtlebot/share/bt_plansys_turtlebot/package.bash'
[41.747s] INFO:colcon.colcon_core.shell:Creating package script '/home/stinky/Documents/semantic-robot/ros2_ws/install/bt_plansys_turtlebot/share/bt_plansys_turtlebot/package.zsh'
[41.748s] Level 1:colcon.colcon_core.environment:create_file_with_runtime_dependencies(/home/stinky/Documents/semantic-robot/ros2_ws/install/bt_plansys_turtlebot/share/colcon-core/packages/bt_plansys_turtlebot)
[41.748s] DEBUG:colcon.colcon_parallel_executor.executor.parallel:closing loop
[41.748s] DEBUG:colcon.colcon_parallel_executor.executor.parallel:loop closed
[41.748s] DEBUG:colcon.colcon_parallel_executor.executor.parallel:run_until_complete finished with '0'
[41.748s] DEBUG:colcon.colcon_core.event_reactor:joining thread
[41.770s] INFO:colcon.colcon_core.plugin_system:Skipping extension 'colcon_notification.desktop_notification.terminal_notifier': Not used on non-Darwin systems
[41.770s] INFO:colcon.colcon_core.plugin_system:Skipping extension 'colcon_notification.desktop_notification.win32': Not used on non-Windows systems
[41.770s] INFO:colcon.colcon_notification.desktop_notification:Sending desktop notification using 'notify2'
[41.778s] DEBUG:colcon.colcon_core.event_reactor:joined thread
[41.791s] INFO:colcon.colcon_core.shell:Creating prefix script '/home/stinky/Documents/semantic-robot/ros2_ws/install/local_setup.ps1'
[41.791s] INFO:colcon.colcon_core.shell:Creating prefix util module '/home/stinky/Documents/semantic-robot/ros2_ws/install/_local_setup_util_ps1.py'
[41.792s] INFO:colcon.colcon_core.shell:Creating prefix chain script '/home/stinky/Documents/semantic-robot/ros2_ws/install/setup.ps1'
[41.806s] INFO:colcon.colcon_core.shell:Creating prefix script '/home/stinky/Documents/semantic-robot/ros2_ws/install/local_setup.sh'
[41.806s] INFO:colcon.colcon_core.shell:Creating prefix util module '/home/stinky/Documents/semantic-robot/ros2_ws/install/_local_setup_util_sh.py'
[41.807s] INFO:colcon.colcon_core.shell:Creating prefix chain script '/home/stinky/Documents/semantic-robot/ros2_ws/install/setup.sh'
[41.821s] INFO:colcon.colcon_core.shell:Creating prefix script '/home/stinky/Documents/semantic-robot/ros2_ws/install/local_setup.bash'
[41.821s] INFO:colcon.colcon_core.shell:Creating prefix chain script '/home/stinky/Documents/semantic-robot/ros2_ws/install/setup.bash'
[41.843s] INFO:colcon.colcon_core.shell:Creating prefix script '/home/stinky/Documents/semantic-robot/ros2_ws/install/local_setup.zsh'
[41.843s] INFO:colcon.colcon_core.shell:Creating prefix chain script '/home/stinky/Documents/semantic-robot/ros2_ws/install/setup.zsh'
