[0.085s] Invoking command in '/home/stinky/Documents/semantic-robot/ros2_ws/build/bt_plansys_turtlebot': CMAKE_PREFIX_PATH=${CMAKE_PREFIX_PATH}:/opt/ros/humble /usr/bin/cmake /home/stinky/Documents/semantic-robot/ros2_ws/src/bt_plansys_turtlebot -DAMENT_CMAKE_SYMLINK_INSTALL=1 -DCMAKE_INSTALL_PREFIX=/home/stinky/Documents/semantic-robot/ros2_ws/install/bt_plansys_turtlebot
[0.093s] -- Found ament_cmake: 1.3.7 (/opt/ros/humble/share/ament_cmake/cmake)
[0.192s] -- Override CMake install command with custom implementation using symlinks instead of copying resources
[0.199s] -- Found ament_index_cpp: 1.4.0 (/opt/ros/humble/share/ament_index_cpp/cmake)
[0.200s] -- Found rclcpp: 16.0.8 (/opt/ros/humble/share/rclcpp/cmake)
[0.232s] -- Found rosidl_generator_c: 3.1.5 (/opt/ros/humble/share/rosidl_generator_c/cmake)
[0.235s] -- Found rosidl_adapter: 3.1.5 (/opt/ros/humble/share/rosidl_adapter/cmake)
[0.242s] -- Found rosidl_generator_cpp: 3.1.5 (/opt/ros/humble/share/rosidl_generator_cpp/cmake)
[0.252s] -- Using all available rosidl_typesupport_c: rosidl_typesupport_fastrtps_c;rosidl_typesupport_introspection_c
[0.270s] -- Using all available rosidl_typesupport_cpp: rosidl_typesupport_fastrtps_cpp;rosidl_typesupport_introspection_cpp
[0.311s] -- Found rmw_implementation_cmake: 6.1.1 (/opt/ros/humble/share/rmw_implementation_cmake/cmake)
[0.312s] -- Found rmw_cyclonedds_cpp: 1.3.4 (/opt/ros/humble/share/rmw_cyclonedds_cpp/cmake)
[0.334s] -- Using RMW implementation 'rmw_cyclonedds_cpp' as default
[0.472s] -- Found rclcpp_action: 16.0.8 (/opt/ros/humble/share/rclcpp_action/cmake)
[0.590s] -- Found geometry_msgs: 4.2.3 (/opt/ros/humble/share/geometry_msgs/cmake)
[0.642s] -- Found tf2_geometry_msgs: 0.25.5 (/opt/ros/humble/share/tf2_geometry_msgs/cmake)
[0.645s] -- Found eigen3_cmake_module: 0.1.1 (/opt/ros/humble/share/eigen3_cmake_module/cmake)
[0.646s] -- Ensuring Eigen3 include directory is part of orocos-kdl CMake target
[0.828s] -- Found nav2_msgs: 1.1.12 (/opt/ros/humble/share/nav2_msgs/cmake)
[1.016s] -- Found plansys2_msgs: 2.0.9 (/opt/ros/humble/share/plansys2_msgs/cmake)
[1.081s] -- Found plansys2_executor: 2.0.9 (/opt/ros/humble/share/plansys2_executor/cmake)
[3.015s] -- Found plansys2_bt_actions: 2.0.9 (/opt/ros/humble/share/plansys2_bt_actions/cmake)
[39.742s] -- Found ament_lint_auto: 0.12.10 (/opt/ros/humble/share/ament_lint_auto/cmake)
[39.795s] -- Added test 'cppcheck' to perform static code analysis on C / C++ code
[39.796s] -- Configured cppcheck include dirs: /home/stinky/Documents/semantic-robot/ros2_ws/src/bt_plansys_turtlebot/include
[39.796s] -- Configured cppcheck exclude dirs and/or files: 
[39.797s] -- Added test 'flake8' to check Python code syntax and style conventions
[39.798s] -- Added test 'lint_cmake' to check CMake code style
[39.798s] -- Added test 'pep257' to check Python code against some of the docstring style conventions in PEP 257
[39.800s] -- Added test 'uncrustify' to check C / C++ code style
[39.800s] -- Configured uncrustify additional arguments: 
[39.800s] -- Added test 'xmllint' to check XML markup files
[39.802s] -- Configuring done
[39.926s] -- Generating done
[39.930s] -- Build files have been written to: /home/stinky/Documents/semantic-robot/ros2_ws/build/bt_plansys_turtlebot
[39.938s] Invoked command in '/home/stinky/Documents/semantic-robot/ros2_ws/build/bt_plansys_turtlebot' returned '0': CMAKE_PREFIX_PATH=${CMAKE_PREFIX_PATH}:/opt/ros/humble /usr/bin/cmake /home/stinky/Documents/semantic-robot/ros2_ws/src/bt_plansys_turtlebot -DAMENT_CMAKE_SYMLINK_INSTALL=1 -DCMAKE_INSTALL_PREFIX=/home/stinky/Documents/semantic-robot/ros2_ws/install/bt_plansys_turtlebot
[39.940s] Invoking command in '/home/stinky/Documents/semantic-robot/ros2_ws/build/bt_plansys_turtlebot': CMAKE_PREFIX_PATH=${CMAKE_PREFIX_PATH}:/opt/ros/humble /usr/bin/cmake --build /home/stinky/Documents/semantic-robot/ros2_ws/build/bt_plansys_turtlebot -- -j12 -l12
[39.977s] [35m[1mConsolidate compiler generated dependencies of target approach_pallet_bt_node[0m
[39.979s] [35m[1mConsolidate compiler generated dependencies of target lower_fork_bt_node[0m
[39.979s] [35m[1mConsolidate compiler generated dependencies of target lift_fork_bt_node[0m
[39.979s] [35m[1mConsolidate compiler generated dependencies of target recharge_bt_node[0m
[39.980s] [35m[1mConsolidate compiler generated dependencies of target navigate_bt_node[0m
[39.980s] [35m[1mConsolidate compiler generated dependencies of target task_controller_node[0m
[39.980s] [35m[1mConsolidate compiler generated dependencies of target nav2_action_server_node[0m
[39.997s] [ 28%] Built target lower_fork_bt_node
[39.997s] [ 28%] Built target approach_pallet_bt_node
[39.998s] [ 42%] Built target lift_fork_bt_node
[40.002s] [ 57%] Built target recharge_bt_node
[40.008s] [ 71%] Built target nav2_action_server_node
[40.009s] [ 85%] Built target navigate_bt_node
[40.010s] [100%] Built target task_controller_node
[40.019s] Invoked command in '/home/stinky/Documents/semantic-robot/ros2_ws/build/bt_plansys_turtlebot' returned '0': CMAKE_PREFIX_PATH=${CMAKE_PREFIX_PATH}:/opt/ros/humble /usr/bin/cmake --build /home/stinky/Documents/semantic-robot/ros2_ws/build/bt_plansys_turtlebot -- -j12 -l12
[40.058s] Invoking command in '/home/stinky/Documents/semantic-robot/ros2_ws/build/bt_plansys_turtlebot': CMAKE_PREFIX_PATH=${CMAKE_PREFIX_PATH}:/opt/ros/humble /usr/bin/cmake --install /home/stinky/Documents/semantic-robot/ros2_ws/build/bt_plansys_turtlebot
[40.064s] -- Install configuration: ""
[40.064s] -- Execute custom install script
[40.064s] -- Up-to-date symlink: /home/stinky/Documents/semantic-robot/ros2_ws/install/bt_plansys_turtlebot/share/bt_plansys_turtlebot/bt_xml/navigate.xml
[40.065s] -- Up-to-date symlink: /home/stinky/Documents/semantic-robot/ros2_ws/install/bt_plansys_turtlebot/share/bt_plansys_turtlebot/bt_xml/recharge.xml
[40.065s] -- Up-to-date symlink: /home/stinky/Documents/semantic-robot/ros2_ws/install/bt_plansys_turtlebot/share/bt_plansys_turtlebot/bt_xml/transport_advanced.xml
[40.065s] -- Up-to-date symlink: /home/stinky/Documents/semantic-robot/ros2_ws/install/bt_plansys_turtlebot/share/bt_plansys_turtlebot/bt_xml/transport_simple.xml
[40.065s] -- Up-to-date symlink: /home/stinky/Documents/semantic-robot/ros2_ws/install/bt_plansys_turtlebot/share/bt_plansys_turtlebot/config/params.yaml
[40.065s] -- Up-to-date symlink: /home/stinky/Documents/semantic-robot/ros2_ws/install/bt_plansys_turtlebot/share/bt_plansys_turtlebot/launch/bt_plansys_turtlebot.launch.py
[40.065s] -- Up-to-date symlink: /home/stinky/Documents/semantic-robot/ros2_ws/install/bt_plansys_turtlebot/share/bt_plansys_turtlebot/pddl/domain.pddl
[40.065s] -- Up-to-date symlink: /home/stinky/Documents/semantic-robot/ros2_ws/install/bt_plansys_turtlebot/lib/bt_plansys_turtlebot/nav2_action_server_node
[40.066s] -- Up-to-date symlink: /home/stinky/Documents/semantic-robot/ros2_ws/install/bt_plansys_turtlebot/lib/bt_plansys_turtlebot/task_controller_node
[40.066s] -- Up-to-date symlink: /home/stinky/Documents/semantic-robot/ros2_ws/install/bt_plansys_turtlebot/lib/libnavigate_bt_node.so
[40.066s] -- Up-to-date symlink: /home/stinky/Documents/semantic-robot/ros2_ws/install/bt_plansys_turtlebot/lib/libapproach_pallet_bt_node.so
[40.066s] -- Up-to-date symlink: /home/stinky/Documents/semantic-robot/ros2_ws/install/bt_plansys_turtlebot/lib/librecharge_bt_node.so
[40.066s] -- Up-to-date symlink: /home/stinky/Documents/semantic-robot/ros2_ws/install/bt_plansys_turtlebot/lib/liblift_fork_bt_node.so
[40.066s] -- Up-to-date symlink: /home/stinky/Documents/semantic-robot/ros2_ws/install/bt_plansys_turtlebot/lib/liblower_fork_bt_node.so
[40.066s] -- Up-to-date symlink: /home/stinky/Documents/semantic-robot/ros2_ws/install/bt_plansys_turtlebot/share/ament_index/resource_index/package_run_dependencies/bt_plansys_turtlebot
[40.066s] -- Up-to-date symlink: /home/stinky/Documents/semantic-robot/ros2_ws/install/bt_plansys_turtlebot/share/ament_index/resource_index/parent_prefix_path/bt_plansys_turtlebot
[40.067s] -- Up-to-date symlink: /home/stinky/Documents/semantic-robot/ros2_ws/install/bt_plansys_turtlebot/share/bt_plansys_turtlebot/environment/ament_prefix_path.sh
[40.067s] -- Up-to-date symlink: /home/stinky/Documents/semantic-robot/ros2_ws/install/bt_plansys_turtlebot/share/bt_plansys_turtlebot/environment/ament_prefix_path.dsv
[40.067s] -- Up-to-date symlink: /home/stinky/Documents/semantic-robot/ros2_ws/install/bt_plansys_turtlebot/share/bt_plansys_turtlebot/environment/path.sh
[40.067s] -- Up-to-date symlink: /home/stinky/Documents/semantic-robot/ros2_ws/install/bt_plansys_turtlebot/share/bt_plansys_turtlebot/environment/path.dsv
[40.067s] -- Up-to-date symlink: /home/stinky/Documents/semantic-robot/ros2_ws/install/bt_plansys_turtlebot/share/bt_plansys_turtlebot/local_setup.bash
[40.067s] -- Up-to-date symlink: /home/stinky/Documents/semantic-robot/ros2_ws/install/bt_plansys_turtlebot/share/bt_plansys_turtlebot/local_setup.sh
[40.067s] -- Up-to-date symlink: /home/stinky/Documents/semantic-robot/ros2_ws/install/bt_plansys_turtlebot/share/bt_plansys_turtlebot/local_setup.zsh
[40.067s] -- Up-to-date symlink: /home/stinky/Documents/semantic-robot/ros2_ws/install/bt_plansys_turtlebot/share/bt_plansys_turtlebot/local_setup.dsv
[40.067s] -- Symlinking: /home/stinky/Documents/semantic-robot/ros2_ws/install/bt_plansys_turtlebot/share/bt_plansys_turtlebot/package.dsv
[40.075s] -- Up-to-date symlink: /home/stinky/Documents/semantic-robot/ros2_ws/install/bt_plansys_turtlebot/share/ament_index/resource_index/packages/bt_plansys_turtlebot
[40.075s] -- Up-to-date symlink: /home/stinky/Documents/semantic-robot/ros2_ws/install/bt_plansys_turtlebot/share/bt_plansys_turtlebot/cmake/ament_cmake_export_dependencies-extras.cmake
[40.075s] -- Up-to-date symlink: /home/stinky/Documents/semantic-robot/ros2_ws/install/bt_plansys_turtlebot/share/bt_plansys_turtlebot/cmake/bt_plansys_turtlebotConfig.cmake
[40.075s] -- Up-to-date symlink: /home/stinky/Documents/semantic-robot/ros2_ws/install/bt_plansys_turtlebot/share/bt_plansys_turtlebot/cmake/bt_plansys_turtlebotConfig-version.cmake
[40.076s] -- Up-to-date symlink: /home/stinky/Documents/semantic-robot/ros2_ws/install/bt_plansys_turtlebot/share/bt_plansys_turtlebot/package.xml
[40.077s] Invoked command in '/home/stinky/Documents/semantic-robot/ros2_ws/build/bt_plansys_turtlebot' returned '0': CMAKE_PREFIX_PATH=${CMAKE_PREFIX_PATH}:/opt/ros/humble /usr/bin/cmake --install /home/stinky/Documents/semantic-robot/ros2_ws/build/bt_plansys_turtlebot
