[0.156s] Invoking command in '/home/stinky/Documents/semantic-robot/ros2_ws/build/behaviortree_cpp': CMAKE_PREFIX_PATH=${CMAKE_PREFIX_PATH}:/opt/ros/humble /usr/bin/cmake /home/stinky/Documents/semantic-robot/ros2_ws/src/behaviortree_cpp -DCMAKE_INSTALL_PREFIX=/home/stinky/Documents/semantic-robot/ros2_ws/install/behaviortree_cpp
[0.198s] -- The C compiler identification is GNU 11.4.0
[0.239s] -- The CXX compiler identification is GNU 11.4.0
[0.245s] -- Detecting C compiler ABI info
[0.300s] -- Detecting C compiler ABI info - done
[0.305s] -- Check for working C compiler: /usr/bin/cc - skipped
[0.305s] -- Detecting C compile features
[0.305s] -- Detecting C compile features - done
[0.307s] -- Detecting CXX compiler ABI info
[0.368s] -- Detecting CXX compiler ABI info - done
[0.375s] -- Check for working CXX compiler: /usr/bin/c++ - skipped
[0.375s] -- Detecting CXX compile features
[0.376s] -- Detecting CXX compile features - done
[0.376s] -- Setting build type to 'Release' as none was specified.
[0.377s] -- Looking for pthread.h
[0.436s] -- Looking for pthread.h - found
[0.436s] -- Performing Test CMAKE_HAVE_LIBC_PTHREAD
[0.494s] -- Performing Test CMAKE_HAVE_LIBC_PTHREAD - Success
[0.494s] -- Found Threads: TRUE  
[0.626s] -- Found Python3: /usr/bin/python3.10 (found version "3.10.12") found components: Interpreter 
[0.704s] -- ------------------------------------------
[0.704s] -- BehaviourTree is being built using AMENT.
[0.704s] -- ------------------------------------------
[0.711s] -- Found ZeroMQ: /usr/lib/x86_64-linux-gnu/libzmq.so  
[0.712s] -- Found SQLite3: /usr/include (found version "3.37.2") 
[0.715s] -- Found ament_index_cpp: 1.4.0 (/opt/ros/humble/share/ament_index_cpp/cmake)
[0.718s] -- BTCPP_EXTRA_LIBRARIES: $<BUILD_INTERFACE:ament_index_cpp::ament_index_cpp>;$<BUILD_INTERFACE:/usr/lib/x86_64-linux-gnu/libzmq.so>;$<BUILD_INTERFACE:/usr/lib/x86_64-linux-gnu/libsqlite3.so>
[0.718s] -- BTCPP_LIB_DESTINATION:   lib 
[0.718s] -- BTCPP_INCLUDE_DESTINATION: include 
[0.718s] -- BTCPP_UNIT_TESTS:   ON 
[0.721s] -- Found ament_cmake_gtest: 1.3.7 (/opt/ros/humble/share/ament_cmake_gtest/cmake)
[0.724s] -- Found gtest sources under '/opt/ros/humble/src/gtest_vendor': C++ tests using 'Google Test' will be built
[0.777s] -- Configuring done
[0.824s] -- Generating done
[0.827s] -- Build files have been written to: /home/stinky/Documents/semantic-robot/ros2_ws/build/behaviortree_cpp
[0.833s] Invoked command in '/home/stinky/Documents/semantic-robot/ros2_ws/build/behaviortree_cpp' returned '0': CMAKE_PREFIX_PATH=${CMAKE_PREFIX_PATH}:/opt/ros/humble /usr/bin/cmake /home/stinky/Documents/semantic-robot/ros2_ws/src/behaviortree_cpp -DCMAKE_INSTALL_PREFIX=/home/stinky/Documents/semantic-robot/ros2_ws/install/behaviortree_cpp
[0.835s] Invoking command in '/home/stinky/Documents/semantic-robot/ros2_ws/build/behaviortree_cpp': CMAKE_PREFIX_PATH=${CMAKE_PREFIX_PATH}:/opt/ros/humble /usr/bin/cmake --build /home/stinky/Documents/semantic-robot/ros2_ws/build/behaviortree_cpp -- -j12 -l12
[0.874s] [  1%] [32mBuilding CXX object 3rdparty/lexy/src/CMakeFiles/lexy_file.dir/input/file.cpp.o[0m
[0.874s] [  3%] [32mBuilding CXX object gtest/CMakeFiles/gtest_main.dir/src/gtest_main.cc.o[0m
[0.874s] [  3%] [32mBuilding CXX object gtest/CMakeFiles/gtest.dir/src/gtest-all.cc.o[0m
[0.958s] [  4%] [32m[1mLinking CXX static library liblexy_file.a[0m
[1.012s] [  4%] Built target lexy_file
[1.033s] [  6%] [32mBuilding CXX object CMakeFiles/behaviortree_cpp.dir/src/decorator_node.cpp.o[0m
[1.033s] [  6%] [32mBuilding CXX object CMakeFiles/behaviortree_cpp.dir/src/blackboard.cpp.o[0m
[1.034s] [  6%] [32mBuilding CXX object CMakeFiles/behaviortree_cpp.dir/src/action_node.cpp.o[0m
[1.034s] [  7%] [32mBuilding CXX object CMakeFiles/behaviortree_cpp.dir/src/control_node.cpp.o[0m
[1.034s] [  8%] [32mBuilding CXX object CMakeFiles/behaviortree_cpp.dir/src/basic_types.cpp.o[0m
[1.034s] [  9%] [32mBuilding CXX object CMakeFiles/behaviortree_cpp.dir/src/condition_node.cpp.o[0m
[1.035s] [  9%] [32mBuilding CXX object CMakeFiles/behaviortree_cpp.dir/src/tree_node.cpp.o[0m
[1.035s] [  9%] [32mBuilding CXX object CMakeFiles/behaviortree_cpp.dir/src/bt_factory.cpp.o[0m
[1.038s] [ 10%] [32mBuilding CXX object CMakeFiles/behaviortree_cpp.dir/src/behavior_tree.cpp.o[0m
[1.042s] [ 11%] [32mBuilding CXX object CMakeFiles/behaviortree_cpp.dir/src/shared_library.cpp.o[0m
[1.887s] [ 12%] [32m[1mLinking CXX static library libgtest_main.a[0m
[1.920s] [ 13%] [32mBuilding CXX object CMakeFiles/behaviortree_cpp.dir/src/script_parser.cpp.o[0m
[2.018s] [ 13%] Built target gtest_main
[2.050s] [ 14%] [32mBuilding CXX object CMakeFiles/behaviortree_cpp.dir/src/json_export.cpp.o[0m
[2.655s] [ 15%] [32mBuilding CXX object CMakeFiles/behaviortree_cpp.dir/src/xml_parsing.cpp.o[0m
[2.687s] [ 15%] [32mBuilding CXX object CMakeFiles/behaviortree_cpp.dir/src/actions/test_node.cpp.o[0m
[2.740s] [ 16%] [32mBuilding CXX object CMakeFiles/behaviortree_cpp.dir/src/actions/sleep_node.cpp.o[0m
[2.753s] [ 17%] [32mBuilding CXX object CMakeFiles/behaviortree_cpp.dir/src/decorators/delay_node.cpp.o[0m
[2.918s] [ 18%] [32mBuilding CXX object CMakeFiles/behaviortree_cpp.dir/src/decorators/inverter_node.cpp.o[0m
[2.973s] [ 19%] [32mBuilding CXX object CMakeFiles/behaviortree_cpp.dir/src/decorators/repeat_node.cpp.o[0m
[3.380s] [ 19%] [32mBuilding CXX object CMakeFiles/behaviortree_cpp.dir/src/decorators/retry_node.cpp.o[0m
[3.626s] [ 20%] [32mBuilding CXX object CMakeFiles/behaviortree_cpp.dir/src/decorators/timeout_node.cpp.o[0m
[4.492s] [ 21%] [32mBuilding CXX object CMakeFiles/behaviortree_cpp.dir/src/decorators/subtree_node.cpp.o[0m
[4.561s] [ 22%] [32mBuilding CXX object CMakeFiles/behaviortree_cpp.dir/src/controls/if_then_else_node.cpp.o[0m
[4.956s] [ 22%] [32mBuilding CXX object CMakeFiles/behaviortree_cpp.dir/src/controls/fallback_node.cpp.o[0m
[5.117s] [ 23%] [32mBuilding CXX object CMakeFiles/behaviortree_cpp.dir/src/controls/parallel_node.cpp.o[0m
[5.153s] [ 24%] [32mBuilding CXX object CMakeFiles/behaviortree_cpp.dir/src/controls/parallel_all_node.cpp.o[0m
[5.224s] [ 25%] [32mBuilding CXX object CMakeFiles/behaviortree_cpp.dir/src/controls/reactive_sequence.cpp.o[0m
[5.886s] [ 26%] [32mBuilding CXX object CMakeFiles/behaviortree_cpp.dir/src/controls/reactive_fallback.cpp.o[0m
[6.011s] [ 26%] [32mBuilding CXX object CMakeFiles/behaviortree_cpp.dir/src/controls/sequence_node.cpp.o[0m
[6.166s] [ 27%] [32mBuilding CXX object CMakeFiles/behaviortree_cpp.dir/src/controls/sequence_with_memory_node.cpp.o[0m
[6.334s] [ 28%] [32mBuilding CXX object CMakeFiles/behaviortree_cpp.dir/src/controls/switch_node.cpp.o[0m
[6.445s] [ 29%] [32mBuilding CXX object CMakeFiles/behaviortree_cpp.dir/src/controls/while_do_else_node.cpp.o[0m
[6.682s] [ 30%] [32mBuilding CXX object CMakeFiles/behaviortree_cpp.dir/src/loggers/bt_cout_logger.cpp.o[0m
[7.121s] [ 30%] [32mBuilding CXX object CMakeFiles/behaviortree_cpp.dir/src/loggers/bt_file_logger_v2.cpp.o[0m
[7.447s] [ 31%] [32mBuilding CXX object CMakeFiles/behaviortree_cpp.dir/src/loggers/bt_minitrace_logger.cpp.o[0m
[7.485s] [ 32%] [32mBuilding CXX object CMakeFiles/behaviortree_cpp.dir/src/loggers/bt_observer.cpp.o[0m
[7.569s] [ 33%] [32mBuilding CXX object CMakeFiles/behaviortree_cpp.dir/3rdparty/tinyxml2/tinyxml2.cpp.o[0m
[7.730s] [ 33%] [32mBuilding CXX object CMakeFiles/behaviortree_cpp.dir/3rdparty/minitrace/minitrace.cpp.o[0m
[7.866s] [ 34%] [32mBuilding CXX object CMakeFiles/behaviortree_cpp.dir/src/loggers/groot2_publisher.cpp.o[0m
[7.983s] [ 35%] [32mBuilding CXX object CMakeFiles/behaviortree_cpp.dir/src/loggers/bt_sqlite_logger.cpp.o[0m
[8.236s] [ 36%] [32mBuilding CXX object CMakeFiles/behaviortree_cpp.dir/src/shared_library_UNIX.cpp.o[0m
[9.608s] [ 36%] [32m[1mLinking CXX static library libgtest.a[0m
[9.676s] [ 36%] Built target gtest
[14.613s] [ 37%] [32m[1mLinking CXX shared library libbehaviortree_cpp.so[0m
[14.726s] [ 37%] Built target behaviortree_cpp
[14.745s] [ 38%] [32mBuilding CXX object sample_nodes/CMakeFiles/bt_sample_nodes.dir/dummy_nodes.cpp.o[0m
[14.745s] [ 41%] [32mBuilding CXX object sample_nodes/CMakeFiles/crossdoor_nodes_dyn.dir/crossdoor_nodes.cpp.o[0m
[14.745s] [ 41%] [32mBuilding CXX object tools/CMakeFiles/bt4_log_cat.dir/bt_log_cat.cpp.o[0m
[14.745s] [ 41%] [32mBuilding CXX object sample_nodes/CMakeFiles/bt_sample_nodes.dir/crossdoor_nodes.cpp.o[0m
[14.745s] [ 42%] [32mBuilding CXX object sample_nodes/CMakeFiles/bt_sample_nodes.dir/movebase_node.cpp.o[0m
[14.746s] [ 43%] [32mBuilding CXX object sample_nodes/CMakeFiles/dummy_nodes_dyn.dir/dummy_nodes.cpp.o[0m
[14.746s] [ 43%] [32mBuilding CXX object sample_nodes/CMakeFiles/movebase_node_dyn.dir/movebase_node.cpp.o[0m
[14.747s] [ 43%] [32mBuilding CXX object tools/CMakeFiles/bt4_plugin_manifest.dir/bt_plugin_manifest.cpp.o[0m
[14.747s] [ 44%] [32mBuilding CXX object examples/CMakeFiles/t01_first_tree_dynamic.dir/t01_build_your_first_tree.cpp.o[0m
[14.747s] [ 45%] [32mBuilding CXX object examples/CMakeFiles/t13_plugin_action.dir/t13_plugin_action.cpp.o[0m
[15.559s] [ 46%] [32m[1mLinking CXX executable bt4_log_cat[0m
[15.697s] [ 46%] Built target bt4_log_cat
[16.644s] [ 47%] [32m[1mLinking CXX executable t01_first_tree_dynamic[0m
[16.720s] [ 47%] Built target t01_first_tree_dynamic
[16.799s] [ 48%] [32m[1mLinking CXX shared library bin/libcrossdoor_nodes_dyn.so[0m
[16.817s] [ 49%] [32m[1mLinking CXX executable bt4_plugin_manifest[0m
[16.878s] [ 49%] Built target crossdoor_nodes_dyn
[16.912s] [ 49%] Built target bt4_plugin_manifest
[17.425s] [ 49%] [32m[1mLinking CXX shared library bin/libdummy_nodes_dyn.so[0m
[17.440s] [ 49%] [32m[1mLinking CXX static library lib/libbt_sample_nodes.a[0m
[17.459s] [ 50%] [32m[1mLinking CXX shared library t13_plugin_action.so[0m
[17.488s] [ 50%] Built target dummy_nodes_dyn
[17.504s] [ 50%] Built target bt_sample_nodes
[17.527s] [ 52%] [32mBuilding CXX object examples/CMakeFiles/t03_generic_ports.dir/t03_generic_ports.cpp.o[0m
[17.527s] [ 52%] [32mBuilding CXX object examples/CMakeFiles/t02_basic_ports.dir/t02_basic_ports.cpp.o[0m
[17.527s] [ 54%] [32mBuilding CXX object examples/CMakeFiles/t05_crossdoor.dir/t05_crossdoor.cpp.o[0m
[17.527s] [ 54%] [32mBuilding CXX object examples/CMakeFiles/t04_reactive_sequence.dir/t04_reactive_sequence.cpp.o[0m
[17.529s] [ 54%] [32mBuilding CXX object tests/CMakeFiles/behaviortree_cpp_test.dir/src/action_test_node.cpp.o[0m
[17.529s] [ 55%] [32mBuilding CXX object examples/CMakeFiles/t06_subtree_port_remapping.dir/t06_subtree_port_remapping.cpp.o[0m
[17.529s] [ 55%] Built target t13_plugin_action
[17.530s] [ 55%] [32mBuilding CXX object examples/CMakeFiles/t01_first_tree_static.dir/t01_build_your_first_tree.cpp.o[0m
[17.530s] [ 55%] [32mBuilding CXX object examples/CMakeFiles/t08_additional_node_args.dir/t08_additional_node_args.cpp.o[0m
[17.536s] [ 56%] [32mBuilding CXX object examples/CMakeFiles/t09_scripting.dir/t09_scripting.cpp.o[0m
[17.540s] [ 57%] [32mBuilding CXX object examples/CMakeFiles/t07_load_multiple_xml.dir/t07_load_multiple_xml.cpp.o[0m
[17.621s] [ 57%] [32mBuilding CXX object examples/CMakeFiles/t10_observer.dir/t10_observer.cpp.o[0m
[17.952s] [ 58%] [32m[1mLinking CXX shared library bin/libmovebase_node_dyn.so[0m
[18.312s] [ 58%] Built target movebase_node_dyn
[18.433s] [ 59%] [32mBuilding CXX object examples/CMakeFiles/t11_replace_rules.dir/t11_replace_rules.cpp.o[0m
[19.095s] [ 60%] [32mBuilding CXX object tests/CMakeFiles/behaviortree_cpp_test.dir/src/condition_test_node.cpp.o[0m
[19.761s] [ 60%] [32m[1mLinking CXX executable t05_crossdoor[0m
[19.974s] [ 61%] [32m[1mLinking CXX executable t07_load_multiple_xml[0m
[19.986s] [ 61%] Built target t05_crossdoor
[20.051s] [ 62%] [32mBuilding CXX object examples/CMakeFiles/t12_groot_howto.dir/t12_groot_howto.cpp.o[0m
[20.124s] [ 62%] Built target t07_load_multiple_xml
[20.189s] [ 63%] [32m[1mLinking CXX executable t08_additional_node_args[0m
[20.223s] [ 64%] [32mBuilding CXX object examples/CMakeFiles/generate_log.dir/generate_log.cpp.o[0m
[20.233s] [ 65%] [32m[1mLinking CXX executable t09_scripting[0m
[20.236s] [ 66%] [32m[1mLinking CXX executable t10_observer[0m
[20.345s] [ 66%] Built target t08_additional_node_args
[20.387s] [ 66%] Built target t10_observer
[20.403s] [ 67%] [32mBuilding CXX object examples/CMakeFiles/ex01_wrap_legacy.dir/ex01_wrap_legacy.cpp.o[0m
[20.447s] [ 68%] [32mBuilding CXX object examples/CMakeFiles/ex02_runtime_ports.dir/ex02_runtime_ports.cpp.o[0m
[20.465s] [ 68%] Built target t09_scripting
[20.547s] [ 68%] [32mBuilding CXX object examples/CMakeFiles/ex04_waypoints.dir/ex04_waypoints.cpp.o[0m
[20.618s] [ 69%] [32mBuilding CXX object tests/CMakeFiles/behaviortree_cpp_test.dir/gtest_any.cpp.o[0m
[20.632s] [ 70%] [32m[1mLinking CXX executable t01_first_tree_static[0m
[20.956s] [ 70%] Built target t01_first_tree_static
[20.970s] [ 71%] [32m[1mLinking CXX executable t02_basic_ports[0m
[21.001s] [ 72%] [32mBuilding CXX object examples/CMakeFiles/ex05_subtree_model.dir/ex05_subtree_model.cpp.o[0m
[21.148s] [ 72%] Built target t02_basic_ports
[21.178s] [ 72%] [32mBuilding CXX object examples/CMakeFiles/ex06_access_by_ptr.dir/ex06_access_by_ptr.cpp.o[0m
[21.190s] [ 72%] [32m[1mLinking CXX executable t03_generic_ports[0m
[21.578s] [ 72%] Built target t03_generic_ports
[21.630s] [ 73%] [32mBuilding CXX object tests/CMakeFiles/behaviortree_cpp_test.dir/gtest_blackboard.cpp.o[0m
[21.807s] [ 74%] [32m[1mLinking CXX executable t11_replace_rules[0m
[21.816s] [ 75%] [32m[1mLinking CXX executable t04_reactive_sequence[0m
[21.818s] [ 76%] [32m[1mLinking CXX executable t06_subtree_port_remapping[0m
[21.959s] [ 76%] Built target t11_replace_rules
[21.971s] [ 76%] Built target t04_reactive_sequence
[21.985s] [ 76%] [32mBuilding CXX object tests/CMakeFiles/behaviortree_cpp_test.dir/gtest_coroutines.cpp.o[0m
[22.007s] [ 76%] Built target t06_subtree_port_remapping
[22.021s] [ 77%] [32mBuilding CXX object examples/CMakeFiles/t13_plugin_executor.dir/t13_plugin_executor.cpp.o[0m
[22.051s] [ 78%] [32mBuilding CXX object tests/CMakeFiles/behaviortree_cpp_test.dir/gtest_decorator.cpp.o[0m
[23.165s] [ 79%] [32m[1mLinking CXX executable ex01_wrap_legacy[0m
[23.246s] [ 80%] [32m[1mLinking CXX executable ex05_subtree_model[0m
[23.363s] [ 80%] Built target ex01_wrap_legacy
[23.375s] [ 81%] [32mBuilding CXX object tests/CMakeFiles/behaviortree_cpp_test.dir/gtest_enums.cpp.o[0m
[23.517s] [ 81%] Built target ex05_subtree_model
[23.573s] [ 82%] [32mBuilding CXX object tests/CMakeFiles/behaviortree_cpp_test.dir/gtest_factory.cpp.o[0m
[24.169s] [ 83%] [32m[1mLinking CXX executable ex02_runtime_ports[0m
[24.197s] [ 84%] [32m[1mLinking CXX executable ex06_access_by_ptr[0m
[24.268s] [ 85%] [32m[1mLinking CXX executable generate_log[0m
[24.402s] [ 85%] Built target ex06_access_by_ptr
[24.416s] [ 86%] [32mBuilding CXX object tests/CMakeFiles/behaviortree_cpp_test.dir/gtest_fallback.cpp.o[0m
[24.416s] [ 86%] Built target generate_log
[24.421s] [ 86%] Built target ex02_runtime_ports
[24.426s] [ 86%] [32mBuilding CXX object tests/CMakeFiles/behaviortree_cpp_test.dir/gtest_parallel.cpp.o[0m
[24.457s] [ 87%] [32mBuilding CXX object tests/CMakeFiles/behaviortree_cpp_test.dir/gtest_preconditions.cpp.o[0m
[24.554s] [ 88%] [32m[1mLinking CXX executable t13_plugin_executor[0m
[24.814s] [ 89%] [32m[1mLinking CXX executable ex04_waypoints[0m
[24.870s] [ 89%] Built target t13_plugin_executor
[24.914s] [ 90%] [32mBuilding CXX object tests/CMakeFiles/behaviortree_cpp_test.dir/gtest_ports.cpp.o[0m
[25.065s] [ 90%] Built target ex04_waypoints
[25.078s] [ 91%] [32mBuilding CXX object tests/CMakeFiles/behaviortree_cpp_test.dir/gtest_postconditions.cpp.o[0m
[25.090s] [ 91%] [32mBuilding CXX object tests/CMakeFiles/behaviortree_cpp_test.dir/gtest_match.cpp.o[0m
[25.149s] [ 91%] [32m[1mLinking CXX executable t12_groot_howto[0m
[25.565s] [ 91%] Built target t12_groot_howto
[25.598s] [ 92%] [32mBuilding CXX object tests/CMakeFiles/behaviortree_cpp_test.dir/gtest_json.cpp.o[0m
[26.597s] [ 93%] [32mBuilding CXX object tests/CMakeFiles/behaviortree_cpp_test.dir/gtest_reactive.cpp.o[0m
[26.906s] [ 94%] [32mBuilding CXX object tests/CMakeFiles/behaviortree_cpp_test.dir/gtest_sequence.cpp.o[0m
[26.995s] [ 95%] [32mBuilding CXX object tests/CMakeFiles/behaviortree_cpp_test.dir/gtest_skipping.cpp.o[0m
[28.550s] [ 95%] [32mBuilding CXX object tests/CMakeFiles/behaviortree_cpp_test.dir/gtest_substitution.cpp.o[0m
[29.366s] [ 96%] [32mBuilding CXX object tests/CMakeFiles/behaviortree_cpp_test.dir/gtest_subtree.cpp.o[0m
[29.491s] [ 97%] [32mBuilding CXX object tests/CMakeFiles/behaviortree_cpp_test.dir/gtest_switch.cpp.o[0m
[29.508s] [ 98%] [32mBuilding CXX object tests/CMakeFiles/behaviortree_cpp_test.dir/gtest_tree.cpp.o[0m
[29.673s] [ 99%] [32mBuilding CXX object tests/CMakeFiles/behaviortree_cpp_test.dir/gtest_wakeup.cpp.o[0m
[29.934s] [ 99%] [32mBuilding CXX object tests/CMakeFiles/behaviortree_cpp_test.dir/script_parser_test.cpp.o[0m
[40.443s] [100%] [32m[1mLinking CXX executable behaviortree_cpp_test[0m
[40.616s] [100%] Built target behaviortree_cpp_test
[40.627s] Invoked command in '/home/stinky/Documents/semantic-robot/ros2_ws/build/behaviortree_cpp' returned '0': CMAKE_PREFIX_PATH=${CMAKE_PREFIX_PATH}:/opt/ros/humble /usr/bin/cmake --build /home/stinky/Documents/semantic-robot/ros2_ws/build/behaviortree_cpp -- -j12 -l12
[40.762s] Invoking command in '/home/stinky/Documents/semantic-robot/ros2_ws/build/behaviortree_cpp': CMAKE_PREFIX_PATH=${CMAKE_PREFIX_PATH}:/opt/ros/humble /usr/bin/cmake --install /home/stinky/Documents/semantic-robot/ros2_ws/build/behaviortree_cpp
[40.768s] -- Install configuration: "Release"
[40.769s] -- Installing: /home/stinky/Documents/semantic-robot/ros2_ws/install/behaviortree_cpp/bin/bt4_log_cat
[40.769s] -- Set runtime path of "/home/stinky/Documents/semantic-robot/ros2_ws/install/behaviortree_cpp/bin/bt4_log_cat" to ""
[40.769s] -- Installing: /home/stinky/Documents/semantic-robot/ros2_ws/install/behaviortree_cpp/bin/bt4_plugin_manifest
[40.770s] -- Set runtime path of "/home/stinky/Documents/semantic-robot/ros2_ws/install/behaviortree_cpp/bin/bt4_plugin_manifest" to ""
[40.770s] -- Installing: /home/stinky/Documents/semantic-robot/ros2_ws/install/behaviortree_cpp/lib/libbehaviortree_cpp.so
[40.773s] -- Set runtime path of "/home/stinky/Documents/semantic-robot/ros2_ws/install/behaviortree_cpp/lib/libbehaviortree_cpp.so" to ""
[40.774s] -- Installing: /home/stinky/Documents/semantic-robot/ros2_ws/install/behaviortree_cpp/include
[40.774s] -- Installing: /home/stinky/Documents/semantic-robot/ros2_ws/install/behaviortree_cpp/include/behaviortree_cpp
[40.774s] -- Installing: /home/stinky/Documents/semantic-robot/ros2_ws/install/behaviortree_cpp/include/behaviortree_cpp/json_export.h
[40.774s] -- Installing: /home/stinky/Documents/semantic-robot/ros2_ws/install/behaviortree_cpp/include/behaviortree_cpp/utils
[40.774s] -- Installing: /home/stinky/Documents/semantic-robot/ros2_ws/install/behaviortree_cpp/include/behaviortree_cpp/utils/wakeup_signal.hpp
[40.774s] -- Installing: /home/stinky/Documents/semantic-robot/ros2_ws/install/behaviortree_cpp/include/behaviortree_cpp/utils/strcat.hpp
[40.774s] -- Installing: /home/stinky/Documents/semantic-robot/ros2_ws/install/behaviortree_cpp/include/behaviortree_cpp/utils/safe_any.hpp
[40.774s] -- Installing: /home/stinky/Documents/semantic-robot/ros2_ws/install/behaviortree_cpp/include/behaviortree_cpp/utils/shared_library.h
[40.774s] -- Installing: /home/stinky/Documents/semantic-robot/ros2_ws/install/behaviortree_cpp/include/behaviortree_cpp/utils/signal.h
[40.774s] -- Installing: /home/stinky/Documents/semantic-robot/ros2_ws/install/behaviortree_cpp/include/behaviortree_cpp/utils/convert_impl.hpp
[40.774s] -- Installing: /home/stinky/Documents/semantic-robot/ros2_ws/install/behaviortree_cpp/include/behaviortree_cpp/utils/timer_queue.h
[40.775s] -- Installing: /home/stinky/Documents/semantic-robot/ros2_ws/install/behaviortree_cpp/include/behaviortree_cpp/utils/platform.hpp
[40.775s] -- Installing: /home/stinky/Documents/semantic-robot/ros2_ws/install/behaviortree_cpp/include/behaviortree_cpp/utils/demangle_util.h
[40.775s] -- Installing: /home/stinky/Documents/semantic-robot/ros2_ws/install/behaviortree_cpp/include/behaviortree_cpp/utils/locked_reference.hpp
[40.775s] -- Installing: /home/stinky/Documents/semantic-robot/ros2_ws/install/behaviortree_cpp/include/behaviortree_cpp/utils/simple_string.hpp
[40.775s] -- Installing: /home/stinky/Documents/semantic-robot/ros2_ws/install/behaviortree_cpp/include/behaviortree_cpp/controls
[40.775s] -- Installing: /home/stinky/Documents/semantic-robot/ros2_ws/install/behaviortree_cpp/include/behaviortree_cpp/controls/reactive_sequence.h
[40.775s] -- Installing: /home/stinky/Documents/semantic-robot/ros2_ws/install/behaviortree_cpp/include/behaviortree_cpp/controls/parallel_node.h
[40.775s] -- Installing: /home/stinky/Documents/semantic-robot/ros2_ws/install/behaviortree_cpp/include/behaviortree_cpp/controls/fallback_node.h
[40.775s] -- Installing: /home/stinky/Documents/semantic-robot/ros2_ws/install/behaviortree_cpp/include/behaviortree_cpp/controls/reactive_fallback.h
[40.776s] -- Installing: /home/stinky/Documents/semantic-robot/ros2_ws/install/behaviortree_cpp/include/behaviortree_cpp/controls/sequence_with_memory_node.h
[40.776s] -- Installing: /home/stinky/Documents/semantic-robot/ros2_ws/install/behaviortree_cpp/include/behaviortree_cpp/controls/manual_node.h
[40.776s] -- Installing: /home/stinky/Documents/semantic-robot/ros2_ws/install/behaviortree_cpp/include/behaviortree_cpp/controls/switch_node.h
[40.776s] -- Installing: /home/stinky/Documents/semantic-robot/ros2_ws/install/behaviortree_cpp/include/behaviortree_cpp/controls/sequence_node.h
[40.776s] -- Installing: /home/stinky/Documents/semantic-robot/ros2_ws/install/behaviortree_cpp/include/behaviortree_cpp/controls/parallel_all_node.h
[40.776s] -- Installing: /home/stinky/Documents/semantic-robot/ros2_ws/install/behaviortree_cpp/include/behaviortree_cpp/controls/if_then_else_node.h
[40.776s] -- Installing: /home/stinky/Documents/semantic-robot/ros2_ws/install/behaviortree_cpp/include/behaviortree_cpp/controls/while_do_else_node.h
[40.776s] -- Installing: /home/stinky/Documents/semantic-robot/ros2_ws/install/behaviortree_cpp/include/behaviortree_cpp/action_node.h
[40.776s] -- Installing: /home/stinky/Documents/semantic-robot/ros2_ws/install/behaviortree_cpp/include/behaviortree_cpp/decorators
[40.777s] -- Installing: /home/stinky/Documents/semantic-robot/ros2_ws/install/behaviortree_cpp/include/behaviortree_cpp/decorators/force_failure_node.h
[40.777s] -- Installing: /home/stinky/Documents/semantic-robot/ros2_ws/install/behaviortree_cpp/include/behaviortree_cpp/decorators/keep_running_until_failure_node.h
[40.777s] -- Installing: /home/stinky/Documents/semantic-robot/ros2_ws/install/behaviortree_cpp/include/behaviortree_cpp/decorators/subtree_node.h
[40.777s] -- Installing: /home/stinky/Documents/semantic-robot/ros2_ws/install/behaviortree_cpp/include/behaviortree_cpp/decorators/force_success_node.h
[40.777s] -- Installing: /home/stinky/Documents/semantic-robot/ros2_ws/install/behaviortree_cpp/include/behaviortree_cpp/decorators/timeout_node.h
[40.777s] -- Installing: /home/stinky/Documents/semantic-robot/ros2_ws/install/behaviortree_cpp/include/behaviortree_cpp/decorators/script_precondition.h
[40.777s] -- Installing: /home/stinky/Documents/semantic-robot/ros2_ws/install/behaviortree_cpp/include/behaviortree_cpp/decorators/delay_node.h
[40.777s] -- Installing: /home/stinky/Documents/semantic-robot/ros2_ws/install/behaviortree_cpp/include/behaviortree_cpp/decorators/repeat_node.h
[40.777s] -- Installing: /home/stinky/Documents/semantic-robot/ros2_ws/install/behaviortree_cpp/include/behaviortree_cpp/decorators/inverter_node.h
[40.777s] -- Installing: /home/stinky/Documents/semantic-robot/ros2_ws/install/behaviortree_cpp/include/behaviortree_cpp/decorators/run_once_node.h
[40.778s] -- Installing: /home/stinky/Documents/semantic-robot/ros2_ws/install/behaviortree_cpp/include/behaviortree_cpp/decorators/retry_node.h
[40.778s] -- Installing: /home/stinky/Documents/semantic-robot/ros2_ws/install/behaviortree_cpp/include/behaviortree_cpp/decorators/loop_node.h
[40.778s] -- Installing: /home/stinky/Documents/semantic-robot/ros2_ws/install/behaviortree_cpp/include/behaviortree_cpp/decorators/consume_queue.h
[40.778s] -- Installing: /home/stinky/Documents/semantic-robot/ros2_ws/install/behaviortree_cpp/include/behaviortree_cpp/behavior_tree.h
[40.778s] -- Installing: /home/stinky/Documents/semantic-robot/ros2_ws/install/behaviortree_cpp/include/behaviortree_cpp/scripting
[40.778s] -- Installing: /home/stinky/Documents/semantic-robot/ros2_ws/install/behaviortree_cpp/include/behaviortree_cpp/scripting/script_parser.hpp
[40.778s] -- Installing: /home/stinky/Documents/semantic-robot/ros2_ws/install/behaviortree_cpp/include/behaviortree_cpp/scripting/any_types.hpp
[40.778s] -- Installing: /home/stinky/Documents/semantic-robot/ros2_ws/install/behaviortree_cpp/include/behaviortree_cpp/scripting/operators.hpp
[40.778s] -- Installing: /home/stinky/Documents/semantic-robot/ros2_ws/install/behaviortree_cpp/include/behaviortree_cpp/decorator_node.h
[40.778s] -- Installing: /home/stinky/Documents/semantic-robot/ros2_ws/install/behaviortree_cpp/include/behaviortree_cpp/condition_node.h
[40.779s] -- Installing: /home/stinky/Documents/semantic-robot/ros2_ws/install/behaviortree_cpp/include/behaviortree_cpp/actions
[40.779s] -- Installing: /home/stinky/Documents/semantic-robot/ros2_ws/install/behaviortree_cpp/include/behaviortree_cpp/actions/set_blackboard_node.h
[40.779s] -- Installing: /home/stinky/Documents/semantic-robot/ros2_ws/install/behaviortree_cpp/include/behaviortree_cpp/actions/sleep_node.h
[40.779s] -- Installing: /home/stinky/Documents/semantic-robot/ros2_ws/install/behaviortree_cpp/include/behaviortree_cpp/actions/always_success_node.h
[40.779s] -- Installing: /home/stinky/Documents/semantic-robot/ros2_ws/install/behaviortree_cpp/include/behaviortree_cpp/actions/script_condition.h
[40.779s] -- Installing: /home/stinky/Documents/semantic-robot/ros2_ws/install/behaviortree_cpp/include/behaviortree_cpp/actions/script_node.h
[40.779s] -- Installing: /home/stinky/Documents/semantic-robot/ros2_ws/install/behaviortree_cpp/include/behaviortree_cpp/actions/test_node.h
[40.779s] -- Installing: /home/stinky/Documents/semantic-robot/ros2_ws/install/behaviortree_cpp/include/behaviortree_cpp/actions/always_failure_node.h
[40.779s] -- Installing: /home/stinky/Documents/semantic-robot/ros2_ws/install/behaviortree_cpp/include/behaviortree_cpp/actions/unset_blackboard_node.h
[40.779s] -- Installing: /home/stinky/Documents/semantic-robot/ros2_ws/install/behaviortree_cpp/include/behaviortree_cpp/actions/pop_from_queue.hpp
[40.780s] -- Installing: /home/stinky/Documents/semantic-robot/ros2_ws/install/behaviortree_cpp/include/behaviortree_cpp/leaf_node.h
[40.780s] -- Installing: /home/stinky/Documents/semantic-robot/ros2_ws/install/behaviortree_cpp/include/behaviortree_cpp/loggers
[40.780s] -- Installing: /home/stinky/Documents/semantic-robot/ros2_ws/install/behaviortree_cpp/include/behaviortree_cpp/loggers/groot2_publisher.h
[40.780s] -- Installing: /home/stinky/Documents/semantic-robot/ros2_ws/install/behaviortree_cpp/include/behaviortree_cpp/loggers/abstract_logger.h
[40.780s] -- Installing: /home/stinky/Documents/semantic-robot/ros2_ws/install/behaviortree_cpp/include/behaviortree_cpp/loggers/groot2_protocol.h
[40.780s] -- Installing: /home/stinky/Documents/semantic-robot/ros2_ws/install/behaviortree_cpp/include/behaviortree_cpp/loggers/bt_minitrace_logger.h
[40.780s] -- Installing: /home/stinky/Documents/semantic-robot/ros2_ws/install/behaviortree_cpp/include/behaviortree_cpp/loggers/bt_file_logger.h
[40.780s] -- Installing: /home/stinky/Documents/semantic-robot/ros2_ws/install/behaviortree_cpp/include/behaviortree_cpp/loggers/bt_file_logger_v2.h
[40.780s] -- Installing: /home/stinky/Documents/semantic-robot/ros2_ws/install/behaviortree_cpp/include/behaviortree_cpp/loggers/bt_sqlite_logger.h
[40.780s] -- Installing: /home/stinky/Documents/semantic-robot/ros2_ws/install/behaviortree_cpp/include/behaviortree_cpp/loggers/bt_cout_logger.h
[40.781s] -- Installing: /home/stinky/Documents/semantic-robot/ros2_ws/install/behaviortree_cpp/include/behaviortree_cpp/loggers/bt_observer.h
[40.781s] -- Installing: /home/stinky/Documents/semantic-robot/ros2_ws/install/behaviortree_cpp/include/behaviortree_cpp/contrib
[40.781s] -- Installing: /home/stinky/Documents/semantic-robot/ros2_ws/install/behaviortree_cpp/include/behaviortree_cpp/contrib/any.hpp
[40.781s] -- Installing: /home/stinky/Documents/semantic-robot/ros2_ws/install/behaviortree_cpp/include/behaviortree_cpp/contrib/expected.hpp
[40.781s] -- Installing: /home/stinky/Documents/semantic-robot/ros2_ws/install/behaviortree_cpp/include/behaviortree_cpp/contrib/json.hpp
[40.782s] -- Installing: /home/stinky/Documents/semantic-robot/ros2_ws/install/behaviortree_cpp/include/behaviortree_cpp/contrib/magic_enum.hpp
[40.782s] -- Installing: /home/stinky/Documents/semantic-robot/ros2_ws/install/behaviortree_cpp/include/behaviortree_cpp/tree_node.h
[40.783s] -- Installing: /home/stinky/Documents/semantic-robot/ros2_ws/install/behaviortree_cpp/include/behaviortree_cpp/basic_types.h
[40.783s] -- Installing: /home/stinky/Documents/semantic-robot/ros2_ws/install/behaviortree_cpp/include/behaviortree_cpp/bt_factory.h
[40.783s] -- Installing: /home/stinky/Documents/semantic-robot/ros2_ws/install/behaviortree_cpp/include/behaviortree_cpp/exceptions.h
[40.783s] -- Installing: /home/stinky/Documents/semantic-robot/ros2_ws/install/behaviortree_cpp/include/behaviortree_cpp/blackboard.h
[40.783s] -- Installing: /home/stinky/Documents/semantic-robot/ros2_ws/install/behaviortree_cpp/include/behaviortree_cpp/bt_parser.h
[40.783s] -- Installing: /home/stinky/Documents/semantic-robot/ros2_ws/install/behaviortree_cpp/include/behaviortree_cpp/control_node.h
[40.783s] -- Installing: /home/stinky/Documents/semantic-robot/ros2_ws/install/behaviortree_cpp/include/behaviortree_cpp/xml_parsing.h
[40.783s] -- Installing: /home/stinky/Documents/semantic-robot/ros2_ws/install/behaviortree_cpp/include/behaviortree_cpp/flatbuffers
[40.783s] -- Installing: /home/stinky/Documents/semantic-robot/ros2_ws/install/behaviortree_cpp/include/behaviortree_cpp/flatbuffers/flatbuffers.h
[40.784s] -- Installing: /home/stinky/Documents/semantic-robot/ros2_ws/install/behaviortree_cpp/include/behaviortree_cpp/flatbuffers/bt_flatbuffer_helper.h
[40.784s] -- Installing: /home/stinky/Documents/semantic-robot/ros2_ws/install/behaviortree_cpp/include/behaviortree_cpp/flatbuffers/stl_emulation.h
[40.784s] -- Installing: /home/stinky/Documents/semantic-robot/ros2_ws/install/behaviortree_cpp/include/behaviortree_cpp/flatbuffers/BT_logger_generated.h
[40.784s] -- Installing: /home/stinky/Documents/semantic-robot/ros2_ws/install/behaviortree_cpp/include/behaviortree_cpp/flatbuffers/base.h
[40.784s] -- Installing: /home/stinky/Documents/semantic-robot/ros2_ws/install/behaviortree_cpp/share/behaviortree_cpp/environment/library_path.sh
[40.784s] -- Installing: /home/stinky/Documents/semantic-robot/ros2_ws/install/behaviortree_cpp/share/behaviortree_cpp/environment/library_path.dsv
[40.785s] -- Installing: /home/stinky/Documents/semantic-robot/ros2_ws/install/behaviortree_cpp/share/ament_index/resource_index/package_run_dependencies/behaviortree_cpp
[40.785s] -- Installing: /home/stinky/Documents/semantic-robot/ros2_ws/install/behaviortree_cpp/share/ament_index/resource_index/parent_prefix_path/behaviortree_cpp
[40.785s] -- Installing: /home/stinky/Documents/semantic-robot/ros2_ws/install/behaviortree_cpp/share/behaviortree_cpp/environment/ament_prefix_path.sh
[40.785s] -- Installing: /home/stinky/Documents/semantic-robot/ros2_ws/install/behaviortree_cpp/share/behaviortree_cpp/environment/ament_prefix_path.dsv
[40.785s] -- Installing: /home/stinky/Documents/semantic-robot/ros2_ws/install/behaviortree_cpp/share/behaviortree_cpp/environment/path.sh
[40.785s] -- Installing: /home/stinky/Documents/semantic-robot/ros2_ws/install/behaviortree_cpp/share/behaviortree_cpp/environment/path.dsv
[40.785s] -- Installing: /home/stinky/Documents/semantic-robot/ros2_ws/install/behaviortree_cpp/share/behaviortree_cpp/local_setup.bash
[40.786s] -- Installing: /home/stinky/Documents/semantic-robot/ros2_ws/install/behaviortree_cpp/share/behaviortree_cpp/local_setup.sh
[40.786s] -- Installing: /home/stinky/Documents/semantic-robot/ros2_ws/install/behaviortree_cpp/share/behaviortree_cpp/local_setup.zsh
[40.786s] -- Installing: /home/stinky/Documents/semantic-robot/ros2_ws/install/behaviortree_cpp/share/behaviortree_cpp/local_setup.dsv
[40.786s] -- Installing: /home/stinky/Documents/semantic-robot/ros2_ws/install/behaviortree_cpp/share/behaviortree_cpp/package.dsv
[40.786s] -- Installing: /home/stinky/Documents/semantic-robot/ros2_ws/install/behaviortree_cpp/share/ament_index/resource_index/packages/behaviortree_cpp
[40.786s] -- Installing: /home/stinky/Documents/semantic-robot/ros2_ws/install/behaviortree_cpp/share/behaviortree_cpp/cmake/ament_cmake_export_dependencies-extras.cmake
[40.786s] -- Installing: /home/stinky/Documents/semantic-robot/ros2_ws/install/behaviortree_cpp/share/behaviortree_cpp/cmake/ament_cmake_export_include_directories-extras.cmake
[40.786s] -- Installing: /home/stinky/Documents/semantic-robot/ros2_ws/install/behaviortree_cpp/share/behaviortree_cpp/cmake/ament_cmake_export_libraries-extras.cmake
[40.787s] -- Installing: /home/stinky/Documents/semantic-robot/ros2_ws/install/behaviortree_cpp/share/behaviortree_cpp/cmake/behaviortree_cppConfig.cmake
[40.787s] -- Installing: /home/stinky/Documents/semantic-robot/ros2_ws/install/behaviortree_cpp/share/behaviortree_cpp/cmake/behaviortree_cppConfig-version.cmake
[40.787s] -- Installing: /home/stinky/Documents/semantic-robot/ros2_ws/install/behaviortree_cpp/share/behaviortree_cpp/package.xml
[40.789s] Invoked command in '/home/stinky/Documents/semantic-robot/ros2_ws/build/behaviortree_cpp' returned '0': CMAKE_PREFIX_PATH=${CMAKE_PREFIX_PATH}:/opt/ros/humble /usr/bin/cmake --install /home/stinky/Documents/semantic-robot/ros2_ws/build/behaviortree_cpp
