[0.158s] Invoking command in '/home/stinky/Documents/semantic-robot/ros2_ws/build/behaviortree_cpp': /usr/bin/cmake /home/stinky/Documents/semantic-robot/ros2_ws/src/BehaviorTree.CPP-master -DCATKIN_INSTALL_INTO_PREFIX_ROOT=0 -DCMAKE_INSTALL_PREFIX=/home/stinky/Documents/semantic-robot/ros2_ws/install/behaviortree_cpp
[0.269s] -- ------------------------------------------
[0.269s] -- BehaviourTree is being built using AMENT.
[0.269s] -- ------------------------------------------
[0.270s] -- Found ament_index_cpp: 1.4.0 (/opt/ros/humble/share/ament_index_cpp/cmake)
[0.272s] -- BTCPP_EXTRA_LIBRARIES: $<BUILD_INTERFACE:ament_index_cpp::ament_index_cpp>;$<BUILD_INTERFACE:/usr/lib/x86_64-linux-gnu/libzmq.so>;$<BUILD_INTERFACE:/usr/lib/x86_64-linux-gnu/libsqlite3.so>
[0.273s] -- BTCPP_LIB_DESTINATION:   lib 
[0.273s] -- BTCPP_INCLUDE_DESTINATION: include 
[0.273s] -- BTCPP_UNIT_TESTS:   ON 
[0.273s] -- Found ament_cmake_gtest: 1.3.7 (/opt/ros/humble/share/ament_cmake_gtest/cmake)
[0.274s] -- Found gtest sources under '/opt/ros/humble/src/gtest_vendor': C++ tests using 'Google Test' will be built
[0.325s] -- Configuring done
[0.370s] -- Generating done
[0.374s] -- Build files have been written to: /home/stinky/Documents/semantic-robot/ros2_ws/build/behaviortree_cpp
[0.377s] Invoked command in '/home/stinky/Documents/semantic-robot/ros2_ws/build/behaviortree_cpp' returned '0': /usr/bin/cmake /home/stinky/Documents/semantic-robot/ros2_ws/src/BehaviorTree.CPP-master -DCATKIN_INSTALL_INTO_PREFIX_ROOT=0 -DCMAKE_INSTALL_PREFIX=/home/stinky/Documents/semantic-robot/ros2_ws/install/behaviortree_cpp
[0.379s] Invoking command in '/home/stinky/Documents/semantic-robot/ros2_ws/build/behaviortree_cpp': /usr/bin/cmake --build /home/stinky/Documents/semantic-robot/ros2_ws/build/behaviortree_cpp -- -j12 -l12
[0.410s] [35m[1mConsolidate compiler generated dependencies of target lexy_file[0m
[0.410s] [35m[1mConsolidate compiler generated dependencies of target gtest_main[0m
[0.410s] [35m[1mConsolidate compiler generated dependencies of target gtest[0m
[0.419s] [  2%] Built target lexy_file
[0.421s] [  4%] Built target gtest_main
[0.422s] [  5%] Built target gtest
[0.435s] [35m[1mConsolidate compiler generated dependencies of target behaviortree_cpp[0m
[0.498s] [ 37%] Built target behaviortree_cpp
[0.509s] [35m[1mConsolidate compiler generated dependencies of target crossdoor_nodes_dyn[0m
[0.509s] [35m[1mConsolidate compiler generated dependencies of target t13_plugin_action[0m
[0.509s] [35m[1mConsolidate compiler generated dependencies of target bt4_log_cat[0m
[0.509s] [35m[1mConsolidate compiler generated dependencies of target t01_first_tree_dynamic[0m
[0.509s] [35m[1mConsolidate compiler generated dependencies of target bt4_plugin_manifest[0m
[0.509s] [35m[1mConsolidate compiler generated dependencies of target dummy_nodes_dyn[0m
[0.510s] [35m[1mConsolidate compiler generated dependencies of target bt_sample_nodes[0m
[0.510s] [35m[1mConsolidate compiler generated dependencies of target movebase_node_dyn[0m
[0.522s] [ 39%] Built target crossdoor_nodes_dyn
[0.523s] [ 41%] Built target t13_plugin_action
[0.523s] [ 42%] Built target dummy_nodes_dyn
[0.524s] [ 44%] Built target bt4_log_cat
[0.524s] [ 45%] Built target bt4_plugin_manifest
[0.525s] [ 47%] Built target t01_first_tree_dynamic
[0.526s] [ 48%] Built target movebase_node_dyn
[0.528s] [ 51%] Built target bt_sample_nodes
[0.539s] [35m[1mConsolidate compiler generated dependencies of target t05_crossdoor[0m
[0.539s] [35m[1mConsolidate compiler generated dependencies of target t03_generic_ports[0m
[0.539s] [35m[1mConsolidate compiler generated dependencies of target t02_basic_ports[0m
[0.539s] [35m[1mConsolidate compiler generated dependencies of target t06_subtree_port_remapping[0m
[0.539s] [35m[1mConsolidate compiler generated dependencies of target t04_reactive_sequence[0m
[0.542s] [35m[1mConsolidate compiler generated dependencies of target t01_first_tree_static[0m
[0.542s] [35m[1mConsolidate compiler generated dependencies of target t11_replace_rules[0m
[0.542s] [35m[1mConsolidate compiler generated dependencies of target t08_additional_node_args[0m
[0.544s] [35m[1mConsolidate compiler generated dependencies of target t09_scripting[0m
[0.545s] [35m[1mConsolidate compiler generated dependencies of target t10_observer[0m
[0.552s] [35m[1mConsolidate compiler generated dependencies of target behaviortree_cpp_test[0m
[0.554s] [35m[1mConsolidate compiler generated dependencies of target t07_load_multiple_xml[0m
[0.557s] [ 53%] Built target t02_basic_ports
[0.557s] [ 54%] Built target t03_generic_ports
[0.558s] [ 55%] Built target t05_crossdoor
[0.560s] [ 59%] Built target t04_reactive_sequence
[0.560s] [ 59%] Built target t06_subtree_port_remapping
[0.560s] [ 60%] Built target t01_first_tree_static
[0.562s] [ 61%] Built target t08_additional_node_args
[0.563s] [ 63%] Built target t09_scripting
[0.565s] [ 65%] Built target t11_replace_rules
[0.567s] [ 66%] Built target t10_observer
[0.569s] [35m[1mConsolidate compiler generated dependencies of target generate_log[0m
[0.570s] [35m[1mConsolidate compiler generated dependencies of target t12_groot_howto[0m
[0.571s] [35m[1mConsolidate compiler generated dependencies of target ex01_wrap_legacy[0m
[0.571s] [35m[1mConsolidate compiler generated dependencies of target ex02_runtime_ports[0m
[0.571s] [35m[1mConsolidate compiler generated dependencies of target ex04_waypoints[0m
[0.577s] [ 68%] Built target t07_load_multiple_xml
[0.578s] [35m[1mConsolidate compiler generated dependencies of target ex05_subtree_model[0m
[0.578s] [35m[1mConsolidate compiler generated dependencies of target ex06_access_by_ptr[0m
[0.579s] [35m[1mConsolidate compiler generated dependencies of target t13_plugin_executor[0m
[0.588s] [ 73%] Built target t12_groot_howto
[0.588s] [ 73%] Built target ex01_wrap_legacy
[0.588s] [ 73%] Built target generate_log
[0.588s] [ 75%] Built target ex02_runtime_ports
[0.589s] [ 76%] Built target ex04_waypoints
[0.593s] [ 77%] Built target ex06_access_by_ptr
[0.594s] [ 80%] Built target ex05_subtree_model
[0.594s] [ 81%] Built target t13_plugin_executor
[0.610s] [100%] Built target behaviortree_cpp_test
[0.620s] Invoked command in '/home/stinky/Documents/semantic-robot/ros2_ws/build/behaviortree_cpp' returned '0': /usr/bin/cmake --build /home/stinky/Documents/semantic-robot/ros2_ws/build/behaviortree_cpp -- -j12 -l12
[0.866s] Invoking command in '/home/stinky/Documents/semantic-robot/ros2_ws/build/behaviortree_cpp': /usr/bin/cmake --install /home/stinky/Documents/semantic-robot/ros2_ws/build/behaviortree_cpp
[0.871s] -- Install configuration: "Release"
[0.872s] -- Up-to-date: /home/stinky/Documents/semantic-robot/ros2_ws/install/behaviortree_cpp/bin/bt4_log_cat
[0.872s] -- Up-to-date: /home/stinky/Documents/semantic-robot/ros2_ws/install/behaviortree_cpp/bin/bt4_plugin_manifest
[0.873s] -- Up-to-date: /home/stinky/Documents/semantic-robot/ros2_ws/install/behaviortree_cpp/lib/libbehaviortree_cpp.so
[0.873s] -- Up-to-date: /home/stinky/Documents/semantic-robot/ros2_ws/install/behaviortree_cpp/include
[0.873s] -- Up-to-date: /home/stinky/Documents/semantic-robot/ros2_ws/install/behaviortree_cpp/include/behaviortree_cpp
[0.873s] -- Up-to-date: /home/stinky/Documents/semantic-robot/ros2_ws/install/behaviortree_cpp/include/behaviortree_cpp/json_export.h
[0.873s] -- Up-to-date: /home/stinky/Documents/semantic-robot/ros2_ws/install/behaviortree_cpp/include/behaviortree_cpp/utils
[0.873s] -- Up-to-date: /home/stinky/Documents/semantic-robot/ros2_ws/install/behaviortree_cpp/include/behaviortree_cpp/utils/wakeup_signal.hpp
[0.873s] -- Up-to-date: /home/stinky/Documents/semantic-robot/ros2_ws/install/behaviortree_cpp/include/behaviortree_cpp/utils/strcat.hpp
[0.874s] -- Up-to-date: /home/stinky/Documents/semantic-robot/ros2_ws/install/behaviortree_cpp/include/behaviortree_cpp/utils/safe_any.hpp
[0.874s] -- Up-to-date: /home/stinky/Documents/semantic-robot/ros2_ws/install/behaviortree_cpp/include/behaviortree_cpp/utils/shared_library.h
[0.874s] -- Up-to-date: /home/stinky/Documents/semantic-robot/ros2_ws/install/behaviortree_cpp/include/behaviortree_cpp/utils/signal.h
[0.874s] -- Up-to-date: /home/stinky/Documents/semantic-robot/ros2_ws/install/behaviortree_cpp/include/behaviortree_cpp/utils/convert_impl.hpp
[0.874s] -- Up-to-date: /home/stinky/Documents/semantic-robot/ros2_ws/install/behaviortree_cpp/include/behaviortree_cpp/utils/timer_queue.h
[0.874s] -- Up-to-date: /home/stinky/Documents/semantic-robot/ros2_ws/install/behaviortree_cpp/include/behaviortree_cpp/utils/platform.hpp
[0.874s] -- Up-to-date: /home/stinky/Documents/semantic-robot/ros2_ws/install/behaviortree_cpp/include/behaviortree_cpp/utils/demangle_util.h
[0.874s] -- Up-to-date: /home/stinky/Documents/semantic-robot/ros2_ws/install/behaviortree_cpp/include/behaviortree_cpp/utils/locked_reference.hpp
[0.874s] -- Up-to-date: /home/stinky/Documents/semantic-robot/ros2_ws/install/behaviortree_cpp/include/behaviortree_cpp/utils/simple_string.hpp
[0.874s] -- Up-to-date: /home/stinky/Documents/semantic-robot/ros2_ws/install/behaviortree_cpp/include/behaviortree_cpp/controls
[0.874s] -- Up-to-date: /home/stinky/Documents/semantic-robot/ros2_ws/install/behaviortree_cpp/include/behaviortree_cpp/controls/reactive_sequence.h
[0.874s] -- Up-to-date: /home/stinky/Documents/semantic-robot/ros2_ws/install/behaviortree_cpp/include/behaviortree_cpp/controls/parallel_node.h
[0.874s] -- Up-to-date: /home/stinky/Documents/semantic-robot/ros2_ws/install/behaviortree_cpp/include/behaviortree_cpp/controls/fallback_node.h
[0.875s] -- Up-to-date: /home/stinky/Documents/semantic-robot/ros2_ws/install/behaviortree_cpp/include/behaviortree_cpp/controls/reactive_fallback.h
[0.875s] -- Up-to-date: /home/stinky/Documents/semantic-robot/ros2_ws/install/behaviortree_cpp/include/behaviortree_cpp/controls/sequence_with_memory_node.h
[0.875s] -- Up-to-date: /home/stinky/Documents/semantic-robot/ros2_ws/install/behaviortree_cpp/include/behaviortree_cpp/controls/manual_node.h
[0.875s] -- Up-to-date: /home/stinky/Documents/semantic-robot/ros2_ws/install/behaviortree_cpp/include/behaviortree_cpp/controls/switch_node.h
[0.875s] -- Up-to-date: /home/stinky/Documents/semantic-robot/ros2_ws/install/behaviortree_cpp/include/behaviortree_cpp/controls/sequence_node.h
[0.875s] -- Up-to-date: /home/stinky/Documents/semantic-robot/ros2_ws/install/behaviortree_cpp/include/behaviortree_cpp/controls/parallel_all_node.h
[0.875s] -- Up-to-date: /home/stinky/Documents/semantic-robot/ros2_ws/install/behaviortree_cpp/include/behaviortree_cpp/controls/if_then_else_node.h
[0.875s] -- Up-to-date: /home/stinky/Documents/semantic-robot/ros2_ws/install/behaviortree_cpp/include/behaviortree_cpp/controls/while_do_else_node.h
[0.875s] -- Up-to-date: /home/stinky/Documents/semantic-robot/ros2_ws/install/behaviortree_cpp/include/behaviortree_cpp/action_node.h
[0.875s] -- Up-to-date: /home/stinky/Documents/semantic-robot/ros2_ws/install/behaviortree_cpp/include/behaviortree_cpp/decorators
[0.875s] -- Up-to-date: /home/stinky/Documents/semantic-robot/ros2_ws/install/behaviortree_cpp/include/behaviortree_cpp/decorators/force_failure_node.h
[0.875s] -- Up-to-date: /home/stinky/Documents/semantic-robot/ros2_ws/install/behaviortree_cpp/include/behaviortree_cpp/decorators/keep_running_until_failure_node.h
[0.875s] -- Up-to-date: /home/stinky/Documents/semantic-robot/ros2_ws/install/behaviortree_cpp/include/behaviortree_cpp/decorators/subtree_node.h
[0.875s] -- Up-to-date: /home/stinky/Documents/semantic-robot/ros2_ws/install/behaviortree_cpp/include/behaviortree_cpp/decorators/force_success_node.h
[0.875s] -- Up-to-date: /home/stinky/Documents/semantic-robot/ros2_ws/install/behaviortree_cpp/include/behaviortree_cpp/decorators/timeout_node.h
[0.875s] -- Up-to-date: /home/stinky/Documents/semantic-robot/ros2_ws/install/behaviortree_cpp/include/behaviortree_cpp/decorators/script_precondition.h
[0.876s] -- Up-to-date: /home/stinky/Documents/semantic-robot/ros2_ws/install/behaviortree_cpp/include/behaviortree_cpp/decorators/delay_node.h
[0.876s] -- Up-to-date: /home/stinky/Documents/semantic-robot/ros2_ws/install/behaviortree_cpp/include/behaviortree_cpp/decorators/repeat_node.h
[0.876s] -- Up-to-date: /home/stinky/Documents/semantic-robot/ros2_ws/install/behaviortree_cpp/include/behaviortree_cpp/decorators/inverter_node.h
[0.876s] -- Up-to-date: /home/stinky/Documents/semantic-robot/ros2_ws/install/behaviortree_cpp/include/behaviortree_cpp/decorators/run_once_node.h
[0.876s] -- Up-to-date: /home/stinky/Documents/semantic-robot/ros2_ws/install/behaviortree_cpp/include/behaviortree_cpp/decorators/retry_node.h
[0.876s] -- Up-to-date: /home/stinky/Documents/semantic-robot/ros2_ws/install/behaviortree_cpp/include/behaviortree_cpp/decorators/loop_node.h
[0.876s] -- Up-to-date: /home/stinky/Documents/semantic-robot/ros2_ws/install/behaviortree_cpp/include/behaviortree_cpp/decorators/consume_queue.h
[0.876s] -- Up-to-date: /home/stinky/Documents/semantic-robot/ros2_ws/install/behaviortree_cpp/include/behaviortree_cpp/behavior_tree.h
[0.876s] -- Up-to-date: /home/stinky/Documents/semantic-robot/ros2_ws/install/behaviortree_cpp/include/behaviortree_cpp/scripting
[0.876s] -- Up-to-date: /home/stinky/Documents/semantic-robot/ros2_ws/install/behaviortree_cpp/include/behaviortree_cpp/scripting/script_parser.hpp
[0.876s] -- Up-to-date: /home/stinky/Documents/semantic-robot/ros2_ws/install/behaviortree_cpp/include/behaviortree_cpp/scripting/any_types.hpp
[0.876s] -- Up-to-date: /home/stinky/Documents/semantic-robot/ros2_ws/install/behaviortree_cpp/include/behaviortree_cpp/scripting/operators.hpp
[0.876s] -- Up-to-date: /home/stinky/Documents/semantic-robot/ros2_ws/install/behaviortree_cpp/include/behaviortree_cpp/decorator_node.h
[0.876s] -- Up-to-date: /home/stinky/Documents/semantic-robot/ros2_ws/install/behaviortree_cpp/include/behaviortree_cpp/condition_node.h
[0.876s] -- Up-to-date: /home/stinky/Documents/semantic-robot/ros2_ws/install/behaviortree_cpp/include/behaviortree_cpp/actions
[0.876s] -- Up-to-date: /home/stinky/Documents/semantic-robot/ros2_ws/install/behaviortree_cpp/include/behaviortree_cpp/actions/set_blackboard_node.h
[0.876s] -- Up-to-date: /home/stinky/Documents/semantic-robot/ros2_ws/install/behaviortree_cpp/include/behaviortree_cpp/actions/sleep_node.h
[0.876s] -- Up-to-date: /home/stinky/Documents/semantic-robot/ros2_ws/install/behaviortree_cpp/include/behaviortree_cpp/actions/always_success_node.h
[0.877s] -- Up-to-date: /home/stinky/Documents/semantic-robot/ros2_ws/install/behaviortree_cpp/include/behaviortree_cpp/actions/script_condition.h
[0.877s] -- Up-to-date: /home/stinky/Documents/semantic-robot/ros2_ws/install/behaviortree_cpp/include/behaviortree_cpp/actions/script_node.h
[0.877s] -- Up-to-date: /home/stinky/Documents/semantic-robot/ros2_ws/install/behaviortree_cpp/include/behaviortree_cpp/actions/test_node.h
[0.877s] -- Up-to-date: /home/stinky/Documents/semantic-robot/ros2_ws/install/behaviortree_cpp/include/behaviortree_cpp/actions/always_failure_node.h
[0.877s] -- Up-to-date: /home/stinky/Documents/semantic-robot/ros2_ws/install/behaviortree_cpp/include/behaviortree_cpp/actions/unset_blackboard_node.h
[0.877s] -- Up-to-date: /home/stinky/Documents/semantic-robot/ros2_ws/install/behaviortree_cpp/include/behaviortree_cpp/actions/pop_from_queue.hpp
[0.877s] -- Up-to-date: /home/stinky/Documents/semantic-robot/ros2_ws/install/behaviortree_cpp/include/behaviortree_cpp/leaf_node.h
[0.877s] -- Up-to-date: /home/stinky/Documents/semantic-robot/ros2_ws/install/behaviortree_cpp/include/behaviortree_cpp/loggers
[0.877s] -- Up-to-date: /home/stinky/Documents/semantic-robot/ros2_ws/install/behaviortree_cpp/include/behaviortree_cpp/loggers/groot2_publisher.h
[0.877s] -- Up-to-date: /home/stinky/Documents/semantic-robot/ros2_ws/install/behaviortree_cpp/include/behaviortree_cpp/loggers/abstract_logger.h
[0.877s] -- Up-to-date: /home/stinky/Documents/semantic-robot/ros2_ws/install/behaviortree_cpp/include/behaviortree_cpp/loggers/groot2_protocol.h
[0.877s] -- Up-to-date: /home/stinky/Documents/semantic-robot/ros2_ws/install/behaviortree_cpp/include/behaviortree_cpp/loggers/bt_minitrace_logger.h
[0.877s] -- Up-to-date: /home/stinky/Documents/semantic-robot/ros2_ws/install/behaviortree_cpp/include/behaviortree_cpp/loggers/bt_file_logger.h
[0.877s] -- Up-to-date: /home/stinky/Documents/semantic-robot/ros2_ws/install/behaviortree_cpp/include/behaviortree_cpp/loggers/bt_file_logger_v2.h
[0.877s] -- Up-to-date: /home/stinky/Documents/semantic-robot/ros2_ws/install/behaviortree_cpp/include/behaviortree_cpp/loggers/bt_sqlite_logger.h
[0.877s] -- Up-to-date: /home/stinky/Documents/semantic-robot/ros2_ws/install/behaviortree_cpp/include/behaviortree_cpp/loggers/bt_cout_logger.h
[0.877s] -- Up-to-date: /home/stinky/Documents/semantic-robot/ros2_ws/install/behaviortree_cpp/include/behaviortree_cpp/loggers/bt_observer.h
[0.877s] -- Up-to-date: /home/stinky/Documents/semantic-robot/ros2_ws/install/behaviortree_cpp/include/behaviortree_cpp/contrib
[0.877s] -- Up-to-date: /home/stinky/Documents/semantic-robot/ros2_ws/install/behaviortree_cpp/include/behaviortree_cpp/contrib/any.hpp
[0.877s] -- Up-to-date: /home/stinky/Documents/semantic-robot/ros2_ws/install/behaviortree_cpp/include/behaviortree_cpp/contrib/expected.hpp
[0.878s] -- Up-to-date: /home/stinky/Documents/semantic-robot/ros2_ws/install/behaviortree_cpp/include/behaviortree_cpp/contrib/json.hpp
[0.878s] -- Up-to-date: /home/stinky/Documents/semantic-robot/ros2_ws/install/behaviortree_cpp/include/behaviortree_cpp/contrib/magic_enum.hpp
[0.878s] -- Up-to-date: /home/stinky/Documents/semantic-robot/ros2_ws/install/behaviortree_cpp/include/behaviortree_cpp/tree_node.h
[0.878s] -- Up-to-date: /home/stinky/Documents/semantic-robot/ros2_ws/install/behaviortree_cpp/include/behaviortree_cpp/basic_types.h
[0.878s] -- Up-to-date: /home/stinky/Documents/semantic-robot/ros2_ws/install/behaviortree_cpp/include/behaviortree_cpp/bt_factory.h
[0.878s] -- Up-to-date: /home/stinky/Documents/semantic-robot/ros2_ws/install/behaviortree_cpp/include/behaviortree_cpp/exceptions.h
[0.879s] -- Up-to-date: /home/stinky/Documents/semantic-robot/ros2_ws/install/behaviortree_cpp/include/behaviortree_cpp/blackboard.h
[0.879s] -- Up-to-date: /home/stinky/Documents/semantic-robot/ros2_ws/install/behaviortree_cpp/include/behaviortree_cpp/bt_parser.h
[0.879s] -- Up-to-date: /home/stinky/Documents/semantic-robot/ros2_ws/install/behaviortree_cpp/include/behaviortree_cpp/control_node.h
[0.879s] -- Up-to-date: /home/stinky/Documents/semantic-robot/ros2_ws/install/behaviortree_cpp/include/behaviortree_cpp/xml_parsing.h
[0.879s] -- Up-to-date: /home/stinky/Documents/semantic-robot/ros2_ws/install/behaviortree_cpp/include/behaviortree_cpp/flatbuffers
[0.879s] -- Up-to-date: /home/stinky/Documents/semantic-robot/ros2_ws/install/behaviortree_cpp/include/behaviortree_cpp/flatbuffers/flatbuffers.h
[0.879s] -- Up-to-date: /home/stinky/Documents/semantic-robot/ros2_ws/install/behaviortree_cpp/include/behaviortree_cpp/flatbuffers/bt_flatbuffer_helper.h
[0.879s] -- Up-to-date: /home/stinky/Documents/semantic-robot/ros2_ws/install/behaviortree_cpp/include/behaviortree_cpp/flatbuffers/stl_emulation.h
[0.880s] -- Up-to-date: /home/stinky/Documents/semantic-robot/ros2_ws/install/behaviortree_cpp/include/behaviortree_cpp/flatbuffers/BT_logger_generated.h
[0.880s] -- Up-to-date: /home/stinky/Documents/semantic-robot/ros2_ws/install/behaviortree_cpp/include/behaviortree_cpp/flatbuffers/base.h
[0.880s] -- Up-to-date: /home/stinky/Documents/semantic-robot/ros2_ws/install/behaviortree_cpp/share/behaviortree_cpp/environment/library_path.sh
[0.880s] -- Installing: /home/stinky/Documents/semantic-robot/ros2_ws/install/behaviortree_cpp/share/behaviortree_cpp/environment/library_path.dsv
[0.880s] -- Up-to-date: /home/stinky/Documents/semantic-robot/ros2_ws/install/behaviortree_cpp/share/ament_index/resource_index/package_run_dependencies/behaviortree_cpp
[0.880s] -- Up-to-date: /home/stinky/Documents/semantic-robot/ros2_ws/install/behaviortree_cpp/share/ament_index/resource_index/parent_prefix_path/behaviortree_cpp
[0.880s] -- Up-to-date: /home/stinky/Documents/semantic-robot/ros2_ws/install/behaviortree_cpp/share/behaviortree_cpp/environment/ament_prefix_path.sh
[0.880s] -- Installing: /home/stinky/Documents/semantic-robot/ros2_ws/install/behaviortree_cpp/share/behaviortree_cpp/environment/ament_prefix_path.dsv
[0.880s] -- Up-to-date: /home/stinky/Documents/semantic-robot/ros2_ws/install/behaviortree_cpp/share/behaviortree_cpp/environment/path.sh
[0.880s] -- Installing: /home/stinky/Documents/semantic-robot/ros2_ws/install/behaviortree_cpp/share/behaviortree_cpp/environment/path.dsv
[0.880s] -- Up-to-date: /home/stinky/Documents/semantic-robot/ros2_ws/install/behaviortree_cpp/share/behaviortree_cpp/local_setup.bash
[0.881s] -- Up-to-date: /home/stinky/Documents/semantic-robot/ros2_ws/install/behaviortree_cpp/share/behaviortree_cpp/local_setup.sh
[0.881s] -- Up-to-date: /home/stinky/Documents/semantic-robot/ros2_ws/install/behaviortree_cpp/share/behaviortree_cpp/local_setup.zsh
[0.881s] -- Installing: /home/stinky/Documents/semantic-robot/ros2_ws/install/behaviortree_cpp/share/behaviortree_cpp/local_setup.dsv
[0.881s] -- Installing: /home/stinky/Documents/semantic-robot/ros2_ws/install/behaviortree_cpp/share/behaviortree_cpp/package.dsv
[0.881s] -- Up-to-date: /home/stinky/Documents/semantic-robot/ros2_ws/install/behaviortree_cpp/share/ament_index/resource_index/packages/behaviortree_cpp
[0.881s] -- Up-to-date: /home/stinky/Documents/semantic-robot/ros2_ws/install/behaviortree_cpp/share/behaviortree_cpp/cmake/ament_cmake_export_dependencies-extras.cmake
[0.881s] -- Up-to-date: /home/stinky/Documents/semantic-robot/ros2_ws/install/behaviortree_cpp/share/behaviortree_cpp/cmake/ament_cmake_export_include_directories-extras.cmake
[0.881s] -- Up-to-date: /home/stinky/Documents/semantic-robot/ros2_ws/install/behaviortree_cpp/share/behaviortree_cpp/cmake/ament_cmake_export_libraries-extras.cmake
[0.881s] -- Up-to-date: /home/stinky/Documents/semantic-robot/ros2_ws/install/behaviortree_cpp/share/behaviortree_cpp/cmake/behaviortree_cppConfig.cmake
[0.881s] -- Up-to-date: /home/stinky/Documents/semantic-robot/ros2_ws/install/behaviortree_cpp/share/behaviortree_cpp/cmake/behaviortree_cppConfig-version.cmake
[0.881s] -- Up-to-date: /home/stinky/Documents/semantic-robot/ros2_ws/install/behaviortree_cpp/share/behaviortree_cpp/package.xml
[0.881s] Invoked command in '/home/stinky/Documents/semantic-robot/ros2_ws/build/behaviortree_cpp' returned '0': /usr/bin/cmake --install /home/stinky/Documents/semantic-robot/ros2_ws/build/behaviortree_cpp
