[0.081s] Invoking command in '/home/stinky/Documents/semantic-robot/ros2_ws/build/bt_plansys_turtlebot': CMAKE_PREFIX_PATH=${CMAKE_PREFIX_PATH}:/opt/ros/humble /usr/bin/cmake --build /home/stinky/Documents/semantic-robot/ros2_ws/build/bt_plansys_turtlebot -- -j12 -l12
[0.114s] [35m[1mConsolidate compiler generated dependencies of target approach_pallet_bt_node[0m
[0.115s] [35m[1mConsolidate compiler generated dependencies of target hello_world_node[0m
[0.128s] [ 25%] Built target recharge_bt_node
[0.128s] [ 33%] Built target lift_fork_bt_node
[0.129s] [ 41%] [32mBuilding CXX object CMakeFiles/move_bt_node.dir/src/bt_nodes/Move.cpp.o[0m
[0.129s] [ 58%] Built target lower_fork_bt_node
[0.129s] [ 75%] Built target approach_pallet_bt_node
[0.139s] [ 91%] Built target hello_world_node
[2.512s] [100%] [32m[1mLinking CXX shared library libmove_bt_node.so[0m
[2.669s] [100%] Built target move_bt_node
[2.678s] Invoked command in '/home/stinky/Documents/semantic-robot/ros2_ws/build/bt_plansys_turtlebot' returned '0': CMAKE_PREFIX_PATH=${CMAKE_PREFIX_PATH}:/opt/ros/humble /usr/bin/cmake --build /home/stinky/Documents/semantic-robot/ros2_ws/build/bt_plansys_turtlebot -- -j12 -l12
[2.718s] Invoking command in '/home/stinky/Documents/semantic-robot/ros2_ws/build/bt_plansys_turtlebot': CMAKE_PREFIX_PATH=${CMAKE_PREFIX_PATH}:/opt/ros/humble /usr/bin/cmake --install /home/stinky/Documents/semantic-robot/ros2_ws/build/bt_plansys_turtlebot
[2.723s] -- Install configuration: ""
[2.724s] -- Execute custom install script
[2.724s] -- Up-to-date symlink: /home/stinky/Documents/semantic-robot/ros2_ws/install/bt_plansys_turtlebot/lib/bt_plansys_turtlebot/hello_world_node
[2.724s] -- Up-to-date symlink: /home/stinky/Documents/semantic-robot/ros2_ws/install/bt_plansys_turtlebot/lib/libmove_bt_node.so
[2.725s] -- Up-to-date symlink: /home/stinky/Documents/semantic-robot/ros2_ws/install/bt_plansys_turtlebot/lib/libapproach_pallet_bt_node.so
[2.725s] -- Up-to-date symlink: /home/stinky/Documents/semantic-robot/ros2_ws/install/bt_plansys_turtlebot/lib/librecharge_bt_node.so
[2.725s] -- Up-to-date symlink: /home/stinky/Documents/semantic-robot/ros2_ws/install/bt_plansys_turtlebot/lib/liblift_fork_bt_node.so
[2.725s] -- Up-to-date symlink: /home/stinky/Documents/semantic-robot/ros2_ws/install/bt_plansys_turtlebot/lib/liblower_fork_bt_node.so
[2.725s] -- Up-to-date symlink: /home/stinky/Documents/semantic-robot/ros2_ws/install/bt_plansys_turtlebot/share/ament_index/resource_index/package_run_dependencies/bt_plansys_turtlebot
[2.725s] -- Up-to-date symlink: /home/stinky/Documents/semantic-robot/ros2_ws/install/bt_plansys_turtlebot/share/ament_index/resource_index/parent_prefix_path/bt_plansys_turtlebot
[2.725s] -- Up-to-date symlink: /home/stinky/Documents/semantic-robot/ros2_ws/install/bt_plansys_turtlebot/share/bt_plansys_turtlebot/environment/ament_prefix_path.sh
[2.725s] -- Up-to-date symlink: /home/stinky/Documents/semantic-robot/ros2_ws/install/bt_plansys_turtlebot/share/bt_plansys_turtlebot/environment/ament_prefix_path.dsv
[2.726s] -- Up-to-date symlink: /home/stinky/Documents/semantic-robot/ros2_ws/install/bt_plansys_turtlebot/share/bt_plansys_turtlebot/environment/path.sh
[2.726s] -- Up-to-date symlink: /home/stinky/Documents/semantic-robot/ros2_ws/install/bt_plansys_turtlebot/share/bt_plansys_turtlebot/environment/path.dsv
[2.726s] -- Up-to-date symlink: /home/stinky/Documents/semantic-robot/ros2_ws/install/bt_plansys_turtlebot/share/bt_plansys_turtlebot/local_setup.bash
[2.726s] -- Up-to-date symlink: /home/stinky/Documents/semantic-robot/ros2_ws/install/bt_plansys_turtlebot/share/bt_plansys_turtlebot/local_setup.sh
[2.726s] -- Up-to-date symlink: /home/stinky/Documents/semantic-robot/ros2_ws/install/bt_plansys_turtlebot/share/bt_plansys_turtlebot/local_setup.zsh
[2.726s] -- Up-to-date symlink: /home/stinky/Documents/semantic-robot/ros2_ws/install/bt_plansys_turtlebot/share/bt_plansys_turtlebot/local_setup.dsv
[2.726s] -- Symlinking: /home/stinky/Documents/semantic-robot/ros2_ws/install/bt_plansys_turtlebot/share/bt_plansys_turtlebot/package.dsv
[2.733s] -- Up-to-date symlink: /home/stinky/Documents/semantic-robot/ros2_ws/install/bt_plansys_turtlebot/share/ament_index/resource_index/packages/bt_plansys_turtlebot
[2.733s] -- Up-to-date symlink: /home/stinky/Documents/semantic-robot/ros2_ws/install/bt_plansys_turtlebot/share/bt_plansys_turtlebot/cmake/ament_cmake_export_dependencies-extras.cmake
[2.734s] -- Up-to-date symlink: /home/stinky/Documents/semantic-robot/ros2_ws/install/bt_plansys_turtlebot/share/bt_plansys_turtlebot/cmake/bt_plansys_turtlebotConfig.cmake
[2.734s] -- Up-to-date symlink: /home/stinky/Documents/semantic-robot/ros2_ws/install/bt_plansys_turtlebot/share/bt_plansys_turtlebot/cmake/bt_plansys_turtlebotConfig-version.cmake
[2.734s] -- Up-to-date symlink: /home/stinky/Documents/semantic-robot/ros2_ws/install/bt_plansys_turtlebot/share/bt_plansys_turtlebot/package.xml
[2.735s] Invoked command in '/home/stinky/Documents/semantic-robot/ros2_ws/build/bt_plansys_turtlebot' returned '0': CMAKE_PREFIX_PATH=${CMAKE_PREFIX_PATH}:/opt/ros/humble /usr/bin/cmake --install /home/stinky/Documents/semantic-robot/ros2_ws/build/bt_plansys_turtlebot
