[  8%] [32mBuilding CXX object CMakeFiles/recharge_bt_node.dir/src/bt_nodes/Recharge.cpp.o[0m
[ 16%] [32mBuilding CXX object CMakeFiles/hello_world_node.dir/src/hello_world_node.cpp.o[0m
[ 25%] [32mBuilding CXX object CMakeFiles/lower_fork_bt_node.dir/src/bt_nodes/LowerFork.cpp.o[0m
[ 33%] [32mBuilding CXX object CMakeFiles/lift_fork_bt_node.dir/src/bt_nodes/LiftFork.cpp.o[0m
[ 41%] [32mBuilding CXX object CMakeFiles/move_bt_node.dir/src/bt_nodes/Move.cpp.o[0m
[ 50%] [32mBuilding CXX object CMakeFiles/approach_pallet_bt_node.dir/src/bt_nodes/ApproachPallet.cpp.o[0m
[01m[K/home/stinky/Documents/semantic-robot/ros2_ws/src/bt_plansys_turtlebot/src/hello_world_node.cpp:1:10:[m[K [01;31m[Kfatal error: [m[Krclcpp/rclcpp.hpp: No such file or directory
    1 | #include [01;31m[K"rclcpp/rclcpp.hpp"[m[K
      |          [01;31m[K^~~~~~~~~~~~~~~~~~~[m[K
compilation terminated.
gmake[2]: *** [CMakeFiles/hello_world_node.dir/build.make:76: CMakeFiles/hello_world_node.dir/src/hello_world_node.cpp.o] Error 1
gmake[1]: *** [CMakeFiles/Makefile2:277: CMakeFiles/hello_world_node.dir/all] Error 2
gmake[1]: *** Waiting for unfinished jobs....
[ 58%] [32m[1mLinking CXX shared library librecharge_bt_node.so[0m
[ 66%] [32m[1mLinking CXX shared library liblower_fork_bt_node.so[0m
[ 75%] [32m[1mLinking CXX shared library libapproach_pallet_bt_node.so[0m
[ 83%] [32m[1mLinking CXX shared library liblift_fork_bt_node.so[0m
[ 91%] [32m[1mLinking CXX shared library libmove_bt_node.so[0m
[ 91%] Built target recharge_bt_node
[ 91%] Built target approach_pallet_bt_node
[ 91%] Built target lower_fork_bt_node
[ 91%] Built target move_bt_node
[ 91%] Built target lift_fork_bt_node
gmake: *** [Makefile:146: all] Error 2
