[0.056s] Invoking command in '/home/ros/semantic_ws/ros2_ws/build/bt_plansys_turtlebot': CMAKE_PREFIX_PATH=${CMAKE_PREFIX_PATH}:/root/plansys2_ws/install/turtlebot3_teleop:/root/plansys2_ws/install/turtlebot3_example:/root/plansys2_ws/install/nav2_simple_commander:/opt/ros/rolling /usr/bin/cmake /home/ros/semantic_ws/ros2_ws/src/bt_plansys_turtlebot -DAMENT_CMAKE_SYMLINK_INSTALL=1 -DCMAKE_INSTALL_PREFIX=/home/ros/semantic_ws/ros2_ws/install/bt_plansys_turtlebot
[0.128s] -- The C compiler identification is GNU 11.4.0
[0.180s] -- The CXX compiler identification is GNU 11.4.0
[0.188s] -- Detecting C compiler ABI info
[0.279s] -- Detecting C compiler ABI info - done
[0.284s] -- Check for working C compiler: /usr/bin/cc - skipped
[0.284s] -- Detecting C compile features
[0.284s] -- Detecting C compile features - done
[0.286s] -- Detecting CXX compiler ABI info
[0.384s] -- Detecting CXX compiler ABI info - done
[0.389s] -- Check for working CXX compiler: /usr/bin/c++ - skipped
[0.389s] -- Detecting CXX compile features
[0.389s] -- Detecting CXX compile features - done
[0.403s] -- Found ament_cmake: 2.3.2 (/opt/ros/rolling/share/ament_cmake/cmake)
[0.596s] -- Found Python3: /usr/bin/python3.10 (found version "3.10.12") found components: Interpreter 
[0.649s] -- Override CMake install command with custom implementation using symlinks instead of copying resources
[0.834s] -- Found ament_index_cpp: 1.7.0 (/opt/ros/rolling/share/ament_index_cpp/cmake)
[0.848s] -- Found rclcpp: 27.0.0 (/opt/ros/rolling/share/rclcpp/cmake)
[0.999s] -- Found rosidl_generator_c: 4.5.1 (/opt/ros/rolling/share/rosidl_generator_c/cmake)
[1.043s] -- Found rosidl_generator_cpp: 4.5.1 (/opt/ros/rolling/share/rosidl_generator_cpp/cmake)
[1.093s] -- Using all available rosidl_typesupport_c: rosidl_typesupport_fastrtps_c;rosidl_typesupport_introspection_c
[1.145s] -- Using all available rosidl_typesupport_cpp: rosidl_typesupport_fastrtps_cpp;rosidl_typesupport_introspection_cpp
[1.380s] -- Found rmw_implementation_cmake: 7.3.0 (/opt/ros/rolling/share/rmw_implementation_cmake/cmake)
[1.395s] -- Found rmw_fastrtps_cpp: 8.2.0 (/opt/ros/rolling/share/rmw_fastrtps_cpp/cmake)
[1.588s] -- Found OpenSSL: /usr/lib/x86_64-linux-gnu/libcrypto.so (found version "3.0.2")  
[1.633s] -- Found FastRTPS: /opt/ros/rolling/include  
[1.709s] -- Using RMW implementation 'rmw_fastrtps_cpp' as default
[1.917s] -- Found rclcpp_action: 27.0.0 (/opt/ros/rolling/share/rclcpp_action/cmake)
[2.055s] -- Found geometry_msgs: 5.3.0 (/opt/ros/rolling/share/geometry_msgs/cmake)
[2.144s] -- Found tf2_geometry_msgs: 0.36.0 (/opt/ros/rolling/share/tf2_geometry_msgs/cmake)
[2.206s] -- Found eigen3_cmake_module: 0.3.0 (/opt/ros/rolling/share/eigen3_cmake_module/cmake)
[2.207s] -- Found Eigen3: TRUE (found version "3.4.0") 
[2.208s] -- Ensuring Eigen3 include directory is part of orocos-kdl CMake target
[2.552s] -- Found nav2_msgs: 1.2.0 (/root/plansys2_ws/install/nav2_msgs/share/nav2_msgs/cmake)
[3.017s] -- Found plansys2_msgs: 2.0.9 (/root/plansys2_ws/install/plansys2_msgs/share/plansys2_msgs/cmake)
[3.223s] -- Found plansys2_executor: 2.0.9 (/root/plansys2_ws/install/plansys2_executor/share/plansys2_executor/cmake)
[5.658s] -- Found plansys2_bt_actions: 2.0.9 (/root/plansys2_ws/install/plansys2_bt_actions/share/plansys2_bt_actions/cmake)
[12.905s] -- Found ament_lint_auto: 0.16.3 (/opt/ros/rolling/share/ament_lint_auto/cmake)
[13.050s] -- Added test 'cppcheck' to perform static code analysis on C / C++ code
[13.050s] -- Configured cppcheck include dirs: /home/ros/semantic_ws/ros2_ws/src/bt_plansys_turtlebot/include
[13.050s] -- Configured cppcheck exclude dirs and/or files: 
[13.052s] -- Added test 'flake8' to check Python code syntax and style conventions
[13.052s] -- Configured 'flake8' exclude dirs and/or files: 
[13.054s] -- Added test 'lint_cmake' to check CMake code style
[13.055s] -- Added test 'pep257' to check Python code against some of the docstring style conventions in PEP 257
[13.058s] -- Added test 'uncrustify' to check C / C++ code style
[13.058s] -- Configured uncrustify additional arguments: 
[13.059s] -- Added test 'xmllint' to check XML markup files
[13.063s] -- Configuring done
[13.103s] -- Generating done
[13.105s] -- Build files have been written to: /home/ros/semantic_ws/ros2_ws/build/bt_plansys_turtlebot
[13.114s] Invoked command in '/home/ros/semantic_ws/ros2_ws/build/bt_plansys_turtlebot' returned '0': CMAKE_PREFIX_PATH=${CMAKE_PREFIX_PATH}:/root/plansys2_ws/install/turtlebot3_teleop:/root/plansys2_ws/install/turtlebot3_example:/root/plansys2_ws/install/nav2_simple_commander:/opt/ros/rolling /usr/bin/cmake /home/ros/semantic_ws/ros2_ws/src/bt_plansys_turtlebot -DAMENT_CMAKE_SYMLINK_INSTALL=1 -DCMAKE_INSTALL_PREFIX=/home/ros/semantic_ws/ros2_ws/install/bt_plansys_turtlebot
[13.116s] Invoking command in '/home/ros/semantic_ws/ros2_ws/build/bt_plansys_turtlebot': CMAKE_PREFIX_PATH=${CMAKE_PREFIX_PATH}:/root/plansys2_ws/install/turtlebot3_teleop:/root/plansys2_ws/install/turtlebot3_example:/root/plansys2_ws/install/nav2_simple_commander:/opt/ros/rolling /usr/bin/cmake --build /home/ros/semantic_ws/ros2_ws/build/bt_plansys_turtlebot -- -j12 -l12
[13.204s] [ 50%] [32mBuilding CXX object CMakeFiles/navigate_bt_node.dir/src/bt_nodes/Navigate.cpp.o[0m
[17.630s] [100%] [32m[1mLinking CXX shared library libnavigate_bt_node.so[0m
[17.979s] [100%] Built target navigate_bt_node
[17.994s] Invoked command in '/home/ros/semantic_ws/ros2_ws/build/bt_plansys_turtlebot' returned '0': CMAKE_PREFIX_PATH=${CMAKE_PREFIX_PATH}:/root/plansys2_ws/install/turtlebot3_teleop:/root/plansys2_ws/install/turtlebot3_example:/root/plansys2_ws/install/nav2_simple_commander:/opt/ros/rolling /usr/bin/cmake --build /home/ros/semantic_ws/ros2_ws/build/bt_plansys_turtlebot -- -j12 -l12
[18.067s] Invoking command in '/home/ros/semantic_ws/ros2_ws/build/bt_plansys_turtlebot': CMAKE_PREFIX_PATH=${CMAKE_PREFIX_PATH}:/root/plansys2_ws/install/turtlebot3_teleop:/root/plansys2_ws/install/turtlebot3_example:/root/plansys2_ws/install/nav2_simple_commander:/opt/ros/rolling /usr/bin/cmake --install /home/ros/semantic_ws/ros2_ws/build/bt_plansys_turtlebot
[18.079s] -- Install configuration: ""
[18.079s] -- Execute custom install script
[18.080s] -- Symlinking: /home/ros/semantic_ws/ros2_ws/install/bt_plansys_turtlebot/share/bt_plansys_turtlebot/bt_xml/navigate.xml
[18.093s] -- Symlinking: /home/ros/semantic_ws/ros2_ws/install/bt_plansys_turtlebot/share/bt_plansys_turtlebot/config/params.yaml
[18.106s] -- Symlinking: /home/ros/semantic_ws/ros2_ws/install/bt_plansys_turtlebot/share/bt_plansys_turtlebot/launch/bt_plansys_turtlebot.launch.py
[18.118s] -- Symlinking: /home/ros/semantic_ws/ros2_ws/install/bt_plansys_turtlebot/share/bt_plansys_turtlebot/pddl/domain.pddl
[18.131s] -- Symlinking: /home/ros/semantic_ws/ros2_ws/install/bt_plansys_turtlebot/lib/libnavigate_bt_node.so
[18.144s] -- Symlinking: /home/ros/semantic_ws/ros2_ws/install/bt_plansys_turtlebot/share/ament_index/resource_index/package_run_dependencies/bt_plansys_turtlebot
[18.157s] -- Symlinking: /home/ros/semantic_ws/ros2_ws/install/bt_plansys_turtlebot/share/ament_index/resource_index/parent_prefix_path/bt_plansys_turtlebot
[18.170s] -- Symlinking: /home/ros/semantic_ws/ros2_ws/install/bt_plansys_turtlebot/share/bt_plansys_turtlebot/environment/ament_prefix_path.sh
[18.183s] -- Symlinking: /home/ros/semantic_ws/ros2_ws/install/bt_plansys_turtlebot/share/bt_plansys_turtlebot/environment/ament_prefix_path.dsv
[18.195s] -- Symlinking: /home/ros/semantic_ws/ros2_ws/install/bt_plansys_turtlebot/share/bt_plansys_turtlebot/environment/path.sh
[18.208s] -- Symlinking: /home/ros/semantic_ws/ros2_ws/install/bt_plansys_turtlebot/share/bt_plansys_turtlebot/environment/path.dsv
[18.220s] -- Symlinking: /home/ros/semantic_ws/ros2_ws/install/bt_plansys_turtlebot/share/bt_plansys_turtlebot/local_setup.bash
[18.233s] -- Symlinking: /home/ros/semantic_ws/ros2_ws/install/bt_plansys_turtlebot/share/bt_plansys_turtlebot/local_setup.sh
[18.246s] -- Symlinking: /home/ros/semantic_ws/ros2_ws/install/bt_plansys_turtlebot/share/bt_plansys_turtlebot/local_setup.zsh
[18.258s] -- Symlinking: /home/ros/semantic_ws/ros2_ws/install/bt_plansys_turtlebot/share/bt_plansys_turtlebot/local_setup.dsv
[18.272s] -- Symlinking: /home/ros/semantic_ws/ros2_ws/install/bt_plansys_turtlebot/share/bt_plansys_turtlebot/package.dsv
[18.284s] -- Symlinking: /home/ros/semantic_ws/ros2_ws/install/bt_plansys_turtlebot/share/ament_index/resource_index/packages/bt_plansys_turtlebot
[18.298s] -- Symlinking: /home/ros/semantic_ws/ros2_ws/install/bt_plansys_turtlebot/share/bt_plansys_turtlebot/cmake/ament_cmake_export_dependencies-extras.cmake
[18.310s] -- Symlinking: /home/ros/semantic_ws/ros2_ws/install/bt_plansys_turtlebot/share/bt_plansys_turtlebot/cmake/bt_plansys_turtlebotConfig.cmake
[18.323s] -- Symlinking: /home/ros/semantic_ws/ros2_ws/install/bt_plansys_turtlebot/share/bt_plansys_turtlebot/cmake/bt_plansys_turtlebotConfig-version.cmake
[18.337s] -- Symlinking: /home/ros/semantic_ws/ros2_ws/install/bt_plansys_turtlebot/share/bt_plansys_turtlebot/package.xml
[18.351s] Invoked command in '/home/ros/semantic_ws/ros2_ws/build/bt_plansys_turtlebot' returned '0': CMAKE_PREFIX_PATH=${CMAKE_PREFIX_PATH}:/root/plansys2_ws/install/turtlebot3_teleop:/root/plansys2_ws/install/turtlebot3_example:/root/plansys2_ws/install/nav2_simple_commander:/opt/ros/rolling /usr/bin/cmake --install /home/ros/semantic_ws/ros2_ws/build/bt_plansys_turtlebot
