[0.116s] Invoking command in '/home/stinky/Documents/semantic-robot/ros2_ws/build/nav2_msgs': AMENT_PREFIX_PATH=/home/stinky/Documents/semantic-robot/ros2_ws/install/nav2_common:${AMENT_PREFIX_PATH} CMAKE_PREFIX_PATH=/home/stinky/Documents/semantic-robot/ros2_ws/install/nav2_common:/opt/ros/humble PYTHONPATH=/home/stinky/Documents/semantic-robot/ros2_ws/install/nav2_common/local/lib/python3.10/dist-packages:${PYTHONPATH} /usr/bin/cmake /home/stinky/Documents/semantic-robot/ros2_ws/src/navigation2/nav2_msgs -DAMENT_CMAKE_SYMLINK_INSTALL=1 -DCMAKE_INSTALL_PREFIX=/home/stinky/Documents/semantic-robot/ros2_ws/install/nav2_msgs
[0.172s] -- The C compiler identification is GNU 11.4.0
[0.234s] -- The CXX compiler identification is GNU 11.4.0
[0.241s] -- Detecting C compiler ABI info
[0.313s] -- Detecting C compiler ABI info - done
[0.323s] -- Check for working C compiler: /usr/bin/cc - skipped
[0.323s] -- Detecting C compile features
[0.324s] -- Detecting C compile features - done
[0.328s] -- Detecting CXX compiler ABI info
[0.416s] -- Detecting CXX compiler ABI info - done
[0.426s] -- Check for working CXX compiler: /usr/bin/c++ - skipped
[0.427s] -- Detecting CXX compile features
[0.428s] -- Detecting CXX compile features - done
[0.431s] -- Found ament_cmake: 1.3.8 (/opt/ros/humble/share/ament_cmake/cmake)
[0.611s] -- Found Python3: /usr/bin/python3 (found version "3.10.12") found components: Interpreter 
[0.690s] -- Override CMake install command with custom implementation using symlinks instead of copying resources
[0.737s] -- Found nav2_common: 1.2.0 (/home/stinky/Documents/semantic-robot/ros2_ws/install/nav2_common/share/nav2_common/cmake)
[0.745s] -- Found builtin_interfaces: 1.2.1 (/opt/ros/humble/share/builtin_interfaces/cmake)
[0.845s] -- Found rosidl_generator_c: 3.1.5 (/opt/ros/humble/share/rosidl_generator_c/cmake)
[0.866s] -- Found rosidl_adapter: 3.1.5 (/opt/ros/humble/share/rosidl_adapter/cmake)
[0.880s] -- Found rosidl_generator_cpp: 3.1.5 (/opt/ros/humble/share/rosidl_generator_cpp/cmake)
[0.921s] -- Using all available rosidl_typesupport_c: rosidl_typesupport_fastrtps_c;rosidl_typesupport_introspection_c
[0.979s] -- Using all available rosidl_typesupport_cpp: rosidl_typesupport_fastrtps_cpp;rosidl_typesupport_introspection_cpp
[1.023s] -- Found nav_msgs: 4.2.3 (/opt/ros/humble/share/nav_msgs/cmake)
[1.375s] -- Found rosidl_default_generators: 1.2.0 (/opt/ros/humble/share/rosidl_default_generators/cmake)
[1.420s] [33mCMake Warning at CMakeLists.txt:11 (find_package):
[1.420s]   By not providing "Findgeographic_msgs.cmake" in CMAKE_MODULE_PATH this
[1.420s]   project has asked CMake to find a package configuration file provided by
[1.420s]   "geographic_msgs", but CMake did not find one.
[1.420s] 
[1.420s]   Could not find a package configuration file provided by "geographic_msgs"
[1.420s]   with any of the following names:
[1.421s] 
[1.421s]     geographic_msgsConfig.cmake
[1.421s]     geographic_msgs-config.cmake
[1.421s] 
[1.421s]   Add the installation prefix of "geographic_msgs" to CMAKE_PREFIX_PATH or
[1.421s]   set "geographic_msgs_DIR" to a directory containing one of the above files.
[1.421s]   If "geographic_msgs" provides a separate development package or SDK, be
[1.421s]   sure it has been installed.
[1.421s] 
[1.421s] [0m
[1.426s] -- Found action_msgs: 1.2.1 (/opt/ros/humble/share/action_msgs/cmake)
[1.575s] -- Setting build type to Release as none was specified.
[2.928s] [31mCMake Error at /opt/ros/humble/share/rosidl_cmake/cmake/rosidl_generate_interfaces.cmake:162 (message):
[2.928s]   rosidl_generate_interfaces() the passed dependency 'geographic_msgs' has
[2.928s]   not been found before using find_package()
[2.928s] Call Stack (most recent call first):
[2.928s]   CMakeLists.txt:19 (rosidl_generate_interfaces)
[2.928s] 
[2.928s] [0m
[2.928s] -- Configuring incomplete, errors occurred!
[2.928s] See also "/home/stinky/Documents/semantic-robot/ros2_ws/build/nav2_msgs/CMakeFiles/CMakeOutput.log".
[2.937s] Invoked command in '/home/stinky/Documents/semantic-robot/ros2_ws/build/nav2_msgs' returned '1': AMENT_PREFIX_PATH=/home/stinky/Documents/semantic-robot/ros2_ws/install/nav2_common:${AMENT_PREFIX_PATH} CMAKE_PREFIX_PATH=/home/stinky/Documents/semantic-robot/ros2_ws/install/nav2_common:/opt/ros/humble PYTHONPATH=/home/stinky/Documents/semantic-robot/ros2_ws/install/nav2_common/local/lib/python3.10/dist-packages:${PYTHONPATH} /usr/bin/cmake /home/stinky/Documents/semantic-robot/ros2_ws/src/navigation2/nav2_msgs -DAMENT_CMAKE_SYMLINK_INSTALL=1 -DCMAKE_INSTALL_PREFIX=/home/stinky/Documents/semantic-robot/ros2_ws/install/nav2_msgs
