[0.084s] Invoking command in '/home/stinky/Documents/semantic-robot/ros2_ws/build/bt_plansys_turtlebot': CMAKE_PREFIX_PATH=${CMAKE_PREFIX_PATH}:/opt/ros/humble /usr/bin/cmake --build /home/stinky/Documents/semantic-robot/ros2_ws/build/bt_plansys_turtlebot -- -j12 -l12
[0.137s] [ 16%] Built target lower_fork_bt_node
[0.138s] [ 33%] Built target lift_fork_bt_node
[0.138s] [ 50%] Built target approach_pallet_bt_node
[0.142s] [ 83%] Built target recharge_bt_node
[0.142s] [ 83%] Built target nav2_action_server_node
[0.143s] [100%] Built target navigate_bt_node
[0.153s] Invoked command in '/home/stinky/Documents/semantic-robot/ros2_ws/build/bt_plansys_turtlebot' returned '0': CMAKE_PREFIX_PATH=${CMAKE_PREFIX_PATH}:/opt/ros/humble /usr/bin/cmake --build /home/stinky/Documents/semantic-robot/ros2_ws/build/bt_plansys_turtlebot -- -j12 -l12
[0.211s] Invoking command in '/home/stinky/Documents/semantic-robot/ros2_ws/build/bt_plansys_turtlebot': CMAKE_PREFIX_PATH=${CMAKE_PREFIX_PATH}:/opt/ros/humble /usr/bin/cmake --install /home/stinky/Documents/semantic-robot/ros2_ws/build/bt_plansys_turtlebot
[0.220s] -- Install configuration: ""
[0.223s] -- Execute custom install script
[0.224s] -- Up-to-date symlink: /home/stinky/Documents/semantic-robot/ros2_ws/install/bt_plansys_turtlebot/share/bt_plansys_turtlebot/bt_xml/navigate.xml
[0.225s] -- Up-to-date symlink: /home/stinky/Documents/semantic-robot/ros2_ws/install/bt_plansys_turtlebot/share/bt_plansys_turtlebot/bt_xml/recharge.xml
[0.225s] -- Up-to-date symlink: /home/stinky/Documents/semantic-robot/ros2_ws/install/bt_plansys_turtlebot/share/bt_plansys_turtlebot/bt_xml/transport_advanced.xml
[0.227s] -- Up-to-date symlink: /home/stinky/Documents/semantic-robot/ros2_ws/install/bt_plansys_turtlebot/share/bt_plansys_turtlebot/bt_xml/transport_simple.xml
[0.228s] -- Up-to-date symlink: /home/stinky/Documents/semantic-robot/ros2_ws/install/bt_plansys_turtlebot/share/bt_plansys_turtlebot/config/params.yaml
[0.228s] -- Up-to-date symlink: /home/stinky/Documents/semantic-robot/ros2_ws/install/bt_plansys_turtlebot/share/bt_plansys_turtlebot/pddl/domain.pddl
[0.229s] -- Up-to-date symlink: /home/stinky/Documents/semantic-robot/ros2_ws/install/bt_plansys_turtlebot/lib/bt_plansys_turtlebot/nav2_action_server_node
[0.230s] -- Up-to-date symlink: /home/stinky/Documents/semantic-robot/ros2_ws/install/bt_plansys_turtlebot/lib/libnavigate_bt_node.so
[0.230s] -- Up-to-date symlink: /home/stinky/Documents/semantic-robot/ros2_ws/install/bt_plansys_turtlebot/lib/libapproach_pallet_bt_node.so
[0.231s] -- Up-to-date symlink: /home/stinky/Documents/semantic-robot/ros2_ws/install/bt_plansys_turtlebot/lib/librecharge_bt_node.so
[0.232s] -- Up-to-date symlink: /home/stinky/Documents/semantic-robot/ros2_ws/install/bt_plansys_turtlebot/lib/liblift_fork_bt_node.so
[0.233s] -- Up-to-date symlink: /home/stinky/Documents/semantic-robot/ros2_ws/install/bt_plansys_turtlebot/lib/liblower_fork_bt_node.so
[0.234s] -- Up-to-date symlink: /home/stinky/Documents/semantic-robot/ros2_ws/install/bt_plansys_turtlebot/share/ament_index/resource_index/package_run_dependencies/bt_plansys_turtlebot
[0.234s] -- Up-to-date symlink: /home/stinky/Documents/semantic-robot/ros2_ws/install/bt_plansys_turtlebot/share/ament_index/resource_index/parent_prefix_path/bt_plansys_turtlebot
[0.234s] -- Up-to-date symlink: /home/stinky/Documents/semantic-robot/ros2_ws/install/bt_plansys_turtlebot/share/bt_plansys_turtlebot/environment/ament_prefix_path.sh
[0.234s] -- Up-to-date symlink: /home/stinky/Documents/semantic-robot/ros2_ws/install/bt_plansys_turtlebot/share/bt_plansys_turtlebot/environment/ament_prefix_path.dsv
[0.235s] -- Up-to-date symlink: /home/stinky/Documents/semantic-robot/ros2_ws/install/bt_plansys_turtlebot/share/bt_plansys_turtlebot/environment/path.sh
[0.235s] -- Up-to-date symlink: /home/stinky/Documents/semantic-robot/ros2_ws/install/bt_plansys_turtlebot/share/bt_plansys_turtlebot/environment/path.dsv
[0.235s] -- Up-to-date symlink: /home/stinky/Documents/semantic-robot/ros2_ws/install/bt_plansys_turtlebot/share/bt_plansys_turtlebot/local_setup.bash
[0.235s] -- Up-to-date symlink: /home/stinky/Documents/semantic-robot/ros2_ws/install/bt_plansys_turtlebot/share/bt_plansys_turtlebot/local_setup.sh
[0.236s] -- Up-to-date symlink: /home/stinky/Documents/semantic-robot/ros2_ws/install/bt_plansys_turtlebot/share/bt_plansys_turtlebot/local_setup.zsh
[0.236s] -- Up-to-date symlink: /home/stinky/Documents/semantic-robot/ros2_ws/install/bt_plansys_turtlebot/share/bt_plansys_turtlebot/local_setup.dsv
[0.236s] -- Symlinking: /home/stinky/Documents/semantic-robot/ros2_ws/install/bt_plansys_turtlebot/share/bt_plansys_turtlebot/package.dsv
[0.247s] -- Up-to-date symlink: /home/stinky/Documents/semantic-robot/ros2_ws/install/bt_plansys_turtlebot/share/ament_index/resource_index/packages/bt_plansys_turtlebot
[0.247s] -- Up-to-date symlink: /home/stinky/Documents/semantic-robot/ros2_ws/install/bt_plansys_turtlebot/share/bt_plansys_turtlebot/cmake/ament_cmake_export_dependencies-extras.cmake
[0.248s] -- Up-to-date symlink: /home/stinky/Documents/semantic-robot/ros2_ws/install/bt_plansys_turtlebot/share/bt_plansys_turtlebot/cmake/bt_plansys_turtlebotConfig.cmake
[0.248s] -- Up-to-date symlink: /home/stinky/Documents/semantic-robot/ros2_ws/install/bt_plansys_turtlebot/share/bt_plansys_turtlebot/cmake/bt_plansys_turtlebotConfig-version.cmake
[0.249s] -- Up-to-date symlink: /home/stinky/Documents/semantic-robot/ros2_ws/install/bt_plansys_turtlebot/share/bt_plansys_turtlebot/package.xml
[0.251s] Invoked command in '/home/stinky/Documents/semantic-robot/ros2_ws/build/bt_plansys_turtlebot' returned '0': CMAKE_PREFIX_PATH=${CMAKE_PREFIX_PATH}:/opt/ros/humble /usr/bin/cmake --install /home/stinky/Documents/semantic-robot/ros2_ws/build/bt_plansys_turtlebot
