[  2%] Built target lexy_file
[  4%] Built target gtest_main
[  5%] Built target gtest
[ 37%] Built target behaviortree_cpp
[ 38%] Built target bt4_plugin_manifest
[ 41%] Built target dummy_nodes_dyn
[ 41%] Built target crossdoor_nodes_dyn
[ 43%] Built target t01_first_tree_dynamic
[ 46%] Built target bt_sample_nodes
[ 48%] Built target movebase_node_dyn
[ 49%] Built target bt4_log_cat
[ 51%] Built target t13_plugin_action
[ 53%] Built target t02_basic_ports
[ 54%] Built target t01_first_tree_static
[ 55%] Built target t03_generic_ports
[ 57%] Built target t06_subtree_port_remapping
[ 60%] Built target t07_load_multiple_xml
[ 61%] Built target t04_reactive_sequence
[ 62%] Built target t05_crossdoor
[ 63%] Built target t10_observer
[ 65%] Built target t09_scripting
[ 66%] Built target t08_additional_node_args
[ 68%] Built target t11_replace_rules
[ 87%] Built target behaviortree_cpp_test
[ 89%] Built target generate_log
[ 90%] Built target t12_groot_howto
[ 92%] Built target ex01_wrap_legacy
[ 93%] Built target ex04_waypoints
[ 95%] Built target ex02_runtime_ports
[ 97%] Built target ex05_subtree_model
[ 98%] Built target ex06_access_by_ptr
[100%] Built target t13_plugin_executor
