[0.156s] Invoking command in '/home/stinky/Documents/semantic-robot/ros2_ws/build/behaviortree_cpp': CMAKE_PREFIX_PATH=${CMAKE_PREFIX_PATH}:/opt/ros/humble /usr/bin/cmake --build /home/stinky/Documents/semantic-robot/ros2_ws/build/behaviortree_cpp -- -j12 -l12
[0.199s] [  2%] Built target lexy_file
[0.199s] [  4%] Built target gtest_main
[0.201s] [  5%] Built target gtest
[0.236s] [ 37%] Built target behaviortree_cpp
[0.257s] [ 38%] Built target bt4_plugin_manifest
[0.257s] [ 41%] Built target dummy_nodes_dyn
[0.257s] [ 41%] Built target crossdoor_nodes_dyn
[0.257s] [ 43%] Built target t01_first_tree_dynamic
[0.257s] [ 46%] Built target bt_sample_nodes
[0.258s] [ 48%] Built target movebase_node_dyn
[0.258s] [ 49%] Built target bt4_log_cat
[0.260s] [ 51%] Built target t13_plugin_action
[0.284s] [ 53%] Built target t02_basic_ports
[0.284s] [ 54%] Built target t01_first_tree_static
[0.285s] [ 55%] Built target t03_generic_ports
[0.286s] [ 57%] Built target t06_subtree_port_remapping
[0.287s] [ 60%] Built target t07_load_multiple_xml
[0.287s] [ 61%] Built target t04_reactive_sequence
[0.287s] [ 62%] Built target t05_crossdoor
[0.292s] [ 63%] Built target t10_observer
[0.294s] [ 65%] Built target t09_scripting
[0.296s] [ 66%] Built target t08_additional_node_args
[0.297s] [ 68%] Built target t11_replace_rules
[0.308s] [ 87%] Built target behaviortree_cpp_test
[0.310s] [ 89%] Built target generate_log
[0.310s] [ 90%] Built target t12_groot_howto
[0.312s] [ 92%] Built target ex01_wrap_legacy
[0.312s] [ 93%] Built target ex04_waypoints
[0.314s] [ 95%] Built target ex02_runtime_ports
[0.315s] [ 97%] Built target ex05_subtree_model
[0.317s] [ 98%] Built target ex06_access_by_ptr
[0.321s] [100%] Built target t13_plugin_executor
