[0.276s] Invoking command in '/home/stinky/Documents/semantic-robot/ros2_ws/build/nav2_common': CMAKE_PREFIX_PATH=/opt/ros/humble /usr/bin/cmake --build /home/stinky/Documents/semantic-robot/ros2_ws/build/nav2_common -- -j4 -l4
[0.347s] Built target ament_cmake_python_symlink_nav2_common
[1.960s] running egg_info
[1.961s] writing nav2_common.egg-info/PKG-INFO
[1.961s] writing dependency_links to nav2_common.egg-info/dependency_links.txt
[1.961s] writing top-level names to nav2_common.egg-info/top_level.txt
[1.975s] reading manifest file 'nav2_common.egg-info/SOURCES.txt'
[1.983s] writing manifest file 'nav2_common.egg-info/SOURCES.txt'
[2.099s] Built target ament_cmake_python_build_nav2_common_egg
[2.163s] Invoked command in '/home/stinky/Documents/semantic-robot/ros2_ws/build/nav2_common' returned '0': CMAKE_PREFIX_PATH=/opt/ros/humble /usr/bin/cmake --build /home/stinky/Documents/semantic-robot/ros2_ws/build/nav2_common -- -j4 -l4
[2.468s] Invoking command in '/home/stinky/Documents/semantic-robot/ros2_ws/build/nav2_common': CMAKE_PREFIX_PATH=/opt/ros/humble /usr/bin/cmake --install /home/stinky/Documents/semantic-robot/ros2_ws/build/nav2_common
[2.503s] -- Install configuration: ""
[2.504s] -- Execute custom install script
[2.511s] -- Up-to-date symlink: /home/stinky/Documents/semantic-robot/ros2_ws/install/nav2_common/share/nav2_common/environment/pythonpath.sh
[2.519s] -- Up-to-date symlink: /home/stinky/Documents/semantic-robot/ros2_ws/install/nav2_common/share/nav2_common/environment/pythonpath.dsv
[2.520s] -- Up-to-date symlink: /home/stinky/Documents/semantic-robot/ros2_ws/install/nav2_common/local/lib/python3.10/dist-packages/nav2_common-1.2.0-py3.10.egg-info/PKG-INFO
[2.520s] -- Up-to-date symlink: /home/stinky/Documents/semantic-robot/ros2_ws/install/nav2_common/local/lib/python3.10/dist-packages/nav2_common-1.2.0-py3.10.egg-info/SOURCES.txt
[2.521s] -- Up-to-date symlink: /home/stinky/Documents/semantic-robot/ros2_ws/install/nav2_common/local/lib/python3.10/dist-packages/nav2_common-1.2.0-py3.10.egg-info/dependency_links.txt
[2.521s] -- Up-to-date symlink: /home/stinky/Documents/semantic-robot/ros2_ws/install/nav2_common/local/lib/python3.10/dist-packages/nav2_common-1.2.0-py3.10.egg-info/top_level.txt
[2.522s] -- Up-to-date symlink: /home/stinky/Documents/semantic-robot/ros2_ws/install/nav2_common/local/lib/python3.10/dist-packages/nav2_common/__init__.py
[2.522s] -- Up-to-date symlink: /home/stinky/Documents/semantic-robot/ros2_ws/install/nav2_common/local/lib/python3.10/dist-packages/nav2_common/launch/__init__.py
[2.522s] -- Up-to-date symlink: /home/stinky/Documents/semantic-robot/ros2_ws/install/nav2_common/local/lib/python3.10/dist-packages/nav2_common/launch/has_node_params.py
[2.522s] -- Up-to-date symlink: /home/stinky/Documents/semantic-robot/ros2_ws/install/nav2_common/local/lib/python3.10/dist-packages/nav2_common/launch/parse_multirobot_pose.py
[2.523s] -- Up-to-date symlink: /home/stinky/Documents/semantic-robot/ros2_ws/install/nav2_common/local/lib/python3.10/dist-packages/nav2_common/launch/replace_string.py
[2.523s] -- Up-to-date symlink: /home/stinky/Documents/semantic-robot/ros2_ws/install/nav2_common/local/lib/python3.10/dist-packages/nav2_common/launch/rewritten_yaml.py
[2.523s] -- Up-to-date symlink: /home/stinky/Documents/semantic-robot/ros2_ws/install/nav2_common/share/ament_index/resource_index/package_run_dependencies/nav2_common
[2.524s] -- Up-to-date symlink: /home/stinky/Documents/semantic-robot/ros2_ws/install/nav2_common/share/ament_index/resource_index/parent_prefix_path/nav2_common
[2.524s] -- Up-to-date symlink: /home/stinky/Documents/semantic-robot/ros2_ws/install/nav2_common/share/nav2_common/environment/ament_prefix_path.sh
[2.524s] -- Up-to-date symlink: /home/stinky/Documents/semantic-robot/ros2_ws/install/nav2_common/share/nav2_common/environment/ament_prefix_path.dsv
[2.524s] -- Up-to-date symlink: /home/stinky/Documents/semantic-robot/ros2_ws/install/nav2_common/share/nav2_common/environment/path.sh
[2.525s] -- Up-to-date symlink: /home/stinky/Documents/semantic-robot/ros2_ws/install/nav2_common/share/nav2_common/environment/path.dsv
[2.525s] -- Up-to-date symlink: /home/stinky/Documents/semantic-robot/ros2_ws/install/nav2_common/share/nav2_common/local_setup.bash
[2.531s] -- Up-to-date symlink: /home/stinky/Documents/semantic-robot/ros2_ws/install/nav2_common/share/nav2_common/local_setup.sh
[2.532s] -- Up-to-date symlink: /home/stinky/Documents/semantic-robot/ros2_ws/install/nav2_common/share/nav2_common/local_setup.zsh
[2.532s] -- Up-to-date symlink: /home/stinky/Documents/semantic-robot/ros2_ws/install/nav2_common/share/nav2_common/local_setup.dsv
[2.532s] -- Symlinking: /home/stinky/Documents/semantic-robot/ros2_ws/install/nav2_common/share/nav2_common/package.dsv
[2.588s] -- Up-to-date symlink: /home/stinky/Documents/semantic-robot/ros2_ws/install/nav2_common/share/ament_index/resource_index/packages/nav2_common
[2.588s] -- Up-to-date symlink: /home/stinky/Documents/semantic-robot/ros2_ws/install/nav2_common/share/nav2_common/cmake/nav2_common-extras.cmake
[2.588s] -- Up-to-date symlink: /home/stinky/Documents/semantic-robot/ros2_ws/install/nav2_common/share/nav2_common/cmake/nav2_commonConfig.cmake
[2.589s] -- Up-to-date symlink: /home/stinky/Documents/semantic-robot/ros2_ws/install/nav2_common/share/nav2_common/cmake/nav2_commonConfig-version.cmake
[2.589s] -- Up-to-date symlink: /home/stinky/Documents/semantic-robot/ros2_ws/install/nav2_common/share/nav2_common/package.xml
[2.589s] -- Up-to-date symlink: /home/stinky/Documents/semantic-robot/ros2_ws/install/nav2_common/share/nav2_common/cmake/nav2_package.cmake
[2.739s] Listing '/home/stinky/Documents/semantic-robot/ros2_ws/install/nav2_common/local/lib/python3.10/dist-packages/nav2_common'...
[2.739s] Listing '/home/stinky/Documents/semantic-robot/ros2_ws/install/nav2_common/local/lib/python3.10/dist-packages/nav2_common/launch'...
[2.762s] Invoked command in '/home/stinky/Documents/semantic-robot/ros2_ws/build/nav2_common' returned '0': CMAKE_PREFIX_PATH=/opt/ros/humble /usr/bin/cmake --install /home/stinky/Documents/semantic-robot/ros2_ws/build/nav2_common
